ERROR - 2022-07-12 08:48:59 --> Error connecting to the database: No connection could be made because the target machine actively refused it
CRITICAL - 2022-07-12 08:48:59 --> Unable to connect to the database.
Main connection [MySQLi]: No connection could be made because the target machine actively refused it
in SYSTEMPATH\Database\BaseConnection.php on line 415.
 1 SYSTEMPATH\Database\BaseConnection.php(585): CodeIgniter\Database\BaseConnection->initialize()
 2 SYSTEMPATH\Database\BaseBuilder.php(1585): CodeIgniter\Database\BaseConnection->query('SELECT *
FROM `foto`', [], false)
 3 SYSTEMPATH\Model.php(222): CodeIgniter\Database\BaseBuilder->get()
 4 SYSTEMPATH\BaseModel.php(584): CodeIgniter\Model->doFindAll(0, 0)
 5 APPPATH\Controllers\Login.php(32): CodeIgniter\BaseModel->findAll()
 6 APPPATH\Controllers\Login.php(44): App\Controllers\Login->required()
 7 SYSTEMPATH\CodeIgniter.php(898): App\Controllers\Login->index()
 8 SYSTEMPATH\CodeIgniter.php(468): CodeIgniter\CodeIgniter->runController(Object(App\Controllers\Login))
 9 SYSTEMPATH\CodeIgniter.php(351): CodeIgniter\CodeIgniter->handleRequest(null, Object(Config\Cache), false)
10 FCPATH\index.php(55): CodeIgniter\CodeIgniter->run()
11 SYSTEMPATH\Commands\Server\rewrite.php(43): require_once('FCPATH\\index.php')
ERROR - 2022-07-12 11:16:56 --> Error connecting to the database: A socket operation was attempted to an unreachable host
ERROR - 2022-07-12 11:16:56 --> Error connecting to the database: A socket operation was attempted to an unreachable host
CRITICAL - 2022-07-12 21:54:25 --> syntax error, unexpected token "}", expecting variable or "{" or "$"
in APPPATH\Models\User_Mstr_Model.php on line 18.
 1 SYSTEMPATH\Autoloader\Autoloader.php(261): CodeIgniter\Autoloader\Autoloader->includeFile('APPPATH\\Models\\User_Mstr_Model.php')
 2 SYSTEMPATH\Autoloader\Autoloader.php(239): CodeIgniter\Autoloader\Autoloader->loadInNamespace('App\\Models\\User_Mstr_Model')
 3 APPPATH\Controllers\Admin.php(23): CodeIgniter\Autoloader\Autoloader->loadClass('App\\Models\\User_Mstr_Model')
 4 SYSTEMPATH\CodeIgniter.php(860): App\Controllers\Admin->__construct()
 5 SYSTEMPATH\CodeIgniter.php(459): CodeIgniter\CodeIgniter->createController()
 6 SYSTEMPATH\CodeIgniter.php(351): CodeIgniter\CodeIgniter->handleRequest(null, Object(Config\Cache), false)
 7 FCPATH\index.php(55): CodeIgniter\CodeIgniter->run()
 8 SYSTEMPATH\Commands\Server\rewrite.php(43): require_once('FCPATH\\index.php')
CRITICAL - 2022-07-12 23:45:27 --> Undefined array key "access_token"
in APPPATH\Views\admin\sq.php on line 132.
 1 APPPATH\Views\admin\sq.php(132): CodeIgniter\Debug\Exceptions->errorHandler(2, 'Undefined array key "access_token"', 'APPPATH\\Views\\admin\\sq.php', 132)
 2 SYSTEMPATH\View\View.php(213): include('APPPATH\\Views\\admin\\sq.php')
 3 SYSTEMPATH\View\View.php(216): CodeIgniter\View\View->CodeIgniter\View\{closure}()
 4 SYSTEMPATH\Common.php(1135): CodeIgniter\View\View->render('admin/sq', [], true)
 5 APPPATH\Controllers\Admin.php(116): view('admin/sq', [...])
 6 SYSTEMPATH\CodeIgniter.php(898): App\Controllers\Admin->sq()
 7 SYSTEMPATH\CodeIgniter.php(468): CodeIgniter\CodeIgniter->runController(Object(App\Controllers\Admin))
 8 SYSTEMPATH\CodeIgniter.php(351): CodeIgniter\CodeIgniter->handleRequest(null, Object(Config\Cache), false)
 9 FCPATH\index.php(55): CodeIgniter\CodeIgniter->run()
10 SYSTEMPATH\Commands\Server\rewrite.php(43): require_once('FCPATH\\index.php')
