ERROR - 2022-07-29 10:19:29 --> Unknown column 'pricelistd_pricelistt_code' in 'where clause'
ERROR - 2022-07-29 10:52:39 --> You have an error in your SQL syntax; check the manual that corresponds to your MariaDB server version for the right syntax to use near '`IN` = ('JL','BJ')' at line 8
ERROR - 2022-07-29 10:53:02 --> You have an error in your SQL syntax; check the manual that corresponds to your MariaDB server version for the right syntax to use near '`IN` = ('JL','BJ')' at line 8
CRITICAL - 2022-07-29 13:42:39 --> Class "App\Controllers\Sqd_Raw_Material_Model_Model" not found
in APPPATH\Controllers\Sq.php on line 26.
 1 SYSTEMPATH\CodeIgniter.php(860): App\Controllers\Sq->__construct()
 2 SYSTEMPATH\CodeIgniter.php(459): CodeIgniter\CodeIgniter->createController()
 3 SYSTEMPATH\CodeIgniter.php(351): CodeIgniter\CodeIgniter->handleRequest(null, Object(Config\Cache), false)
 4 FCPATH\index.php(55): CodeIgniter\CodeIgniter->run()
 5 SYSTEMPATH\Commands\Server\rewrite.php(43): require_once('FCPATH\\index.php')
CRITICAL - 2022-07-29 01:52:06 --> syntax error, unexpected token "else"
in APPPATH\Controllers\Sq.php on line 707.
 1 SYSTEMPATH\Autoloader\Autoloader.php(261): CodeIgniter\Autoloader\Autoloader->includeFile('APPPATH\\Controllers\\Sq.php')
 2 SYSTEMPATH\Autoloader\Autoloader.php(239): CodeIgniter\Autoloader\Autoloader->loadInNamespace('App\\Controllers\\Sq')
 3 [internal function]: CodeIgniter\Autoloader\Autoloader->loadClass('App\\Controllers\\Sq')
 4 SYSTEMPATH\CodeIgniter.php(848): class_exists('\\App\\Controllers\\Sq', true)
 5 SYSTEMPATH\CodeIgniter.php(455): CodeIgniter\CodeIgniter->startController()
 6 SYSTEMPATH\CodeIgniter.php(351): CodeIgniter\CodeIgniter->handleRequest(null, Object(Config\Cache), false)
 7 FCPATH\index.php(55): CodeIgniter\CodeIgniter->run()
 8 SYSTEMPATH\Commands\Server\rewrite.php(43): require_once('FCPATH\\index.php')
