CRITICAL - 2022-06-22 21:38:52 --> Undefined variable $pengguna
in APPPATH\Views\login\reset_password.php on line 19.
 1 APPPATH\Views\login\reset_password.php(19): CodeIgniter\Debug\Exceptions->errorHandler(2, 'Undefined variable $pengguna', 'APPPATH\\Views\\login\\reset_password.php', 19)
 2 SYSTEMPATH\View\View.php(213): include('APPPATH\\Views\\login\\reset_password.php')
 3 SYSTEMPATH\View\View.php(216): CodeIgniter\View\View->CodeIgniter\View\{closure}()
 4 SYSTEMPATH\Common.php(1135): CodeIgniter\View\View->render('login/reset_password', [], true)
 5 APPPATH\Controllers\Login.php(273): view('login/reset_password', [...])
 6 SYSTEMPATH\CodeIgniter.php(898): App\Controllers\Login->reset_password('adde34617ca783080f613f7cf4f6aa4e')
 7 SYSTEMPATH\CodeIgniter.php(468): CodeIgniter\CodeIgniter->runController(Object(App\Controllers\Login))
 8 SYSTEMPATH\CodeIgniter.php(351): CodeIgniter\CodeIgniter->handleRequest(null, Object(Config\Cache), false)
 9 FCPATH\index.php(55): CodeIgniter\CodeIgniter->run()
10 SYSTEMPATH\Commands\Server\rewrite.php(43): require_once('FCPATH\\index.php')
CRITICAL - 2022-06-22 23:44:44 --> syntax error, unexpected token "]"
in APPPATH\Controllers\Shift.php on line 65.
 1 SYSTEMPATH\Autoloader\Autoloader.php(261): CodeIgniter\Autoloader\Autoloader->includeFile('APPPATH\\Controllers\\Shift.php')
 2 SYSTEMPATH\Autoloader\Autoloader.php(239): CodeIgniter\Autoloader\Autoloader->loadInNamespace('App\\Controllers\\shift')
 3 [internal function]: CodeIgniter\Autoloader\Autoloader->loadClass('App\\Controllers\\shift')
 4 SYSTEMPATH\CodeIgniter.php(848): class_exists('\\App\\Controllers\\shift', true)
 5 SYSTEMPATH\CodeIgniter.php(455): CodeIgniter\CodeIgniter->startController()
 6 SYSTEMPATH\CodeIgniter.php(351): CodeIgniter\CodeIgniter->handleRequest(null, Object(Config\Cache), false)
 7 FCPATH\index.php(55): CodeIgniter\CodeIgniter->run()
 8 SYSTEMPATH\Commands\Server\rewrite.php(43): require_once('FCPATH\\index.php')
