ERROR - 2022-12-07 00:21:00 --> Error connecting to the database: No connection could be made because the target machine actively refused it
CRITICAL - 2022-12-07 00:21:00 --> Unable to connect to the database.
Main connection [MySQLi]: No connection could be made because the target machine actively refused it
in SYSTEMPATH\Database\BaseConnection.php on line 415.
 1 SYSTEMPATH\Database\BaseConnection.php(585): CodeIgniter\Database\BaseConnection->initialize()
 2 SYSTEMPATH\Database\BaseBuilder.php(1585): CodeIgniter\Database\BaseConnection->query('SELECT *
FROM `user_mstr`
WHERE `user_name` = :user_name:
 LIMIT 1', [...], false)
 3 SYSTEMPATH\Model.php(249): CodeIgniter\Database\BaseBuilder->get()
 4 SYSTEMPATH\BaseModel.php(622): CodeIgniter\Model->doFirst()
 5 APPPATH\Models\User_Mstr_Model.php(21): CodeIgniter\BaseModel->first()
 6 APPPATH\Helpers\jwt_helper.php(22): App\Models\User_Mstr_Model->get_User_Name('admin_warehouse')
 7 APPPATH\Filters\Auth_Admin.php(23): validate_JWT('eyJ0eXAiOiJKV1QiLCJhbGciOiJIUzI1NiJ9.eyJ1c2VyX25hbWUiOiJhZG1pbl93YXJlaG91c2UiLCJpYXQiOjE2NzAzOTMwMTgsImV4cCI6MTY3MDk5NzgxOH0.V3Wpaf3PtSS9jqBQOLcGYTFIr-TetXdHZnzWizDiSYM')
 8 SYSTEMPATH\Filters\Filters.php(173): App\Filters\Auth_Admin->before(Object(CodeIgniter\HTTP\IncomingRequest), null)
 9 SYSTEMPATH\CodeIgniter.php(442): CodeIgniter\Filters\Filters->run('en/admin', 'before')
10 SYSTEMPATH\CodeIgniter.php(351): CodeIgniter\CodeIgniter->handleRequest(null, Object(Config\Cache), false)
11 FCPATH\index.php(55): CodeIgniter\CodeIgniter->run()
12 SYSTEMPATH\Commands\Server\rewrite.php(43): require_once('FCPATH\\index.php')
ERROR - 2022-12-07 00:21:05 --> Error connecting to the database: No connection could be made because the target machine actively refused it
CRITICAL - 2022-12-07 00:21:05 --> Unable to connect to the database.
Main connection [MySQLi]: No connection could be made because the target machine actively refused it
in SYSTEMPATH\Database\BaseConnection.php on line 415.
 1 SYSTEMPATH\Database\BaseConnection.php(585): CodeIgniter\Database\BaseConnection->initialize()
 2 SYSTEMPATH\Database\BaseBuilder.php(1585): CodeIgniter\Database\BaseConnection->query('SELECT *
FROM `user_mstr`
WHERE `user_name` = :user_name:
 LIMIT 1', [...], false)
 3 SYSTEMPATH\Model.php(249): CodeIgniter\Database\BaseBuilder->get()
 4 SYSTEMPATH\BaseModel.php(622): CodeIgniter\Model->doFirst()
 5 APPPATH\Models\User_Mstr_Model.php(21): CodeIgniter\BaseModel->first()
 6 APPPATH\Helpers\jwt_helper.php(22): App\Models\User_Mstr_Model->get_User_Name('admin_warehouse')
 7 APPPATH\Filters\Auth_Admin.php(23): validate_JWT('eyJ0eXAiOiJKV1QiLCJhbGciOiJIUzI1NiJ9.eyJ1c2VyX25hbWUiOiJhZG1pbl93YXJlaG91c2UiLCJpYXQiOjE2NzAzOTMwMTgsImV4cCI6MTY3MDk5NzgxOH0.V3Wpaf3PtSS9jqBQOLcGYTFIr-TetXdHZnzWizDiSYM')
 8 SYSTEMPATH\Filters\Filters.php(173): App\Filters\Auth_Admin->before(Object(CodeIgniter\HTTP\IncomingRequest), null)
 9 SYSTEMPATH\CodeIgniter.php(442): CodeIgniter\Filters\Filters->run('en/admin', 'before')
10 SYSTEMPATH\CodeIgniter.php(351): CodeIgniter\CodeIgniter->handleRequest(null, Object(Config\Cache), false)
11 FCPATH\index.php(55): CodeIgniter\CodeIgniter->run()
12 SYSTEMPATH\Commands\Server\rewrite.php(43): require_once('FCPATH\\index.php')
CRITICAL - 2022-12-07 01:50:52 --> Undefined variable $measure_es
in APPPATH\Views\admin\item.php on line 101.
 1 APPPATH\Views\admin\item.php(101): CodeIgniter\Debug\Exceptions->errorHandler(2, 'Undefined variable $measure_es', 'APPPATH\\Views\\admin\\item.php', 101)
 2 SYSTEMPATH\View\View.php(213): include('APPPATH\\Views\\admin\\item.php')
 3 SYSTEMPATH\View\View.php(216): CodeIgniter\View\View->CodeIgniter\View\{closure}()
 4 SYSTEMPATH\Common.php(1135): CodeIgniter\View\View->render('admin/item', [], true)
 5 APPPATH\Controllers\Admin.php(73): view('admin/item', [...])
 6 SYSTEMPATH\CodeIgniter.php(898): App\Controllers\Admin->item()
 7 SYSTEMPATH\CodeIgniter.php(468): CodeIgniter\CodeIgniter->runController(Object(App\Controllers\Admin))
 8 SYSTEMPATH\CodeIgniter.php(351): CodeIgniter\CodeIgniter->handleRequest(null, Object(Config\Cache), false)
 9 FCPATH\index.php(55): CodeIgniter\CodeIgniter->run()
10 SYSTEMPATH\Commands\Server\rewrite.php(43): require_once('FCPATH\\index.php')
ERROR - 2022-12-07 15:54:07 --> Unknown column 'ps_active' in 'where clause'
ERROR - 2022-12-07 15:58:59 --> Unknown column 'psd_det.psd_item_code' in 'on clause'
ERROR - 2022-12-07 15:59:34 --> Unknown column 'ps_mtsr.ps_child_item' in 'on clause'
ERROR - 2022-12-07 16:00:05 --> Unknown column 'ps_mtsr.ps_item' in 'on clause'
ERROR - 2022-12-07 16:00:46 --> Unknown column 'ps_mtsr.ps_item' in 'on clause'
CRITICAL - 2022-12-07 03:11:30 --> Invalid file: admin/ps_add.php
in SYSTEMPATH\Exceptions\FrameworkException.php on line 33.
 1 SYSTEMPATH\View\View.php(201): CodeIgniter\Exceptions\FrameworkException::forInvalidFile('admin/ps_add.php')
 2 SYSTEMPATH\Common.php(1135): CodeIgniter\View\View->render('admin/ps_add', [], true)
 3 APPPATH\Controllers\Admin.php(184): view('admin/ps_add', [...])
 4 SYSTEMPATH\CodeIgniter.php(898): App\Controllers\Admin->ps_add()
 5 SYSTEMPATH\CodeIgniter.php(468): CodeIgniter\CodeIgniter->runController(Object(App\Controllers\Admin))
 6 SYSTEMPATH\CodeIgniter.php(351): CodeIgniter\CodeIgniter->handleRequest(null, Object(Config\Cache), false)
 7 FCPATH\index.php(55): CodeIgniter\CodeIgniter->run()
 8 SYSTEMPATH\Commands\Server\rewrite.php(43): require_once('FCPATH\\index.php')
CRITICAL - 2022-12-07 20:40:51 --> Undefined property: App\Controllers\Admin::$item_mstr
in APPPATH\Controllers\Admin.php on line 181.
 1 APPPATH\Controllers\Admin.php(181): CodeIgniter\Debug\Exceptions->errorHandler(2, 'Undefined property: App\\Controllers\\Admin::$item_mstr', 'APPPATH\\Controllers\\Admin.php', 181)
 2 SYSTEMPATH\CodeIgniter.php(898): App\Controllers\Admin->ps_add()
 3 SYSTEMPATH\CodeIgniter.php(468): CodeIgniter\CodeIgniter->runController(Object(App\Controllers\Admin))
 4 SYSTEMPATH\CodeIgniter.php(351): CodeIgniter\CodeIgniter->handleRequest(null, Object(Config\Cache), false)
 5 FCPATH\index.php(55): CodeIgniter\CodeIgniter->run()
 6 SYSTEMPATH\Commands\Server\rewrite.php(43): require_once('FCPATH\\index.php')
CRITICAL - 2022-12-07 21:32:02 --> Undefined property: App\Controllers\Admin::$ps_mstr
in APPPATH\Controllers\Admin.php on line 184.
 1 APPPATH\Controllers\Admin.php(184): CodeIgniter\Debug\Exceptions->errorHandler(2, 'Undefined property: App\\Controllers\\Admin::$ps_mstr', 'APPPATH\\Controllers\\Admin.php', 184)
 2 SYSTEMPATH\CodeIgniter.php(898): App\Controllers\Admin->ps_add()
 3 SYSTEMPATH\CodeIgniter.php(468): CodeIgniter\CodeIgniter->runController(Object(App\Controllers\Admin))
 4 SYSTEMPATH\CodeIgniter.php(351): CodeIgniter\CodeIgniter->handleRequest(null, Object(Config\Cache), false)
 5 FCPATH\index.php(55): CodeIgniter\CodeIgniter->run()
 6 SYSTEMPATH\Commands\Server\rewrite.php(43): require_once('FCPATH\\index.php')
CRITICAL - 2022-12-07 21:32:32 --> Attempt to read property "ps_item" on array
in APPPATH\Controllers\Admin.php on line 190.
 1 APPPATH\Controllers\Admin.php(190): CodeIgniter\Debug\Exceptions->errorHandler(2, 'Attempt to read property "ps_item" on array', 'APPPATH\\Controllers\\Admin.php', 190)
 2 SYSTEMPATH\CodeIgniter.php(898): App\Controllers\Admin->ps_add()
 3 SYSTEMPATH\CodeIgniter.php(468): CodeIgniter\CodeIgniter->runController(Object(App\Controllers\Admin))
 4 SYSTEMPATH\CodeIgniter.php(351): CodeIgniter\CodeIgniter->handleRequest(null, Object(Config\Cache), false)
 5 FCPATH\index.php(55): CodeIgniter\CodeIgniter->run()
 6 SYSTEMPATH\Commands\Server\rewrite.php(43): require_once('FCPATH\\index.php')
CRITICAL - 2022-12-07 21:32:44 --> Array to string conversion
in SYSTEMPATH\Database\Query.php on line 329.
 1 [internal function]: CodeIgniter\Debug\Exceptions->errorHandler(2, 'Array to string conversion', 'SYSTEMPATH\\Database\\Query.php', 329)
 2 SYSTEMPATH\Database\Query.php(329): implode(',', [...])
 3 SYSTEMPATH\Database\Query.php(310): CodeIgniter\Database\Query->matchNamedBinds('SELECT *
FROM `item_mstr`
JOIN `item_group` ON `item_group`.`itemg_code` = `item_mstr`.`item_group`
JOIN `measure_mstr` ON `measure_mstr`.`measure_code` = `item_mstr`.`item_measure`
WHERE `item_active` = :item_active:
AND `username` `!=` IN :username !=:
ORDER BY `item_name` ASC', [...])
 4 SYSTEMPATH\Database\Query.php(159): CodeIgniter\Database\Query->compileBinds()
 5 SYSTEMPATH\Database\BaseConnection.php(606): CodeIgniter\Database\Query->getQuery()
 6 SYSTEMPATH\Database\BaseBuilder.php(1585): CodeIgniter\Database\BaseConnection->query('SELECT *
FROM `item_mstr`
JOIN `item_group` ON `item_group`.`itemg_code` = `item_mstr`.`item_group`
JOIN `measure_mstr` ON `measure_mstr`.`measure_code` = `item_mstr`.`item_measure`
WHERE `item_active` = :item_active:
AND `username` `!=` IN :username !=:
ORDER BY `item_name` ASC', [...], false)
 7 SYSTEMPATH\Model.php(222): CodeIgniter\Database\BaseBuilder->get()
 8 SYSTEMPATH\BaseModel.php(584): CodeIgniter\Model->doFindAll(0, 0)
 9 APPPATH\Controllers\Admin.php(198): CodeIgniter\BaseModel->findAll()
10 SYSTEMPATH\CodeIgniter.php(898): App\Controllers\Admin->ps_add()
11 SYSTEMPATH\CodeIgniter.php(468): CodeIgniter\CodeIgniter->runController(Object(App\Controllers\Admin))
12 SYSTEMPATH\CodeIgniter.php(351): CodeIgniter\CodeIgniter->handleRequest(null, Object(Config\Cache), false)
13 FCPATH\index.php(55): CodeIgniter\CodeIgniter->run()
14 SYSTEMPATH\Commands\Server\rewrite.php(43): require_once('FCPATH\\index.php')
CRITICAL - 2022-12-07 21:33:42 --> Array to string conversion
in SYSTEMPATH\Database\Query.php on line 329.
 1 [internal function]: CodeIgniter\Debug\Exceptions->errorHandler(2, 'Array to string conversion', 'SYSTEMPATH\\Database\\Query.php', 329)
 2 SYSTEMPATH\Database\Query.php(329): implode(',', [...])
 3 SYSTEMPATH\Database\Query.php(310): CodeIgniter\Database\Query->matchNamedBinds('SELECT *
FROM `item_mstr`
JOIN `item_group` ON `item_group`.`itemg_code` = `item_mstr`.`item_group`
JOIN `measure_mstr` ON `measure_mstr`.`measure_code` = `item_mstr`.`item_measure`
WHERE `item_active` = :item_active:
AND `username` NOT IN :username:
ORDER BY `item_name` ASC', [...])
 4 SYSTEMPATH\Database\Query.php(159): CodeIgniter\Database\Query->compileBinds()
 5 SYSTEMPATH\Database\BaseConnection.php(606): CodeIgniter\Database\Query->getQuery()
 6 SYSTEMPATH\Database\BaseBuilder.php(1585): CodeIgniter\Database\BaseConnection->query('SELECT *
FROM `item_mstr`
JOIN `item_group` ON `item_group`.`itemg_code` = `item_mstr`.`item_group`
JOIN `measure_mstr` ON `measure_mstr`.`measure_code` = `item_mstr`.`item_measure`
WHERE `item_active` = :item_active:
AND `username` NOT IN :username:
ORDER BY `item_name` ASC', [...], false)
 7 SYSTEMPATH\Model.php(222): CodeIgniter\Database\BaseBuilder->get()
 8 SYSTEMPATH\BaseModel.php(584): CodeIgniter\Model->doFindAll(0, 0)
 9 APPPATH\Controllers\Admin.php(198): CodeIgniter\BaseModel->findAll()
10 SYSTEMPATH\CodeIgniter.php(898): App\Controllers\Admin->ps_add()
11 SYSTEMPATH\CodeIgniter.php(468): CodeIgniter\CodeIgniter->runController(Object(App\Controllers\Admin))
12 SYSTEMPATH\CodeIgniter.php(351): CodeIgniter\CodeIgniter->handleRequest(null, Object(Config\Cache), false)
13 FCPATH\index.php(55): CodeIgniter\CodeIgniter->run()
14 SYSTEMPATH\Commands\Server\rewrite.php(43): require_once('FCPATH\\index.php')
ERROR - 2022-12-07 21:33:53 --> Unknown column 'username' in 'where clause'
CRITICAL - 2022-12-07 21:33:53 --> Unknown column 'username' in 'where clause'
in SYSTEMPATH\Database\MySQLi\Connection.php on line 292.
 1 SYSTEMPATH\Database\MySQLi\Connection.php(292): mysqli->query('SELECT *
FROM `item_mstr`
JOIN `item_group` ON `item_group`.`itemg_code` = `item_mstr`.`item_group`
JOIN `measure_mstr` ON `measure_mstr`.`measure_code` = `item_mstr`.`item_measure`
WHERE `item_active` = \'Y\'
AND `username` NOT IN (\'MB-CT-001\')
ORDER BY `item_name` ASC', 0)
 2 SYSTEMPATH\Database\BaseConnection.php(678): CodeIgniter\Database\MySQLi\Connection->execute('SELECT *
FROM `item_mstr`
JOIN `item_group` ON `item_group`.`itemg_code` = `item_mstr`.`item_group`
JOIN `measure_mstr` ON `measure_mstr`.`measure_code` = `item_mstr`.`item_measure`
WHERE `item_active` = \'Y\'
AND `username` NOT IN (\'MB-CT-001\')
ORDER BY `item_name` ASC')
 3 SYSTEMPATH\Database\BaseConnection.php(606): CodeIgniter\Database\BaseConnection->simpleQuery('SELECT *
FROM `item_mstr`
JOIN `item_group` ON `item_group`.`itemg_code` = `item_mstr`.`item_group`
JOIN `measure_mstr` ON `measure_mstr`.`measure_code` = `item_mstr`.`item_measure`
WHERE `item_active` = \'Y\'
AND `username` NOT IN (\'MB-CT-001\')
ORDER BY `item_name` ASC')
 4 SYSTEMPATH\Database\BaseBuilder.php(1585): CodeIgniter\Database\BaseConnection->query('SELECT *
FROM `item_mstr`
JOIN `item_group` ON `item_group`.`itemg_code` = `item_mstr`.`item_group`
JOIN `measure_mstr` ON `measure_mstr`.`measure_code` = `item_mstr`.`item_measure`
WHERE `item_active` = :item_active:
AND `username` NOT IN :username:
ORDER BY `item_name` ASC', [...], false)
 5 SYSTEMPATH\Model.php(222): CodeIgniter\Database\BaseBuilder->get()
 6 SYSTEMPATH\BaseModel.php(584): CodeIgniter\Model->doFindAll(0, 0)
 7 APPPATH\Controllers\Admin.php(198): CodeIgniter\BaseModel->findAll()
 8 SYSTEMPATH\CodeIgniter.php(898): App\Controllers\Admin->ps_add()
 9 SYSTEMPATH\CodeIgniter.php(468): CodeIgniter\CodeIgniter->runController(Object(App\Controllers\Admin))
10 SYSTEMPATH\CodeIgniter.php(351): CodeIgniter\CodeIgniter->handleRequest(null, Object(Config\Cache), false)
11 FCPATH\index.php(55): CodeIgniter\CodeIgniter->run()
12 SYSTEMPATH\Commands\Server\rewrite.php(43): require_once('FCPATH\\index.php')
ERROR - 2022-12-07 21:34:06 --> Unknown column 'ps_item' in 'where clause'
CRITICAL - 2022-12-07 21:34:06 --> Unknown column 'ps_item' in 'where clause'
in SYSTEMPATH\Database\MySQLi\Connection.php on line 292.
 1 SYSTEMPATH\Database\MySQLi\Connection.php(292): mysqli->query('SELECT *
FROM `item_mstr`
JOIN `item_group` ON `item_group`.`itemg_code` = `item_mstr`.`item_group`
JOIN `measure_mstr` ON `measure_mstr`.`measure_code` = `item_mstr`.`item_measure`
WHERE `item_active` = \'Y\'
AND `ps_item` NOT IN (\'MB-CT-001\')
ORDER BY `item_name` ASC', 0)
 2 SYSTEMPATH\Database\BaseConnection.php(678): CodeIgniter\Database\MySQLi\Connection->execute('SELECT *
FROM `item_mstr`
JOIN `item_group` ON `item_group`.`itemg_code` = `item_mstr`.`item_group`
JOIN `measure_mstr` ON `measure_mstr`.`measure_code` = `item_mstr`.`item_measure`
WHERE `item_active` = \'Y\'
AND `ps_item` NOT IN (\'MB-CT-001\')
ORDER BY `item_name` ASC')
 3 SYSTEMPATH\Database\BaseConnection.php(606): CodeIgniter\Database\BaseConnection->simpleQuery('SELECT *
FROM `item_mstr`
JOIN `item_group` ON `item_group`.`itemg_code` = `item_mstr`.`item_group`
JOIN `measure_mstr` ON `measure_mstr`.`measure_code` = `item_mstr`.`item_measure`
WHERE `item_active` = \'Y\'
AND `ps_item` NOT IN (\'MB-CT-001\')
ORDER BY `item_name` ASC')
 4 SYSTEMPATH\Database\BaseBuilder.php(1585): CodeIgniter\Database\BaseConnection->query('SELECT *
FROM `item_mstr`
JOIN `item_group` ON `item_group`.`itemg_code` = `item_mstr`.`item_group`
JOIN `measure_mstr` ON `measure_mstr`.`measure_code` = `item_mstr`.`item_measure`
WHERE `item_active` = :item_active:
AND `ps_item` NOT IN :ps_item:
ORDER BY `item_name` ASC', [...], false)
 5 SYSTEMPATH\Model.php(222): CodeIgniter\Database\BaseBuilder->get()
 6 SYSTEMPATH\BaseModel.php(584): CodeIgniter\Model->doFindAll(0, 0)
 7 APPPATH\Controllers\Admin.php(198): CodeIgniter\BaseModel->findAll()
 8 SYSTEMPATH\CodeIgniter.php(898): App\Controllers\Admin->ps_add()
 9 SYSTEMPATH\CodeIgniter.php(468): CodeIgniter\CodeIgniter->runController(Object(App\Controllers\Admin))
10 SYSTEMPATH\CodeIgniter.php(351): CodeIgniter\CodeIgniter->handleRequest(null, Object(Config\Cache), false)
11 FCPATH\index.php(55): CodeIgniter\CodeIgniter->run()
12 SYSTEMPATH\Commands\Server\rewrite.php(43): require_once('FCPATH\\index.php')
