ERROR - 2022-08-05 01:09:49 --> Error connecting to the database: A socket operation was attempted to an unreachable host
CRITICAL - 2022-08-05 01:09:49 --> Unable to connect to the database.
Main connection [MySQLi]: A socket operation was attempted to an unreachable host
in SYSTEMPATH\Database\BaseConnection.php on line 415.
 1 SYSTEMPATH\Database\BaseConnection.php(585): CodeIgniter\Database\BaseConnection->initialize()
 2 SYSTEMPATH\Database\BaseBuilder.php(1585): CodeIgniter\Database\BaseConnection->query('SELECT *
FROM `user_mstr`
WHERE `user_name` = :user_name:
 LIMIT 1', [...], false)
 3 SYSTEMPATH\Model.php(249): CodeIgniter\Database\BaseBuilder->get()
 4 SYSTEMPATH\BaseModel.php(622): CodeIgniter\Model->doFirst()
 5 APPPATH\Models\User_Mstr_Model.php(22): CodeIgniter\BaseModel->first()
 6 APPPATH\Helpers\jwt_helper.php(22): App\Models\User_Mstr_Model->get_User_Name('ahmadrizal')
 7 APPPATH\Filters\Auth_JWT.php(24): validate_JWT('eyJ0eXAiOiJKV1QiLCJhbGciOiJIUzI1NiJ9.eyJ1c2VyX25hbWUiOiJhaG1hZHJpemFsIiwiaWF0IjoxNjU5NjY4ODkyLCJleHAiOjE2NjAyNzM2OTJ9.p2Kbw_6-dmGR4rQa3rIbFZOG3kzvrxWpIeIGMMfQgXQ')
 8 SYSTEMPATH\Filters\Filters.php(173): App\Filters\Auth_JWT->before(Object(CodeIgniter\HTTP\IncomingRequest), null)
 9 SYSTEMPATH\CodeIgniter.php(442): CodeIgniter\Filters\Filters->run('user/get_user_online', 'before')
10 SYSTEMPATH\CodeIgniter.php(351): CodeIgniter\CodeIgniter->handleRequest(null, Object(Config\Cache), false)
11 FCPATH\index.php(55): CodeIgniter\CodeIgniter->run()
12 SYSTEMPATH\Commands\Server\rewrite.php(43): require_once('FCPATH\\index.php')
ERROR - 2022-08-05 01:09:49 --> Error connecting to the database: A socket operation was attempted to an unreachable host
CRITICAL - 2022-08-05 01:09:49 --> Unable to connect to the database.
Main connection [MySQLi]: A socket operation was attempted to an unreachable host
in SYSTEMPATH\Database\BaseConnection.php on line 415.
 1 SYSTEMPATH\Database\BaseConnection.php(585): CodeIgniter\Database\BaseConnection->initialize()
 2 SYSTEMPATH\Database\BaseBuilder.php(1585): CodeIgniter\Database\BaseConnection->query('SELECT *
FROM `user_mstr`
WHERE `user_name` = :user_name:
 LIMIT 1', [...], false)
 3 SYSTEMPATH\Model.php(249): CodeIgniter\Database\BaseBuilder->get()
 4 SYSTEMPATH\BaseModel.php(622): CodeIgniter\Model->doFirst()
 5 APPPATH\Models\User_Mstr_Model.php(22): CodeIgniter\BaseModel->first()
 6 APPPATH\Helpers\jwt_helper.php(22): App\Models\User_Mstr_Model->get_User_Name('ahmadrizal')
 7 APPPATH\Filters\Auth_JWT.php(24): validate_JWT('eyJ0eXAiOiJKV1QiLCJhbGciOiJIUzI1NiJ9.eyJ1c2VyX25hbWUiOiJhaG1hZHJpemFsIiwiaWF0IjoxNjU5NjY4ODkyLCJleHAiOjE2NjAyNzM2OTJ9.p2Kbw_6-dmGR4rQa3rIbFZOG3kzvrxWpIeIGMMfQgXQ')
 8 SYSTEMPATH\Filters\Filters.php(173): App\Filters\Auth_JWT->before(Object(CodeIgniter\HTTP\IncomingRequest), null)
 9 SYSTEMPATH\CodeIgniter.php(442): CodeIgniter\Filters\Filters->run('user/update_last_activity', 'before')
10 SYSTEMPATH\CodeIgniter.php(351): CodeIgniter\CodeIgniter->handleRequest(null, Object(Config\Cache), false)
11 FCPATH\index.php(55): CodeIgniter\CodeIgniter->run()
12 SYSTEMPATH\Commands\Server\rewrite.php(43): require_once('FCPATH\\index.php')
ERROR - 2022-08-05 13:53:14 --> Duplicate entry 'CS-0008' for key 'PRIMARY'
ERROR - 2022-08-05 03:39:01 --> Error connecting to the database: A socket operation was attempted to an unreachable host
CRITICAL - 2022-08-05 03:39:01 --> Unable to connect to the database.
Main connection [MySQLi]: A socket operation was attempted to an unreachable host
in SYSTEMPATH\Database\BaseConnection.php on line 415.
 1 SYSTEMPATH\Database\BaseConnection.php(585): CodeIgniter\Database\BaseConnection->initialize()
 2 SYSTEMPATH\Database\BaseBuilder.php(1585): CodeIgniter\Database\BaseConnection->query('SELECT *
FROM `user_mstr`
WHERE `user_name` = :user_name:
 LIMIT 1', [...], false)
 3 SYSTEMPATH\Model.php(249): CodeIgniter\Database\BaseBuilder->get()
 4 SYSTEMPATH\BaseModel.php(622): CodeIgniter\Model->doFirst()
 5 APPPATH\Models\User_Mstr_Model.php(22): CodeIgniter\BaseModel->first()
 6 APPPATH\Helpers\jwt_helper.php(22): App\Models\User_Mstr_Model->get_User_Name('ahmadrizal')
 7 APPPATH\Filters\Auth_JWT.php(24): validate_JWT('eyJ0eXAiOiJKV1QiLCJhbGciOiJIUzI1NiJ9.eyJ1c2VyX25hbWUiOiJhaG1hZHJpemFsIiwiaWF0IjoxNjU5NjY4ODkyLCJleHAiOjE2NjAyNzM2OTJ9.p2Kbw_6-dmGR4rQa3rIbFZOG3kzvrxWpIeIGMMfQgXQ')
 8 SYSTEMPATH\Filters\Filters.php(173): App\Filters\Auth_JWT->before(Object(CodeIgniter\HTTP\IncomingRequest), null)
 9 SYSTEMPATH\CodeIgniter.php(442): CodeIgniter\Filters\Filters->run('user/get_user_online', 'before')
10 SYSTEMPATH\CodeIgniter.php(351): CodeIgniter\CodeIgniter->handleRequest(null, Object(Config\Cache), false)
11 FCPATH\index.php(55): CodeIgniter\CodeIgniter->run()
12 SYSTEMPATH\Commands\Server\rewrite.php(43): require_once('FCPATH\\index.php')
ERROR - 2022-08-05 03:39:01 --> Error connecting to the database: A socket operation was attempted to an unreachable host
CRITICAL - 2022-08-05 03:39:01 --> Unable to connect to the database.
Main connection [MySQLi]: A socket operation was attempted to an unreachable host
in SYSTEMPATH\Database\BaseConnection.php on line 415.
 1 SYSTEMPATH\Database\BaseConnection.php(585): CodeIgniter\Database\BaseConnection->initialize()
 2 SYSTEMPATH\Database\BaseBuilder.php(1585): CodeIgniter\Database\BaseConnection->query('SELECT *
FROM `user_mstr`
WHERE `user_name` = :user_name:
 LIMIT 1', [...], false)
 3 SYSTEMPATH\Model.php(249): CodeIgniter\Database\BaseBuilder->get()
 4 SYSTEMPATH\BaseModel.php(622): CodeIgniter\Model->doFirst()
 5 APPPATH\Models\User_Mstr_Model.php(22): CodeIgniter\BaseModel->first()
 6 APPPATH\Helpers\jwt_helper.php(22): App\Models\User_Mstr_Model->get_User_Name('ahmadrizal')
 7 APPPATH\Filters\Auth_JWT.php(24): validate_JWT('eyJ0eXAiOiJKV1QiLCJhbGciOiJIUzI1NiJ9.eyJ1c2VyX25hbWUiOiJhaG1hZHJpemFsIiwiaWF0IjoxNjU5NjY4ODkyLCJleHAiOjE2NjAyNzM2OTJ9.p2Kbw_6-dmGR4rQa3rIbFZOG3kzvrxWpIeIGMMfQgXQ')
 8 SYSTEMPATH\Filters\Filters.php(173): App\Filters\Auth_JWT->before(Object(CodeIgniter\HTTP\IncomingRequest), null)
 9 SYSTEMPATH\CodeIgniter.php(442): CodeIgniter\Filters\Filters->run('user/update_last_activity', 'before')
10 SYSTEMPATH\CodeIgniter.php(351): CodeIgniter\CodeIgniter->handleRequest(null, Object(Config\Cache), false)
11 FCPATH\index.php(55): CodeIgniter\CodeIgniter->run()
12 SYSTEMPATH\Commands\Server\rewrite.php(43): require_once('FCPATH\\index.php')
ERROR - 2022-08-05 03:39:04 --> Error connecting to the database: A socket operation was attempted to an unreachable host
CRITICAL - 2022-08-05 03:39:04 --> Unable to connect to the database.
Main connection [MySQLi]: A socket operation was attempted to an unreachable host
in SYSTEMPATH\Database\BaseConnection.php on line 415.
 1 SYSTEMPATH\Database\BaseConnection.php(585): CodeIgniter\Database\BaseConnection->initialize()
 2 SYSTEMPATH\Database\BaseBuilder.php(1585): CodeIgniter\Database\BaseConnection->query('SELECT *
FROM `user_mstr`
WHERE `user_name` = :user_name:
 LIMIT 1', [...], false)
 3 SYSTEMPATH\Model.php(249): CodeIgniter\Database\BaseBuilder->get()
 4 SYSTEMPATH\BaseModel.php(622): CodeIgniter\Model->doFirst()
 5 APPPATH\Models\User_Mstr_Model.php(22): CodeIgniter\BaseModel->first()
 6 APPPATH\Helpers\jwt_helper.php(22): App\Models\User_Mstr_Model->get_User_Name('ahmadrizal')
 7 APPPATH\Filters\Auth_Admin.php(23): validate_JWT('eyJ0eXAiOiJKV1QiLCJhbGciOiJIUzI1NiJ9.eyJ1c2VyX25hbWUiOiJhaG1hZHJpemFsIiwiaWF0IjoxNjU5NjY4ODkyLCJleHAiOjE2NjAyNzM2OTJ9.p2Kbw_6-dmGR4rQa3rIbFZOG3kzvrxWpIeIGMMfQgXQ')
 8 SYSTEMPATH\Filters\Filters.php(173): App\Filters\Auth_Admin->before(Object(CodeIgniter\HTTP\IncomingRequest), null)
 9 SYSTEMPATH\CodeIgniter.php(442): CodeIgniter\Filters\Filters->run('en/admin/customer', 'before')
10 SYSTEMPATH\CodeIgniter.php(351): CodeIgniter\CodeIgniter->handleRequest(null, Object(Config\Cache), false)
11 FCPATH\index.php(55): CodeIgniter\CodeIgniter->run()
12 SYSTEMPATH\Commands\Server\rewrite.php(43): require_once('FCPATH\\index.php')
