ERROR - 2022-12-08 14:06:44 --> Cannot add or update a child row: a foreign key constraint fails (`joki_kurniawaty_rev1`.`prd_detail`, CONSTRAINT `prd_detail_ibfk_1` FOREIGN KEY (`prd_pr`) REFERENCES `pr_mstr` (`pr_code`) ON DELETE CASCADE ON UPDATE CASCADE)
ERROR - 2022-12-08 14:06:47 --> Cannot add or update a child row: a foreign key constraint fails (`joki_kurniawaty_rev1`.`prd_detail`, CONSTRAINT `prd_detail_ibfk_1` FOREIGN KEY (`prd_pr`) REFERENCES `pr_mstr` (`pr_code`) ON DELETE CASCADE ON UPDATE CASCADE)
ERROR - 2022-12-08 14:06:50 --> Cannot add or update a child row: a foreign key constraint fails (`joki_kurniawaty_rev1`.`prd_detail`, CONSTRAINT `prd_detail_ibfk_1` FOREIGN KEY (`prd_pr`) REFERENCES `pr_mstr` (`pr_code`) ON DELETE CASCADE ON UPDATE CASCADE)
ERROR - 2022-12-08 14:06:53 --> Cannot add or update a child row: a foreign key constraint fails (`joki_kurniawaty_rev1`.`prd_detail`, CONSTRAINT `prd_detail_ibfk_1` FOREIGN KEY (`prd_pr`) REFERENCES `pr_mstr` (`pr_code`) ON DELETE CASCADE ON UPDATE CASCADE)
ERROR - 2022-12-08 14:06:55 --> Cannot add or update a child row: a foreign key constraint fails (`joki_kurniawaty_rev1`.`prd_detail`, CONSTRAINT `prd_detail_ibfk_1` FOREIGN KEY (`prd_pr`) REFERENCES `pr_mstr` (`pr_code`) ON DELETE CASCADE ON UPDATE CASCADE)
ERROR - 2022-12-08 14:06:58 --> Cannot add or update a child row: a foreign key constraint fails (`joki_kurniawaty_rev1`.`prd_detail`, CONSTRAINT `prd_detail_ibfk_1` FOREIGN KEY (`prd_pr`) REFERENCES `pr_mstr` (`pr_code`) ON DELETE CASCADE ON UPDATE CASCADE)
ERROR - 2022-12-08 14:07:00 --> Cannot add or update a child row: a foreign key constraint fails (`joki_kurniawaty_rev1`.`prd_detail`, CONSTRAINT `prd_detail_ibfk_1` FOREIGN KEY (`prd_pr`) REFERENCES `pr_mstr` (`pr_code`) ON DELETE CASCADE ON UPDATE CASCADE)
ERROR - 2022-12-08 14:07:03 --> Cannot add or update a child row: a foreign key constraint fails (`joki_kurniawaty_rev1`.`prd_detail`, CONSTRAINT `prd_detail_ibfk_1` FOREIGN KEY (`prd_pr`) REFERENCES `pr_mstr` (`pr_code`) ON DELETE CASCADE ON UPDATE CASCADE)
ERROR - 2022-12-08 14:07:05 --> Cannot add or update a child row: a foreign key constraint fails (`joki_kurniawaty_rev1`.`prd_detail`, CONSTRAINT `prd_detail_ibfk_1` FOREIGN KEY (`prd_pr`) REFERENCES `pr_mstr` (`pr_code`) ON DELETE CASCADE ON UPDATE CASCADE)
ERROR - 2022-12-08 14:07:08 --> Cannot add or update a child row: a foreign key constraint fails (`joki_kurniawaty_rev1`.`prd_detail`, CONSTRAINT `prd_detail_ibfk_1` FOREIGN KEY (`prd_pr`) REFERENCES `pr_mstr` (`pr_code`) ON DELETE CASCADE ON UPDATE CASCADE)
CRITICAL - 2022-12-08 01:22:36 --> Undefined array key "prd_item_code"
in APPPATH\Views\admin\po_add.php on line 87.
 1 APPPATH\Views\admin\po_add.php(87): CodeIgniter\Debug\Exceptions->errorHandler(2, 'Undefined array key "prd_item_code"', 'APPPATH\\Views\\admin\\po_add.php', 87)
 2 SYSTEMPATH\View\View.php(213): include('APPPATH\\Views\\admin\\po_add.php')
 3 SYSTEMPATH\View\View.php(216): CodeIgniter\View\View->CodeIgniter\View\{closure}()
 4 SYSTEMPATH\Common.php(1135): CodeIgniter\View\View->render('admin/po_add', [], true)
 5 APPPATH\Controllers\Admin.php(161): view('admin/po_add', [...])
 6 SYSTEMPATH\CodeIgniter.php(898): App\Controllers\Admin->po_add('PR-221208-000687')
 7 SYSTEMPATH\CodeIgniter.php(468): CodeIgniter\CodeIgniter->runController(Object(App\Controllers\Admin))
 8 SYSTEMPATH\CodeIgniter.php(351): CodeIgniter\CodeIgniter->handleRequest(null, Object(Config\Cache), false)
 9 FCPATH\index.php(55): CodeIgniter\CodeIgniter->run()
10 SYSTEMPATH\Commands\Server\rewrite.php(43): require_once('FCPATH\\index.php')
CRITICAL - 2022-12-08 01:32:38 --> Undefined array key "item_name"
in APPPATH\Views\admin\po_add.php on line 76.
 1 APPPATH\Views\admin\po_add.php(76): CodeIgniter\Debug\Exceptions->errorHandler(2, 'Undefined array key "item_name"', 'APPPATH\\Views\\admin\\po_add.php', 76)
 2 SYSTEMPATH\View\View.php(213): include('APPPATH\\Views\\admin\\po_add.php')
 3 SYSTEMPATH\View\View.php(216): CodeIgniter\View\View->CodeIgniter\View\{closure}()
 4 SYSTEMPATH\Common.php(1135): CodeIgniter\View\View->render('admin/po_add', [], true)
 5 APPPATH\Controllers\Admin.php(161): view('admin/po_add', [...])
 6 SYSTEMPATH\CodeIgniter.php(898): App\Controllers\Admin->po_add('PR-221208-000687')
 7 SYSTEMPATH\CodeIgniter.php(468): CodeIgniter\CodeIgniter->runController(Object(App\Controllers\Admin))
 8 SYSTEMPATH\CodeIgniter.php(351): CodeIgniter\CodeIgniter->handleRequest(null, Object(Config\Cache), false)
 9 FCPATH\index.php(55): CodeIgniter\CodeIgniter->run()
10 SYSTEMPATH\Commands\Server\rewrite.php(43): require_once('FCPATH\\index.php')
CRITICAL - 2022-12-08 01:35:49 --> Undefined variable $sup_es
in APPPATH\Views\admin\po_add.php on line 38.
 1 APPPATH\Views\admin\po_add.php(38): CodeIgniter\Debug\Exceptions->errorHandler(2, 'Undefined variable $sup_es', 'APPPATH\\Views\\admin\\po_add.php', 38)
 2 SYSTEMPATH\View\View.php(213): include('APPPATH\\Views\\admin\\po_add.php')
 3 SYSTEMPATH\View\View.php(216): CodeIgniter\View\View->CodeIgniter\View\{closure}()
 4 SYSTEMPATH\Common.php(1135): CodeIgniter\View\View->render('admin/po_add', [], true)
 5 APPPATH\Controllers\Admin.php(156): view('admin/po_add', [...])
 6 SYSTEMPATH\CodeIgniter.php(898): App\Controllers\Admin->po_add('PR-221208-000687')
 7 SYSTEMPATH\CodeIgniter.php(468): CodeIgniter\CodeIgniter->runController(Object(App\Controllers\Admin))
 8 SYSTEMPATH\CodeIgniter.php(351): CodeIgniter\CodeIgniter->handleRequest(null, Object(Config\Cache), false)
 9 FCPATH\index.php(55): CodeIgniter\CodeIgniter->run()
10 SYSTEMPATH\Commands\Server\rewrite.php(43): require_once('FCPATH\\index.php')
CRITICAL - 2022-12-08 01:36:57 --> Undefined variable $po_total
in APPPATH\Views\admin\po_add.php on line 40.
 1 APPPATH\Views\admin\po_add.php(40): CodeIgniter\Debug\Exceptions->errorHandler(2, 'Undefined variable $po_total', 'APPPATH\\Views\\admin\\po_add.php', 40)
 2 SYSTEMPATH\View\View.php(213): include('APPPATH\\Views\\admin\\po_add.php')
 3 SYSTEMPATH\View\View.php(216): CodeIgniter\View\View->CodeIgniter\View\{closure}()
 4 SYSTEMPATH\Common.php(1135): CodeIgniter\View\View->render('admin/po_add', [], true)
 5 APPPATH\Controllers\Admin.php(156): view('admin/po_add', [...])
 6 SYSTEMPATH\CodeIgniter.php(898): App\Controllers\Admin->po_add('PR-221208-000687')
 7 SYSTEMPATH\CodeIgniter.php(468): CodeIgniter\CodeIgniter->runController(Object(App\Controllers\Admin))
 8 SYSTEMPATH\CodeIgniter.php(351): CodeIgniter\CodeIgniter->handleRequest(null, Object(Config\Cache), false)
 9 FCPATH\index.php(55): CodeIgniter\CodeIgniter->run()
10 SYSTEMPATH\Commands\Server\rewrite.php(43): require_once('FCPATH\\index.php')
CRITICAL - 2022-12-08 01:38:40 --> Undefined array key "sup_name"
in APPPATH\Views\admin\po_add.php on line 36.
 1 APPPATH\Views\admin\po_add.php(36): CodeIgniter\Debug\Exceptions->errorHandler(2, 'Undefined array key "sup_name"', 'APPPATH\\Views\\admin\\po_add.php', 36)
 2 SYSTEMPATH\View\View.php(213): include('APPPATH\\Views\\admin\\po_add.php')
 3 SYSTEMPATH\View\View.php(216): CodeIgniter\View\View->CodeIgniter\View\{closure}()
 4 SYSTEMPATH\Common.php(1135): CodeIgniter\View\View->render('admin/po_add', [], true)
 5 APPPATH\Controllers\Admin.php(156): view('admin/po_add', [...])
 6 SYSTEMPATH\CodeIgniter.php(898): App\Controllers\Admin->po_add('PR-221208-000687')
 7 SYSTEMPATH\CodeIgniter.php(468): CodeIgniter\CodeIgniter->runController(Object(App\Controllers\Admin))
 8 SYSTEMPATH\CodeIgniter.php(351): CodeIgniter\CodeIgniter->handleRequest(null, Object(Config\Cache), false)
 9 FCPATH\index.php(55): CodeIgniter\CodeIgniter->run()
10 SYSTEMPATH\Commands\Server\rewrite.php(43): require_once('FCPATH\\index.php')
ERROR - 2022-12-08 16:23:57 --> Column 'po_name' cannot be null
ERROR - 2022-12-08 16:33:58 --> Unknown column 'po_mstr.po_item' in 'on clause'
ERROR - 2022-12-08 16:34:13 --> Unknown column 'po_mstr.po_item' in 'on clause'
ERROR - 2022-12-08 16:34:37 --> Unknown column 'po_mstr.po_sup_code' in 'on clause'
ERROR - 2022-12-08 16:34:53 --> Unknown column 'po_mstr.po_item' in 'on clause'
ERROR - 2022-12-08 16:35:21 --> Unknown column 'po_mstr.po_item' in 'on clause'
ERROR - 2022-12-08 16:40:41 --> Unknown column 'pod_po_code' in 'where clause'
ERROR - 2022-12-08 16:40:58 --> Unknown column 'pod_po_code' in 'where clause'
