ERROR - 2022-07-15 13:54:20 --> Error connecting to the database: No connection could be made because the target machine actively refused it
CRITICAL - 2022-07-15 13:54:20 --> Unable to connect to the database.
Main connection [MySQLi]: No connection could be made because the target machine actively refused it
in SYSTEMPATH\Database\BaseConnection.php on line 415.
 1 SYSTEMPATH\Database\BaseConnection.php(585): CodeIgniter\Database\BaseConnection->initialize()
 2 SYSTEMPATH\Database\BaseBuilder.php(1585): CodeIgniter\Database\BaseConnection->query('SELECT *
FROM `foto`', [], false)
 3 SYSTEMPATH\Model.php(222): CodeIgniter\Database\BaseBuilder->get()
 4 SYSTEMPATH\BaseModel.php(584): CodeIgniter\Model->doFindAll(0, 0)
 5 APPPATH\Controllers\Login.php(36): CodeIgniter\BaseModel->findAll()
 6 APPPATH\Controllers\Login.php(48): App\Controllers\Login->required()
 7 SYSTEMPATH\CodeIgniter.php(898): App\Controllers\Login->index()
 8 SYSTEMPATH\CodeIgniter.php(468): CodeIgniter\CodeIgniter->runController(Object(App\Controllers\Login))
 9 SYSTEMPATH\CodeIgniter.php(351): CodeIgniter\CodeIgniter->handleRequest(null, Object(Config\Cache), false)
10 FCPATH\index.php(55): CodeIgniter\CodeIgniter->run()
11 SYSTEMPATH\Commands\Server\rewrite.php(43): require_once('FCPATH\\index.php')
ERROR - 2022-07-15 13:54:25 --> Error connecting to the database: No connection could be made because the target machine actively refused it
CRITICAL - 2022-07-15 13:54:25 --> Unable to connect to the database.
Main connection [MySQLi]: No connection could be made because the target machine actively refused it
in SYSTEMPATH\Database\BaseConnection.php on line 415.
 1 SYSTEMPATH\Database\BaseConnection.php(585): CodeIgniter\Database\BaseConnection->initialize()
 2 SYSTEMPATH\Database\BaseBuilder.php(1585): CodeIgniter\Database\BaseConnection->query('SELECT *
FROM `foto`', [], false)
 3 SYSTEMPATH\Model.php(222): CodeIgniter\Database\BaseBuilder->get()
 4 SYSTEMPATH\BaseModel.php(584): CodeIgniter\Model->doFindAll(0, 0)
 5 APPPATH\Controllers\Login.php(36): CodeIgniter\BaseModel->findAll()
 6 APPPATH\Controllers\Login.php(48): App\Controllers\Login->required()
 7 SYSTEMPATH\CodeIgniter.php(898): App\Controllers\Login->index()
 8 SYSTEMPATH\CodeIgniter.php(468): CodeIgniter\CodeIgniter->runController(Object(App\Controllers\Login))
 9 SYSTEMPATH\CodeIgniter.php(351): CodeIgniter\CodeIgniter->handleRequest(null, Object(Config\Cache), false)
10 FCPATH\index.php(55): CodeIgniter\CodeIgniter->run()
11 SYSTEMPATH\Commands\Server\rewrite.php(43): require_once('FCPATH\\index.php')
ERROR - 2022-07-15 13:54:32 --> Error connecting to the database: No connection could be made because the target machine actively refused it
CRITICAL - 2022-07-15 13:54:32 --> Unable to connect to the database.
Main connection [MySQLi]: No connection could be made because the target machine actively refused it
in SYSTEMPATH\Database\BaseConnection.php on line 415.
 1 SYSTEMPATH\Database\BaseConnection.php(585): CodeIgniter\Database\BaseConnection->initialize()
 2 SYSTEMPATH\Database\BaseBuilder.php(1585): CodeIgniter\Database\BaseConnection->query('SELECT *
FROM `foto`', [], false)
 3 SYSTEMPATH\Model.php(222): CodeIgniter\Database\BaseBuilder->get()
 4 SYSTEMPATH\BaseModel.php(584): CodeIgniter\Model->doFindAll(0, 0)
 5 APPPATH\Controllers\Login.php(36): CodeIgniter\BaseModel->findAll()
 6 APPPATH\Controllers\Login.php(48): App\Controllers\Login->required()
 7 SYSTEMPATH\CodeIgniter.php(898): App\Controllers\Login->index()
 8 SYSTEMPATH\CodeIgniter.php(468): CodeIgniter\CodeIgniter->runController(Object(App\Controllers\Login))
 9 SYSTEMPATH\CodeIgniter.php(351): CodeIgniter\CodeIgniter->handleRequest(null, Object(Config\Cache), false)
10 FCPATH\index.php(55): CodeIgniter\CodeIgniter->run()
11 SYSTEMPATH\Commands\Server\rewrite.php(43): require_once('FCPATH\\index.php')
ERROR - 2022-07-15 03:37:36 --> Error connecting to the database: A socket operation was attempted to an unreachable host
CRITICAL - 2022-07-15 03:37:36 --> Unable to connect to the database.
Main connection [MySQLi]: A socket operation was attempted to an unreachable host
in SYSTEMPATH\Database\BaseConnection.php on line 415.
 1 SYSTEMPATH\Database\BaseConnection.php(585): CodeIgniter\Database\BaseConnection->initialize()
 2 SYSTEMPATH\Database\BaseBuilder.php(1585): CodeIgniter\Database\BaseConnection->query('SELECT *
FROM `user_mstr`
WHERE `user_name` = :user_name:
 LIMIT 1', [...], false)
 3 SYSTEMPATH\Model.php(249): CodeIgniter\Database\BaseBuilder->get()
 4 SYSTEMPATH\BaseModel.php(622): CodeIgniter\Model->doFirst()
 5 APPPATH\Models\User_Mstr_Model.php(22): CodeIgniter\BaseModel->first()
 6 APPPATH\Helpers\jwt_helper.php(22): App\Models\User_Mstr_Model->get_User_Name('irsyadnurdin')
 7 APPPATH\Filters\Auth_JWT.php(24): validate_JWT('eyJ0eXAiOiJKV1QiLCJhbGciOiJIUzI1NiJ9.eyJ1c2VyX25hbWUiOiJpcnN5YWRudXJkaW4iLCJpYXQiOjE2NTc4NzE5MjEsImV4cCI6MTY1Nzg3NTUyMX0.G5DtBmbOwTh21Xs1UaKIzdB6_8JdvjkXMYwkY1q8lhI')
 8 SYSTEMPATH\Filters\Filters.php(173): App\Filters\Auth_JWT->before(Object(CodeIgniter\HTTP\IncomingRequest), null)
 9 SYSTEMPATH\CodeIgniter.php(442): CodeIgniter\Filters\Filters->run('user/get_user_online', 'before')
10 SYSTEMPATH\CodeIgniter.php(351): CodeIgniter\CodeIgniter->handleRequest(null, Object(Config\Cache), false)
11 FCPATH\index.php(55): CodeIgniter\CodeIgniter->run()
12 SYSTEMPATH\Commands\Server\rewrite.php(43): require_once('FCPATH\\index.php')
ERROR - 2022-07-15 03:37:36 --> Error connecting to the database: A socket operation was attempted to an unreachable host
CRITICAL - 2022-07-15 03:37:36 --> Unable to connect to the database.
Main connection [MySQLi]: A socket operation was attempted to an unreachable host
in SYSTEMPATH\Database\BaseConnection.php on line 415.
 1 SYSTEMPATH\Database\BaseConnection.php(585): CodeIgniter\Database\BaseConnection->initialize()
 2 SYSTEMPATH\Database\BaseBuilder.php(1585): CodeIgniter\Database\BaseConnection->query('SELECT *
FROM `user_mstr`
WHERE `user_name` = :user_name:
 LIMIT 1', [...], false)
 3 SYSTEMPATH\Model.php(249): CodeIgniter\Database\BaseBuilder->get()
 4 SYSTEMPATH\BaseModel.php(622): CodeIgniter\Model->doFirst()
 5 APPPATH\Models\User_Mstr_Model.php(22): CodeIgniter\BaseModel->first()
 6 APPPATH\Helpers\jwt_helper.php(22): App\Models\User_Mstr_Model->get_User_Name('irsyadnurdin')
 7 APPPATH\Filters\Auth_JWT.php(24): validate_JWT('eyJ0eXAiOiJKV1QiLCJhbGciOiJIUzI1NiJ9.eyJ1c2VyX25hbWUiOiJpcnN5YWRudXJkaW4iLCJpYXQiOjE2NTc4NzE5MjEsImV4cCI6MTY1Nzg3NTUyMX0.G5DtBmbOwTh21Xs1UaKIzdB6_8JdvjkXMYwkY1q8lhI')
 8 SYSTEMPATH\Filters\Filters.php(173): App\Filters\Auth_JWT->before(Object(CodeIgniter\HTTP\IncomingRequest), null)
 9 SYSTEMPATH\CodeIgniter.php(442): CodeIgniter\Filters\Filters->run('user/update_last_activity', 'before')
10 SYSTEMPATH\CodeIgniter.php(351): CodeIgniter\CodeIgniter->handleRequest(null, Object(Config\Cache), false)
11 FCPATH\index.php(55): CodeIgniter\CodeIgniter->run()
12 SYSTEMPATH\Commands\Server\rewrite.php(43): require_once('FCPATH\\index.php')
ERROR - 2022-07-15 03:37:54 --> Error connecting to the database: A socket operation was attempted to an unreachable host
CRITICAL - 2022-07-15 03:37:54 --> Unable to connect to the database.
Main connection [MySQLi]: A socket operation was attempted to an unreachable host
in SYSTEMPATH\Database\BaseConnection.php on line 415.
 1 SYSTEMPATH\Database\BaseConnection.php(585): CodeIgniter\Database\BaseConnection->initialize()
 2 SYSTEMPATH\Database\BaseBuilder.php(1585): CodeIgniter\Database\BaseConnection->query('SELECT *
FROM `user_mstr`
WHERE `user_name` = :user_name:
 LIMIT 1', [...], false)
 3 SYSTEMPATH\Model.php(249): CodeIgniter\Database\BaseBuilder->get()
 4 SYSTEMPATH\BaseModel.php(622): CodeIgniter\Model->doFirst()
 5 APPPATH\Models\User_Mstr_Model.php(22): CodeIgniter\BaseModel->first()
 6 APPPATH\Helpers\jwt_helper.php(22): App\Models\User_Mstr_Model->get_User_Name('irsyadnurdin')
 7 APPPATH\Filters\Auth_JWT.php(24): validate_JWT('eyJ0eXAiOiJKV1QiLCJhbGciOiJIUzI1NiJ9.eyJ1c2VyX25hbWUiOiJpcnN5YWRudXJkaW4iLCJpYXQiOjE2NTc4NzE5MjEsImV4cCI6MTY1Nzg3NTUyMX0.G5DtBmbOwTh21Xs1UaKIzdB6_8JdvjkXMYwkY1q8lhI')
 8 SYSTEMPATH\Filters\Filters.php(173): App\Filters\Auth_JWT->before(Object(CodeIgniter\HTTP\IncomingRequest), null)
 9 SYSTEMPATH\CodeIgniter.php(442): CodeIgniter\Filters\Filters->run('user/get_user_online', 'before')
10 SYSTEMPATH\CodeIgniter.php(351): CodeIgniter\CodeIgniter->handleRequest(null, Object(Config\Cache), false)
11 FCPATH\index.php(55): CodeIgniter\CodeIgniter->run()
12 SYSTEMPATH\Commands\Server\rewrite.php(43): require_once('FCPATH\\index.php')
ERROR - 2022-07-15 03:37:54 --> Error connecting to the database: A socket operation was attempted to an unreachable host
CRITICAL - 2022-07-15 03:37:54 --> Unable to connect to the database.
Main connection [MySQLi]: A socket operation was attempted to an unreachable host
in SYSTEMPATH\Database\BaseConnection.php on line 415.
 1 SYSTEMPATH\Database\BaseConnection.php(585): CodeIgniter\Database\BaseConnection->initialize()
 2 SYSTEMPATH\Database\BaseBuilder.php(1585): CodeIgniter\Database\BaseConnection->query('SELECT *
FROM `user_mstr`
WHERE `user_name` = :user_name:
 LIMIT 1', [...], false)
 3 SYSTEMPATH\Model.php(249): CodeIgniter\Database\BaseBuilder->get()
 4 SYSTEMPATH\BaseModel.php(622): CodeIgniter\Model->doFirst()
 5 APPPATH\Models\User_Mstr_Model.php(22): CodeIgniter\BaseModel->first()
 6 APPPATH\Helpers\jwt_helper.php(22): App\Models\User_Mstr_Model->get_User_Name('irsyadnurdin')
 7 APPPATH\Filters\Auth_JWT.php(24): validate_JWT('eyJ0eXAiOiJKV1QiLCJhbGciOiJIUzI1NiJ9.eyJ1c2VyX25hbWUiOiJpcnN5YWRudXJkaW4iLCJpYXQiOjE2NTc4NzE5MjEsImV4cCI6MTY1Nzg3NTUyMX0.G5DtBmbOwTh21Xs1UaKIzdB6_8JdvjkXMYwkY1q8lhI')
 8 SYSTEMPATH\Filters\Filters.php(173): App\Filters\Auth_JWT->before(Object(CodeIgniter\HTTP\IncomingRequest), null)
 9 SYSTEMPATH\CodeIgniter.php(442): CodeIgniter\Filters\Filters->run('user/update_last_activity', 'before')
10 SYSTEMPATH\CodeIgniter.php(351): CodeIgniter\CodeIgniter->handleRequest(null, Object(Config\Cache), false)
11 FCPATH\index.php(55): CodeIgniter\CodeIgniter->run()
12 SYSTEMPATH\Commands\Server\rewrite.php(43): require_once('FCPATH\\index.php')
ERROR - 2022-07-15 03:37:57 --> Error connecting to the database: A socket operation was attempted to an unreachable host
CRITICAL - 2022-07-15 03:37:57 --> Unable to connect to the database.
Main connection [MySQLi]: A socket operation was attempted to an unreachable host
in SYSTEMPATH\Database\BaseConnection.php on line 415.
 1 SYSTEMPATH\Database\BaseConnection.php(585): CodeIgniter\Database\BaseConnection->initialize()
 2 SYSTEMPATH\Database\BaseBuilder.php(1585): CodeIgniter\Database\BaseConnection->query('SELECT *
FROM `user_mstr`
JOIN `level_mstr` ON `level_mstr`.`level_code` = `user_mstr`.`user_level`
WHERE `user_mstr`.`user_id` = :user_mstr.user_id:', [...], false)
 3 SYSTEMPATH\Model.php(181): CodeIgniter\Database\BaseBuilder->get()
 4 SYSTEMPATH\BaseModel.php(523): CodeIgniter\Model->doFind(true, '10116411')
 5 APPPATH\Controllers\Admin.php(36): CodeIgniter\BaseModel->find('10116411')
 6 APPPATH\Controllers\Admin.php(60): App\Controllers\Admin->required()
 7 SYSTEMPATH\CodeIgniter.php(898): App\Controllers\Admin->item()
 8 SYSTEMPATH\CodeIgniter.php(468): CodeIgniter\CodeIgniter->runController(Object(App\Controllers\Admin))
 9 SYSTEMPATH\CodeIgniter.php(351): CodeIgniter\CodeIgniter->handleRequest(null, Object(Config\Cache), false)
10 FCPATH\index.php(55): CodeIgniter\CodeIgniter->run()
11 SYSTEMPATH\Commands\Server\rewrite.php(43): require_once('FCPATH\\index.php')
