CRITICAL - 2022-07-13 09:54:22 --> syntax error, unexpected token "}", expecting variable or "{" or "$"
in APPPATH\Models\User_Mstr_Model.php on line 18.
 1 SYSTEMPATH\Autoloader\Autoloader.php(261): CodeIgniter\Autoloader\Autoloader->includeFile('APPPATH\\Models\\User_Mstr_Model.php')
 2 SYSTEMPATH\Autoloader\Autoloader.php(239): CodeIgniter\Autoloader\Autoloader->loadInNamespace('App\\Models\\User_Mstr_Model')
 3 APPPATH\Controllers\User.php(19): CodeIgniter\Autoloader\Autoloader->loadClass('App\\Models\\User_Mstr_Model')
 4 SYSTEMPATH\CodeIgniter.php(860): App\Controllers\User->__construct()
 5 SYSTEMPATH\CodeIgniter.php(459): CodeIgniter\CodeIgniter->createController()
 6 SYSTEMPATH\CodeIgniter.php(351): CodeIgniter\CodeIgniter->handleRequest(null, Object(Config\Cache), false)
 7 FCPATH\index.php(55): CodeIgniter\CodeIgniter->run()
 8 SYSTEMPATH\Commands\Server\rewrite.php(43): require_once('FCPATH\\index.php')
CRITICAL - 2022-07-13 09:54:23 --> syntax error, unexpected token "}", expecting variable or "{" or "$"
in APPPATH\Models\User_Mstr_Model.php on line 18.
 1 SYSTEMPATH\Autoloader\Autoloader.php(261): CodeIgniter\Autoloader\Autoloader->includeFile('APPPATH\\Models\\User_Mstr_Model.php')
 2 SYSTEMPATH\Autoloader\Autoloader.php(239): CodeIgniter\Autoloader\Autoloader->loadInNamespace('App\\Models\\User_Mstr_Model')
 3 APPPATH\Controllers\User.php(19): CodeIgniter\Autoloader\Autoloader->loadClass('App\\Models\\User_Mstr_Model')
 4 SYSTEMPATH\CodeIgniter.php(860): App\Controllers\User->__construct()
 5 SYSTEMPATH\CodeIgniter.php(459): CodeIgniter\CodeIgniter->createController()
 6 SYSTEMPATH\CodeIgniter.php(351): CodeIgniter\CodeIgniter->handleRequest(null, Object(Config\Cache), false)
 7 FCPATH\index.php(55): CodeIgniter\CodeIgniter->run()
 8 SYSTEMPATH\Commands\Server\rewrite.php(43): require_once('FCPATH\\index.php')
ERROR - 2022-07-13 11:38:44 --> Error connecting to the database: A connection attempt failed because the connected party did not properly respond after a period of time, or established connection failed because connected host has failed to respond
