CRITICAL - 2022-06-27 01:50:34 --> ini_set(): Session ini settings cannot be changed after headers have already been sent
in SYSTEMPATH\Session\Session.php on line 292.
 1 [internal function]: CodeIgniter\Debug\Exceptions->errorHandler(2, 'ini_set(): Session ini settings cannot be changed after headers have already been sent', 'SYSTEMPATH\\Session\\Session.php', 292)
 2 SYSTEMPATH\Session\Session.php(292): ini_set('session.name', 'ci_sessions')
 3 SYSTEMPATH\Session\Session.php(230): CodeIgniter\Session\Session->configure()
 4 SYSTEMPATH\Config\Services.php(613): CodeIgniter\Session\Session->start()
 5 SYSTEMPATH\Config\BaseService.php(251): CodeIgniter\Config\Services::session(Object(Config\App), false)
 6 SYSTEMPATH\Config\BaseService.php(192): CodeIgniter\Config\BaseService::__callStatic('session', [...])
 7 SYSTEMPATH\Config\Services.php(585): CodeIgniter\Config\BaseService::getSharedInstance('session', null)
 8 SYSTEMPATH\Config\BaseService.php(251): CodeIgniter\Config\Services::session()
 9 SYSTEMPATH\Common.php(932): CodeIgniter\Config\BaseService::__callStatic('session', [])
10 APPPATH\Filters\Auth_Login.php(13): session()
11 SYSTEMPATH\Filters\Filters.php(173): App\Filters\Auth_Login->before(Object(CodeIgniter\HTTP\IncomingRequest), null)
12 SYSTEMPATH\CodeIgniter.php(442): CodeIgniter\Filters\Filters->run('login', 'before')
13 SYSTEMPATH\CodeIgniter.php(351): CodeIgniter\CodeIgniter->handleRequest(null, Object(Config\Cache), false)
14 FCPATH\index.php(55): CodeIgniter\CodeIgniter->run()
15 SYSTEMPATH\Commands\Server\rewrite.php(43): require_once('FCPATH\\index.php')
CRITICAL - 2022-06-27 01:51:23 --> ini_set(): Session ini settings cannot be changed after headers have already been sent
in SYSTEMPATH\Session\Session.php on line 292.
 1 [internal function]: CodeIgniter\Debug\Exceptions->errorHandler(2, 'ini_set(): Session ini settings cannot be changed after headers have already been sent', 'SYSTEMPATH\\Session\\Session.php', 292)
 2 SYSTEMPATH\Session\Session.php(292): ini_set('session.name', 'ci_sessions')
 3 SYSTEMPATH\Session\Session.php(230): CodeIgniter\Session\Session->configure()
 4 SYSTEMPATH\Config\Services.php(613): CodeIgniter\Session\Session->start()
 5 SYSTEMPATH\Config\BaseService.php(251): CodeIgniter\Config\Services::session(Object(Config\App), false)
 6 SYSTEMPATH\Config\BaseService.php(192): CodeIgniter\Config\BaseService::__callStatic('session', [...])
 7 SYSTEMPATH\Config\Services.php(585): CodeIgniter\Config\BaseService::getSharedInstance('session', null)
 8 SYSTEMPATH\Config\BaseService.php(251): CodeIgniter\Config\Services::session()
 9 SYSTEMPATH\Common.php(932): CodeIgniter\Config\BaseService::__callStatic('session', [])
10 APPPATH\Filters\Auth_Login.php(13): session()
11 SYSTEMPATH\Filters\Filters.php(173): App\Filters\Auth_Login->before(Object(CodeIgniter\HTTP\IncomingRequest), null)
12 SYSTEMPATH\CodeIgniter.php(442): CodeIgniter\Filters\Filters->run('login', 'before')
13 SYSTEMPATH\CodeIgniter.php(351): CodeIgniter\CodeIgniter->handleRequest(null, Object(Config\Cache), false)
14 FCPATH\index.php(55): CodeIgniter\CodeIgniter->run()
15 SYSTEMPATH\Commands\Server\rewrite.php(43): require_once('FCPATH\\index.php')
CRITICAL - 2022-06-27 01:51:26 --> ini_set(): Session ini settings cannot be changed after headers have already been sent
in SYSTEMPATH\Session\Session.php on line 292.
 1 [internal function]: CodeIgniter\Debug\Exceptions->errorHandler(2, 'ini_set(): Session ini settings cannot be changed after headers have already been sent', 'SYSTEMPATH\\Session\\Session.php', 292)
 2 SYSTEMPATH\Session\Session.php(292): ini_set('session.name', 'ci_sessions')
 3 SYSTEMPATH\Session\Session.php(230): CodeIgniter\Session\Session->configure()
 4 SYSTEMPATH\Config\Services.php(613): CodeIgniter\Session\Session->start()
 5 SYSTEMPATH\Config\BaseService.php(251): CodeIgniter\Config\Services::session(Object(Config\App), false)
 6 SYSTEMPATH\Config\BaseService.php(192): CodeIgniter\Config\BaseService::__callStatic('session', [...])
 7 SYSTEMPATH\Config\Services.php(585): CodeIgniter\Config\BaseService::getSharedInstance('session', null)
 8 SYSTEMPATH\Config\BaseService.php(251): CodeIgniter\Config\Services::session()
 9 SYSTEMPATH\Common.php(932): CodeIgniter\Config\BaseService::__callStatic('session', [])
10 APPPATH\Filters\Auth_Login.php(13): session()
11 SYSTEMPATH\Filters\Filters.php(173): App\Filters\Auth_Login->before(Object(CodeIgniter\HTTP\IncomingRequest), null)
12 SYSTEMPATH\CodeIgniter.php(442): CodeIgniter\Filters\Filters->run('login', 'before')
13 SYSTEMPATH\CodeIgniter.php(351): CodeIgniter\CodeIgniter->handleRequest(null, Object(Config\Cache), false)
14 FCPATH\index.php(55): CodeIgniter\CodeIgniter->run()
15 SYSTEMPATH\Commands\Server\rewrite.php(43): require_once('FCPATH\\index.php')
CRITICAL - 2022-06-27 01:51:26 --> ini_set(): Session ini settings cannot be changed after headers have already been sent
in SYSTEMPATH\Session\Session.php on line 292.
 1 [internal function]: CodeIgniter\Debug\Exceptions->errorHandler(2, 'ini_set(): Session ini settings cannot be changed after headers have already been sent', 'SYSTEMPATH\\Session\\Session.php', 292)
 2 SYSTEMPATH\Session\Session.php(292): ini_set('session.name', 'ci_sessions')
 3 SYSTEMPATH\Session\Session.php(230): CodeIgniter\Session\Session->configure()
 4 SYSTEMPATH\Config\Services.php(613): CodeIgniter\Session\Session->start()
 5 SYSTEMPATH\Config\BaseService.php(251): CodeIgniter\Config\Services::session(Object(Config\App), false)
 6 SYSTEMPATH\Config\BaseService.php(192): CodeIgniter\Config\BaseService::__callStatic('session', [...])
 7 SYSTEMPATH\Config\Services.php(585): CodeIgniter\Config\BaseService::getSharedInstance('session', null)
 8 SYSTEMPATH\Config\BaseService.php(251): CodeIgniter\Config\Services::session()
 9 SYSTEMPATH\Common.php(932): CodeIgniter\Config\BaseService::__callStatic('session', [])
10 APPPATH\Filters\Auth_Login.php(13): session()
11 SYSTEMPATH\Filters\Filters.php(173): App\Filters\Auth_Login->before(Object(CodeIgniter\HTTP\IncomingRequest), null)
12 SYSTEMPATH\CodeIgniter.php(442): CodeIgniter\Filters\Filters->run('login', 'before')
13 SYSTEMPATH\CodeIgniter.php(351): CodeIgniter\CodeIgniter->handleRequest(null, Object(Config\Cache), false)
14 FCPATH\index.php(55): CodeIgniter\CodeIgniter->run()
15 SYSTEMPATH\Commands\Server\rewrite.php(43): require_once('FCPATH\\index.php')
CRITICAL - 2022-06-27 01:51:27 --> ini_set(): Session ini settings cannot be changed after headers have already been sent
in SYSTEMPATH\Session\Session.php on line 292.
 1 [internal function]: CodeIgniter\Debug\Exceptions->errorHandler(2, 'ini_set(): Session ini settings cannot be changed after headers have already been sent', 'SYSTEMPATH\\Session\\Session.php', 292)
 2 SYSTEMPATH\Session\Session.php(292): ini_set('session.name', 'ci_sessions')
 3 SYSTEMPATH\Session\Session.php(230): CodeIgniter\Session\Session->configure()
 4 SYSTEMPATH\Config\Services.php(613): CodeIgniter\Session\Session->start()
 5 SYSTEMPATH\Config\BaseService.php(251): CodeIgniter\Config\Services::session(Object(Config\App), false)
 6 SYSTEMPATH\Config\BaseService.php(192): CodeIgniter\Config\BaseService::__callStatic('session', [...])
 7 SYSTEMPATH\Config\Services.php(585): CodeIgniter\Config\BaseService::getSharedInstance('session', null)
 8 SYSTEMPATH\Config\BaseService.php(251): CodeIgniter\Config\Services::session()
 9 SYSTEMPATH\Common.php(932): CodeIgniter\Config\BaseService::__callStatic('session', [])
10 APPPATH\Filters\Auth_Login.php(13): session()
11 SYSTEMPATH\Filters\Filters.php(173): App\Filters\Auth_Login->before(Object(CodeIgniter\HTTP\IncomingRequest), null)
12 SYSTEMPATH\CodeIgniter.php(442): CodeIgniter\Filters\Filters->run('login', 'before')
13 SYSTEMPATH\CodeIgniter.php(351): CodeIgniter\CodeIgniter->handleRequest(null, Object(Config\Cache), false)
14 FCPATH\index.php(55): CodeIgniter\CodeIgniter->run()
15 SYSTEMPATH\Commands\Server\rewrite.php(43): require_once('FCPATH\\index.php')
CRITICAL - 2022-06-27 01:51:27 --> ini_set(): Session ini settings cannot be changed after headers have already been sent
in SYSTEMPATH\Session\Session.php on line 292.
 1 [internal function]: CodeIgniter\Debug\Exceptions->errorHandler(2, 'ini_set(): Session ini settings cannot be changed after headers have already been sent', 'SYSTEMPATH\\Session\\Session.php', 292)
 2 SYSTEMPATH\Session\Session.php(292): ini_set('session.name', 'ci_sessions')
 3 SYSTEMPATH\Session\Session.php(230): CodeIgniter\Session\Session->configure()
 4 SYSTEMPATH\Config\Services.php(613): CodeIgniter\Session\Session->start()
 5 SYSTEMPATH\Config\BaseService.php(251): CodeIgniter\Config\Services::session(Object(Config\App), false)
 6 SYSTEMPATH\Config\BaseService.php(192): CodeIgniter\Config\BaseService::__callStatic('session', [...])
 7 SYSTEMPATH\Config\Services.php(585): CodeIgniter\Config\BaseService::getSharedInstance('session', null)
 8 SYSTEMPATH\Config\BaseService.php(251): CodeIgniter\Config\Services::session()
 9 SYSTEMPATH\Common.php(932): CodeIgniter\Config\BaseService::__callStatic('session', [])
10 APPPATH\Filters\Auth_Login.php(13): session()
11 SYSTEMPATH\Filters\Filters.php(173): App\Filters\Auth_Login->before(Object(CodeIgniter\HTTP\IncomingRequest), null)
12 SYSTEMPATH\CodeIgniter.php(442): CodeIgniter\Filters\Filters->run('login', 'before')
13 SYSTEMPATH\CodeIgniter.php(351): CodeIgniter\CodeIgniter->handleRequest(null, Object(Config\Cache), false)
14 FCPATH\index.php(55): CodeIgniter\CodeIgniter->run()
15 SYSTEMPATH\Commands\Server\rewrite.php(43): require_once('FCPATH\\index.php')
CRITICAL - 2022-06-27 01:51:28 --> ini_set(): Session ini settings cannot be changed after headers have already been sent
in SYSTEMPATH\Session\Session.php on line 292.
 1 [internal function]: CodeIgniter\Debug\Exceptions->errorHandler(2, 'ini_set(): Session ini settings cannot be changed after headers have already been sent', 'SYSTEMPATH\\Session\\Session.php', 292)
 2 SYSTEMPATH\Session\Session.php(292): ini_set('session.name', 'ci_sessions')
 3 SYSTEMPATH\Session\Session.php(230): CodeIgniter\Session\Session->configure()
 4 SYSTEMPATH\Config\Services.php(613): CodeIgniter\Session\Session->start()
 5 SYSTEMPATH\Config\BaseService.php(251): CodeIgniter\Config\Services::session(Object(Config\App), false)
 6 SYSTEMPATH\Config\BaseService.php(192): CodeIgniter\Config\BaseService::__callStatic('session', [...])
 7 SYSTEMPATH\Config\Services.php(585): CodeIgniter\Config\BaseService::getSharedInstance('session', null)
 8 SYSTEMPATH\Config\BaseService.php(251): CodeIgniter\Config\Services::session()
 9 SYSTEMPATH\Common.php(932): CodeIgniter\Config\BaseService::__callStatic('session', [])
10 APPPATH\Filters\Auth_Login.php(13): session()
11 SYSTEMPATH\Filters\Filters.php(173): App\Filters\Auth_Login->before(Object(CodeIgniter\HTTP\IncomingRequest), null)
12 SYSTEMPATH\CodeIgniter.php(442): CodeIgniter\Filters\Filters->run('login', 'before')
13 SYSTEMPATH\CodeIgniter.php(351): CodeIgniter\CodeIgniter->handleRequest(null, Object(Config\Cache), false)
14 FCPATH\index.php(55): CodeIgniter\CodeIgniter->run()
15 SYSTEMPATH\Commands\Server\rewrite.php(43): require_once('FCPATH\\index.php')
CRITICAL - 2022-06-27 01:51:28 --> ini_set(): Session ini settings cannot be changed after headers have already been sent
in SYSTEMPATH\Session\Session.php on line 292.
 1 [internal function]: CodeIgniter\Debug\Exceptions->errorHandler(2, 'ini_set(): Session ini settings cannot be changed after headers have already been sent', 'SYSTEMPATH\\Session\\Session.php', 292)
 2 SYSTEMPATH\Session\Session.php(292): ini_set('session.name', 'ci_sessions')
 3 SYSTEMPATH\Session\Session.php(230): CodeIgniter\Session\Session->configure()
 4 SYSTEMPATH\Config\Services.php(613): CodeIgniter\Session\Session->start()
 5 SYSTEMPATH\Config\BaseService.php(251): CodeIgniter\Config\Services::session(Object(Config\App), false)
 6 SYSTEMPATH\Config\BaseService.php(192): CodeIgniter\Config\BaseService::__callStatic('session', [...])
 7 SYSTEMPATH\Config\Services.php(585): CodeIgniter\Config\BaseService::getSharedInstance('session', null)
 8 SYSTEMPATH\Config\BaseService.php(251): CodeIgniter\Config\Services::session()
 9 SYSTEMPATH\Common.php(932): CodeIgniter\Config\BaseService::__callStatic('session', [])
10 APPPATH\Filters\Auth_Login.php(13): session()
11 SYSTEMPATH\Filters\Filters.php(173): App\Filters\Auth_Login->before(Object(CodeIgniter\HTTP\IncomingRequest), null)
12 SYSTEMPATH\CodeIgniter.php(442): CodeIgniter\Filters\Filters->run('login', 'before')
13 SYSTEMPATH\CodeIgniter.php(351): CodeIgniter\CodeIgniter->handleRequest(null, Object(Config\Cache), false)
14 FCPATH\index.php(55): CodeIgniter\CodeIgniter->run()
15 SYSTEMPATH\Commands\Server\rewrite.php(43): require_once('FCPATH\\index.php')
CRITICAL - 2022-06-27 01:51:29 --> ini_set(): Session ini settings cannot be changed after headers have already been sent
in SYSTEMPATH\Session\Session.php on line 292.
 1 [internal function]: CodeIgniter\Debug\Exceptions->errorHandler(2, 'ini_set(): Session ini settings cannot be changed after headers have already been sent', 'SYSTEMPATH\\Session\\Session.php', 292)
 2 SYSTEMPATH\Session\Session.php(292): ini_set('session.name', 'ci_sessions')
 3 SYSTEMPATH\Session\Session.php(230): CodeIgniter\Session\Session->configure()
 4 SYSTEMPATH\Config\Services.php(613): CodeIgniter\Session\Session->start()
 5 SYSTEMPATH\Config\BaseService.php(251): CodeIgniter\Config\Services::session(Object(Config\App), false)
 6 SYSTEMPATH\Config\BaseService.php(192): CodeIgniter\Config\BaseService::__callStatic('session', [...])
 7 SYSTEMPATH\Config\Services.php(585): CodeIgniter\Config\BaseService::getSharedInstance('session', null)
 8 SYSTEMPATH\Config\BaseService.php(251): CodeIgniter\Config\Services::session()
 9 SYSTEMPATH\Common.php(932): CodeIgniter\Config\BaseService::__callStatic('session', [])
10 APPPATH\Filters\Auth_Login.php(13): session()
11 SYSTEMPATH\Filters\Filters.php(173): App\Filters\Auth_Login->before(Object(CodeIgniter\HTTP\IncomingRequest), null)
12 SYSTEMPATH\CodeIgniter.php(442): CodeIgniter\Filters\Filters->run('login', 'before')
13 SYSTEMPATH\CodeIgniter.php(351): CodeIgniter\CodeIgniter->handleRequest(null, Object(Config\Cache), false)
14 FCPATH\index.php(55): CodeIgniter\CodeIgniter->run()
15 SYSTEMPATH\Commands\Server\rewrite.php(43): require_once('FCPATH\\index.php')
CRITICAL - 2022-06-27 01:52:29 --> ini_set(): Session ini settings cannot be changed after headers have already been sent
in SYSTEMPATH\Session\Session.php on line 292.
 1 [internal function]: CodeIgniter\Debug\Exceptions->errorHandler(2, 'ini_set(): Session ini settings cannot be changed after headers have already been sent', 'SYSTEMPATH\\Session\\Session.php', 292)
 2 SYSTEMPATH\Session\Session.php(292): ini_set('session.name', 'ci_sessions')
 3 SYSTEMPATH\Session\Session.php(230): CodeIgniter\Session\Session->configure()
 4 SYSTEMPATH\Config\Services.php(613): CodeIgniter\Session\Session->start()
 5 SYSTEMPATH\Config\BaseService.php(251): CodeIgniter\Config\Services::session(Object(Config\App), false)
 6 SYSTEMPATH\Config\BaseService.php(192): CodeIgniter\Config\BaseService::__callStatic('session', [...])
 7 SYSTEMPATH\Config\Services.php(585): CodeIgniter\Config\BaseService::getSharedInstance('session', null)
 8 SYSTEMPATH\Config\BaseService.php(251): CodeIgniter\Config\Services::session()
 9 SYSTEMPATH\Common.php(932): CodeIgniter\Config\BaseService::__callStatic('session', [])
10 APPPATH\Filters\Auth_Login.php(13): session()
11 SYSTEMPATH\Filters\Filters.php(173): App\Filters\Auth_Login->before(Object(CodeIgniter\HTTP\IncomingRequest), null)
12 SYSTEMPATH\CodeIgniter.php(442): CodeIgniter\Filters\Filters->run('login', 'before')
13 SYSTEMPATH\CodeIgniter.php(351): CodeIgniter\CodeIgniter->handleRequest(null, Object(Config\Cache), false)
14 FCPATH\index.php(55): CodeIgniter\CodeIgniter->run()
15 SYSTEMPATH\Commands\Server\rewrite.php(43): require_once('FCPATH\\index.php')
CRITICAL - 2022-06-27 01:52:33 --> ini_set(): Session ini settings cannot be changed after headers have already been sent
in SYSTEMPATH\Session\Session.php on line 292.
 1 [internal function]: CodeIgniter\Debug\Exceptions->errorHandler(2, 'ini_set(): Session ini settings cannot be changed after headers have already been sent', 'SYSTEMPATH\\Session\\Session.php', 292)
 2 SYSTEMPATH\Session\Session.php(292): ini_set('session.name', 'ci_sessions')
 3 SYSTEMPATH\Session\Session.php(230): CodeIgniter\Session\Session->configure()
 4 SYSTEMPATH\Config\Services.php(613): CodeIgniter\Session\Session->start()
 5 SYSTEMPATH\Config\BaseService.php(251): CodeIgniter\Config\Services::session(Object(Config\App), false)
 6 SYSTEMPATH\Config\BaseService.php(192): CodeIgniter\Config\BaseService::__callStatic('session', [...])
 7 SYSTEMPATH\Config\Services.php(585): CodeIgniter\Config\BaseService::getSharedInstance('session', null)
 8 SYSTEMPATH\Config\BaseService.php(251): CodeIgniter\Config\Services::session()
 9 SYSTEMPATH\Common.php(932): CodeIgniter\Config\BaseService::__callStatic('session', [])
10 APPPATH\Filters\Auth_Login.php(13): session()
11 SYSTEMPATH\Filters\Filters.php(173): App\Filters\Auth_Login->before(Object(CodeIgniter\HTTP\IncomingRequest), null)
12 SYSTEMPATH\CodeIgniter.php(442): CodeIgniter\Filters\Filters->run('login', 'before')
13 SYSTEMPATH\CodeIgniter.php(351): CodeIgniter\CodeIgniter->handleRequest(null, Object(Config\Cache), false)
14 FCPATH\index.php(55): CodeIgniter\CodeIgniter->run()
15 SYSTEMPATH\Commands\Server\rewrite.php(43): require_once('FCPATH\\index.php')
ERROR - 2022-06-27 01:52:41 --> Table 'exapos.c:\xampp\htdocs\exapos\writable\session' doesn't exist
CRITICAL - 2022-06-27 01:52:41 --> Table 'exapos.c:\xampp\htdocs\exapos\writable\session' doesn't exist
in SYSTEMPATH\Database\MySQLi\Connection.php on line 292.
 1 SYSTEMPATH\Database\MySQLi\Connection.php(292): mysqli->query('SELECT `data`
FROM `C:\\xampp\\htdocs\\EXAPOS\\writable\\session`
WHERE `id` = \'jc7msfs8fakgm97cfins9t2jvg2dvsqe\'', 0)
 2 SYSTEMPATH\Database\BaseConnection.php(678): CodeIgniter\Database\MySQLi\Connection->execute('SELECT `data`
FROM `C:\\xampp\\htdocs\\EXAPOS\\writable\\session`
WHERE `id` = \'jc7msfs8fakgm97cfins9t2jvg2dvsqe\'')
 3 SYSTEMPATH\Database\BaseConnection.php(606): CodeIgniter\Database\BaseConnection->simpleQuery('SELECT `data`
FROM `C:\\xampp\\htdocs\\EXAPOS\\writable\\session`
WHERE `id` = \'jc7msfs8fakgm97cfins9t2jvg2dvsqe\'')
 4 SYSTEMPATH\Database\BaseBuilder.php(1585): CodeIgniter\Database\BaseConnection->query('SELECT `data`
FROM `C:\\xampp\\htdocs\\EXAPOS\\writable\\session`
WHERE `id` = :id:', [...], false)
 5 SYSTEMPATH\Session\Handlers\DatabaseHandler.php(126): CodeIgniter\Database\BaseBuilder->get()
 6 [internal function]: CodeIgniter\Session\Handlers\DatabaseHandler->read('jc7msfs8fakgm97cfins9t2jvg2dvsqe')
 7 SYSTEMPATH\Session\Session.php(896): session_start()
 8 SYSTEMPATH\Session\Session.php(240): CodeIgniter\Session\Session->startSession()
 9 SYSTEMPATH\Config\Services.php(613): CodeIgniter\Session\Session->start()
10 SYSTEMPATH\Config\BaseService.php(251): CodeIgniter\Config\Services::session(Object(Config\App), false)
11 SYSTEMPATH\Config\BaseService.php(192): CodeIgniter\Config\BaseService::__callStatic('session', [...])
12 SYSTEMPATH\Config\Services.php(585): CodeIgniter\Config\BaseService::getSharedInstance('session', null)
13 SYSTEMPATH\Config\BaseService.php(251): CodeIgniter\Config\Services::session()
14 SYSTEMPATH\Common.php(932): CodeIgniter\Config\BaseService::__callStatic('session', [])
15 APPPATH\Filters\Auth_Login.php(13): session()
16 SYSTEMPATH\Filters\Filters.php(173): App\Filters\Auth_Login->before(Object(CodeIgniter\HTTP\IncomingRequest), null)
17 SYSTEMPATH\CodeIgniter.php(442): CodeIgniter\Filters\Filters->run('login', 'before')
18 SYSTEMPATH\CodeIgniter.php(351): CodeIgniter\CodeIgniter->handleRequest(null, Object(Config\Cache), false)
19 FCPATH\index.php(55): CodeIgniter\CodeIgniter->run()
20 SYSTEMPATH\Commands\Server\rewrite.php(43): require_once('FCPATH\\index.php')
CRITICAL - 2022-06-27 01:54:18 --> ini_set(): Session ini settings cannot be changed after headers have already been sent
in SYSTEMPATH\Session\Handlers\FileHandler.php on line 71.
 1 [internal function]: CodeIgniter\Debug\Exceptions->errorHandler(2, 'ini_set(): Session ini settings cannot be changed after headers have already been sent', 'SYSTEMPATH\\Session\\Handlers\\FileHandler.php', 71)
 2 SYSTEMPATH\Session\Handlers\FileHandler.php(71): ini_set('session.save_path', 'ROOTPATH\\writable\\session')
 3 SYSTEMPATH\Config\Services.php(606): CodeIgniter\Session\Handlers\FileHandler->__construct(Object(Config\App), '::1')
 4 SYSTEMPATH\Config\BaseService.php(251): CodeIgniter\Config\Services::session(Object(Config\App), false)
 5 SYSTEMPATH\Config\BaseService.php(192): CodeIgniter\Config\BaseService::__callStatic('session', [...])
 6 SYSTEMPATH\Config\Services.php(585): CodeIgniter\Config\BaseService::getSharedInstance('session', null)
 7 SYSTEMPATH\Config\BaseService.php(251): CodeIgniter\Config\Services::session()
 8 SYSTEMPATH\Common.php(932): CodeIgniter\Config\BaseService::__callStatic('session', [])
 9 APPPATH\Filters\Auth_Admin.php(13): session()
10 SYSTEMPATH\Filters\Filters.php(173): App\Filters\Auth_Admin->before(Object(CodeIgniter\HTTP\IncomingRequest), null)
11 SYSTEMPATH\CodeIgniter.php(442): CodeIgniter\Filters\Filters->run('admin', 'before')
12 SYSTEMPATH\CodeIgniter.php(351): CodeIgniter\CodeIgniter->handleRequest(null, Object(Config\Cache), false)
13 FCPATH\index.php(55): CodeIgniter\CodeIgniter->run()
14 SYSTEMPATH\Commands\Server\rewrite.php(43): require_once('FCPATH\\index.php')
CRITICAL - 2022-06-27 01:54:31 --> ini_set(): Session ini settings cannot be changed after headers have already been sent
in SYSTEMPATH\Session\Handlers\FileHandler.php on line 71.
 1 [internal function]: CodeIgniter\Debug\Exceptions->errorHandler(2, 'ini_set(): Session ini settings cannot be changed after headers have already been sent', 'SYSTEMPATH\\Session\\Handlers\\FileHandler.php', 71)
 2 SYSTEMPATH\Session\Handlers\FileHandler.php(71): ini_set('session.save_path', 'ROOTPATH\\writable\\session')
 3 SYSTEMPATH\Config\Services.php(606): CodeIgniter\Session\Handlers\FileHandler->__construct(Object(Config\App), '::1')
 4 SYSTEMPATH\Config\BaseService.php(251): CodeIgniter\Config\Services::session(Object(Config\App), false)
 5 SYSTEMPATH\Config\BaseService.php(192): CodeIgniter\Config\BaseService::__callStatic('session', [...])
 6 SYSTEMPATH\Config\Services.php(585): CodeIgniter\Config\BaseService::getSharedInstance('session', null)
 7 SYSTEMPATH\Config\BaseService.php(251): CodeIgniter\Config\Services::session()
 8 SYSTEMPATH\Common.php(932): CodeIgniter\Config\BaseService::__callStatic('session', [])
 9 APPPATH\Filters\Auth_Admin.php(13): session()
10 SYSTEMPATH\Filters\Filters.php(173): App\Filters\Auth_Admin->before(Object(CodeIgniter\HTTP\IncomingRequest), null)
11 SYSTEMPATH\CodeIgniter.php(442): CodeIgniter\Filters\Filters->run('admin', 'before')
12 SYSTEMPATH\CodeIgniter.php(351): CodeIgniter\CodeIgniter->handleRequest(null, Object(Config\Cache), false)
13 FCPATH\index.php(55): CodeIgniter\CodeIgniter->run()
14 SYSTEMPATH\Commands\Server\rewrite.php(43): require_once('FCPATH\\index.php')
CRITICAL - 2022-06-27 01:54:57 --> ini_set(): Session ini settings cannot be changed after headers have already been sent
in SYSTEMPATH\Session\Handlers\FileHandler.php on line 71.
 1 [internal function]: CodeIgniter\Debug\Exceptions->errorHandler(2, 'ini_set(): Session ini settings cannot be changed after headers have already been sent', 'SYSTEMPATH\\Session\\Handlers\\FileHandler.php', 71)
 2 SYSTEMPATH\Session\Handlers\FileHandler.php(71): ini_set('session.save_path', 'ROOTPATH\\writable\\session')
 3 SYSTEMPATH\Config\Services.php(606): CodeIgniter\Session\Handlers\FileHandler->__construct(Object(Config\App), '::1')
 4 SYSTEMPATH\Config\BaseService.php(251): CodeIgniter\Config\Services::session(Object(Config\App), false)
 5 SYSTEMPATH\Config\BaseService.php(192): CodeIgniter\Config\BaseService::__callStatic('session', [...])
 6 SYSTEMPATH\Config\Services.php(585): CodeIgniter\Config\BaseService::getSharedInstance('session', null)
 7 SYSTEMPATH\Config\BaseService.php(251): CodeIgniter\Config\Services::session()
 8 SYSTEMPATH\Common.php(932): CodeIgniter\Config\BaseService::__callStatic('session', [])
 9 APPPATH\Filters\Auth_Admin.php(13): session()
10 SYSTEMPATH\Filters\Filters.php(173): App\Filters\Auth_Admin->before(Object(CodeIgniter\HTTP\IncomingRequest), null)
11 SYSTEMPATH\CodeIgniter.php(442): CodeIgniter\Filters\Filters->run('admin', 'before')
12 SYSTEMPATH\CodeIgniter.php(351): CodeIgniter\CodeIgniter->handleRequest(null, Object(Config\Cache), false)
13 FCPATH\index.php(55): CodeIgniter\CodeIgniter->run()
14 SYSTEMPATH\Commands\Server\rewrite.php(43): require_once('FCPATH\\index.php')
CRITICAL - 2022-06-27 01:54:57 --> ini_set(): Session ini settings cannot be changed after headers have already been sent
in SYSTEMPATH\Session\Handlers\FileHandler.php on line 71.
 1 [internal function]: CodeIgniter\Debug\Exceptions->errorHandler(2, 'ini_set(): Session ini settings cannot be changed after headers have already been sent', 'SYSTEMPATH\\Session\\Handlers\\FileHandler.php', 71)
 2 SYSTEMPATH\Session\Handlers\FileHandler.php(71): ini_set('session.save_path', 'ROOTPATH\\writable\\session')
 3 SYSTEMPATH\Config\Services.php(606): CodeIgniter\Session\Handlers\FileHandler->__construct(Object(Config\App), '::1')
 4 SYSTEMPATH\Config\BaseService.php(251): CodeIgniter\Config\Services::session(Object(Config\App), false)
 5 SYSTEMPATH\Config\BaseService.php(192): CodeIgniter\Config\BaseService::__callStatic('session', [...])
 6 SYSTEMPATH\Config\Services.php(585): CodeIgniter\Config\BaseService::getSharedInstance('session', null)
 7 SYSTEMPATH\Config\BaseService.php(251): CodeIgniter\Config\Services::session()
 8 SYSTEMPATH\Common.php(932): CodeIgniter\Config\BaseService::__callStatic('session', [])
 9 APPPATH\Filters\Auth_Admin.php(13): session()
10 SYSTEMPATH\Filters\Filters.php(173): App\Filters\Auth_Admin->before(Object(CodeIgniter\HTTP\IncomingRequest), null)
11 SYSTEMPATH\CodeIgniter.php(442): CodeIgniter\Filters\Filters->run('admin', 'before')
12 SYSTEMPATH\CodeIgniter.php(351): CodeIgniter\CodeIgniter->handleRequest(null, Object(Config\Cache), false)
13 FCPATH\index.php(55): CodeIgniter\CodeIgniter->run()
14 SYSTEMPATH\Commands\Server\rewrite.php(43): require_once('FCPATH\\index.php')
CRITICAL - 2022-06-27 01:55:28 --> ini_set(): Session ini settings cannot be changed after headers have already been sent
in SYSTEMPATH\Session\Session.php on line 292.
 1 [internal function]: CodeIgniter\Debug\Exceptions->errorHandler(2, 'ini_set(): Session ini settings cannot be changed after headers have already been sent', 'SYSTEMPATH\\Session\\Session.php', 292)
 2 SYSTEMPATH\Session\Session.php(292): ini_set('session.name', 'ci_session')
 3 SYSTEMPATH\Session\Session.php(230): CodeIgniter\Session\Session->configure()
 4 SYSTEMPATH\Config\Services.php(613): CodeIgniter\Session\Session->start()
 5 SYSTEMPATH\Config\BaseService.php(251): CodeIgniter\Config\Services::session(Object(Config\App), false)
 6 SYSTEMPATH\Config\BaseService.php(192): CodeIgniter\Config\BaseService::__callStatic('session', [...])
 7 SYSTEMPATH\Config\Services.php(585): CodeIgniter\Config\BaseService::getSharedInstance('session', null)
 8 SYSTEMPATH\Config\BaseService.php(251): CodeIgniter\Config\Services::session()
 9 SYSTEMPATH\Common.php(932): CodeIgniter\Config\BaseService::__callStatic('session', [])
10 APPPATH\Filters\Auth_Admin.php(13): session()
11 SYSTEMPATH\Filters\Filters.php(173): App\Filters\Auth_Admin->before(Object(CodeIgniter\HTTP\IncomingRequest), null)
12 SYSTEMPATH\CodeIgniter.php(442): CodeIgniter\Filters\Filters->run('admin', 'before')
13 SYSTEMPATH\CodeIgniter.php(351): CodeIgniter\CodeIgniter->handleRequest(null, Object(Config\Cache), false)
14 FCPATH\index.php(55): CodeIgniter\CodeIgniter->run()
15 SYSTEMPATH\Commands\Server\rewrite.php(43): require_once('FCPATH\\index.php')
CRITICAL - 2022-06-27 02:10:32 --> Undefined variable $locale
in APPPATH\Views\admin\index.php on line 7.
 1 APPPATH\Views\admin\index.php(7): CodeIgniter\Debug\Exceptions->errorHandler(2, 'Undefined variable $locale', 'APPPATH\\Views\\admin\\index.php', 7)
 2 SYSTEMPATH\View\View.php(213): include('APPPATH\\Views\\admin\\index.php')
 3 SYSTEMPATH\View\View.php(216): CodeIgniter\View\View->CodeIgniter\View\{closure}()
 4 SYSTEMPATH\Common.php(1135): CodeIgniter\View\View->render('admin/index', [], true)
 5 APPPATH\Controllers\Admin.php(49): view('admin/index', [...])
 6 SYSTEMPATH\CodeIgniter.php(898): App\Controllers\Admin->index()
 7 SYSTEMPATH\CodeIgniter.php(468): CodeIgniter\CodeIgniter->runController(Object(App\Controllers\Admin))
 8 SYSTEMPATH\CodeIgniter.php(351): CodeIgniter\CodeIgniter->handleRequest(null, Object(Config\Cache), false)
 9 FCPATH\index.php(55): CodeIgniter\CodeIgniter->run()
10 SYSTEMPATH\Commands\Server\rewrite.php(43): require_once('FCPATH\\index.php')
CRITICAL - 2022-06-27 02:11:35 --> Undefined variable $locale
in APPPATH\Views\admin\index.php on line 7.
 1 APPPATH\Views\admin\index.php(7): CodeIgniter\Debug\Exceptions->errorHandler(2, 'Undefined variable $locale', 'APPPATH\\Views\\admin\\index.php', 7)
 2 SYSTEMPATH\View\View.php(213): include('APPPATH\\Views\\admin\\index.php')
 3 SYSTEMPATH\View\View.php(216): CodeIgniter\View\View->CodeIgniter\View\{closure}()
 4 SYSTEMPATH\Common.php(1135): CodeIgniter\View\View->render('admin/index', [...], true)
 5 APPPATH\Controllers\Admin.php(49): view('admin/index', [...], [...])
 6 SYSTEMPATH\CodeIgniter.php(898): App\Controllers\Admin->index()
 7 SYSTEMPATH\CodeIgniter.php(468): CodeIgniter\CodeIgniter->runController(Object(App\Controllers\Admin))
 8 SYSTEMPATH\CodeIgniter.php(351): CodeIgniter\CodeIgniter->handleRequest(null, Object(Config\Cache), false)
 9 FCPATH\index.php(55): CodeIgniter\CodeIgniter->run()
10 SYSTEMPATH\Commands\Server\rewrite.php(43): require_once('FCPATH\\index.php')
CRITICAL - 2022-06-27 02:11:37 --> Undefined variable $locale
in APPPATH\Views\admin\index.php on line 7.
 1 APPPATH\Views\admin\index.php(7): CodeIgniter\Debug\Exceptions->errorHandler(2, 'Undefined variable $locale', 'APPPATH\\Views\\admin\\index.php', 7)
 2 SYSTEMPATH\View\View.php(213): include('APPPATH\\Views\\admin\\index.php')
 3 SYSTEMPATH\View\View.php(216): CodeIgniter\View\View->CodeIgniter\View\{closure}()
 4 SYSTEMPATH\Common.php(1135): CodeIgniter\View\View->render('admin/index', [...], true)
 5 APPPATH\Controllers\Admin.php(49): view('admin/index', [...], [...])
 6 SYSTEMPATH\CodeIgniter.php(898): App\Controllers\Admin->index()
 7 SYSTEMPATH\CodeIgniter.php(468): CodeIgniter\CodeIgniter->runController(Object(App\Controllers\Admin))
 8 SYSTEMPATH\CodeIgniter.php(351): CodeIgniter\CodeIgniter->handleRequest(null, Object(Config\Cache), false)
 9 FCPATH\index.php(55): CodeIgniter\CodeIgniter->run()
10 SYSTEMPATH\Commands\Server\rewrite.php(43): require_once('FCPATH\\index.php')
CRITICAL - 2022-06-27 02:11:37 --> Undefined variable $locale
in APPPATH\Views\admin\index.php on line 7.
 1 APPPATH\Views\admin\index.php(7): CodeIgniter\Debug\Exceptions->errorHandler(2, 'Undefined variable $locale', 'APPPATH\\Views\\admin\\index.php', 7)
 2 SYSTEMPATH\View\View.php(213): include('APPPATH\\Views\\admin\\index.php')
 3 SYSTEMPATH\View\View.php(216): CodeIgniter\View\View->CodeIgniter\View\{closure}()
 4 SYSTEMPATH\Common.php(1135): CodeIgniter\View\View->render('admin/index', [...], true)
 5 APPPATH\Controllers\Admin.php(49): view('admin/index', [...], [...])
 6 SYSTEMPATH\CodeIgniter.php(898): App\Controllers\Admin->index()
 7 SYSTEMPATH\CodeIgniter.php(468): CodeIgniter\CodeIgniter->runController(Object(App\Controllers\Admin))
 8 SYSTEMPATH\CodeIgniter.php(351): CodeIgniter\CodeIgniter->handleRequest(null, Object(Config\Cache), false)
 9 FCPATH\index.php(55): CodeIgniter\CodeIgniter->run()
10 SYSTEMPATH\Commands\Server\rewrite.php(43): require_once('FCPATH\\index.php')
CRITICAL - 2022-06-27 02:11:39 --> Undefined variable $locale
in APPPATH\Views\admin\index.php on line 7.
 1 APPPATH\Views\admin\index.php(7): CodeIgniter\Debug\Exceptions->errorHandler(2, 'Undefined variable $locale', 'APPPATH\\Views\\admin\\index.php', 7)
 2 SYSTEMPATH\View\View.php(213): include('APPPATH\\Views\\admin\\index.php')
 3 SYSTEMPATH\View\View.php(216): CodeIgniter\View\View->CodeIgniter\View\{closure}()
 4 SYSTEMPATH\Common.php(1135): CodeIgniter\View\View->render('admin/index', [...], true)
 5 APPPATH\Controllers\Admin.php(49): view('admin/index', [...], [...])
 6 SYSTEMPATH\CodeIgniter.php(898): App\Controllers\Admin->index()
 7 SYSTEMPATH\CodeIgniter.php(468): CodeIgniter\CodeIgniter->runController(Object(App\Controllers\Admin))
 8 SYSTEMPATH\CodeIgniter.php(351): CodeIgniter\CodeIgniter->handleRequest(null, Object(Config\Cache), false)
 9 FCPATH\index.php(55): CodeIgniter\CodeIgniter->run()
10 SYSTEMPATH\Commands\Server\rewrite.php(43): require_once('FCPATH\\index.php')
CRITICAL - 2022-06-27 02:12:30 --> Undefined variable $locale
in APPPATH\Views\admin\index.php on line 7.
 1 APPPATH\Views\admin\index.php(7): CodeIgniter\Debug\Exceptions->errorHandler(2, 'Undefined variable $locale', 'APPPATH\\Views\\admin\\index.php', 7)
 2 SYSTEMPATH\View\View.php(213): include('APPPATH\\Views\\admin\\index.php')
 3 SYSTEMPATH\View\View.php(216): CodeIgniter\View\View->CodeIgniter\View\{closure}()
 4 SYSTEMPATH\Common.php(1135): CodeIgniter\View\View->render('admin/index', [], true)
 5 APPPATH\Controllers\Admin.php(49): view('admin/index', [...])
 6 SYSTEMPATH\CodeIgniter.php(898): App\Controllers\Admin->index()
 7 SYSTEMPATH\CodeIgniter.php(468): CodeIgniter\CodeIgniter->runController(Object(App\Controllers\Admin))
 8 SYSTEMPATH\CodeIgniter.php(351): CodeIgniter\CodeIgniter->handleRequest(null, Object(Config\Cache), false)
 9 FCPATH\index.php(55): CodeIgniter\CodeIgniter->run()
10 SYSTEMPATH\Commands\Server\rewrite.php(43): require_once('FCPATH\\index.php')
CRITICAL - 2022-06-27 02:12:32 --> Undefined variable $locale
in APPPATH\Views\admin\index.php on line 7.
 1 APPPATH\Views\admin\index.php(7): CodeIgniter\Debug\Exceptions->errorHandler(2, 'Undefined variable $locale', 'APPPATH\\Views\\admin\\index.php', 7)
 2 SYSTEMPATH\View\View.php(213): include('APPPATH\\Views\\admin\\index.php')
 3 SYSTEMPATH\View\View.php(216): CodeIgniter\View\View->CodeIgniter\View\{closure}()
 4 SYSTEMPATH\Common.php(1135): CodeIgniter\View\View->render('admin/index', [], true)
 5 APPPATH\Controllers\Admin.php(49): view('admin/index', [...])
 6 SYSTEMPATH\CodeIgniter.php(898): App\Controllers\Admin->index()
 7 SYSTEMPATH\CodeIgniter.php(468): CodeIgniter\CodeIgniter->runController(Object(App\Controllers\Admin))
 8 SYSTEMPATH\CodeIgniter.php(351): CodeIgniter\CodeIgniter->handleRequest(null, Object(Config\Cache), false)
 9 FCPATH\index.php(55): CodeIgniter\CodeIgniter->run()
10 SYSTEMPATH\Commands\Server\rewrite.php(43): require_once('FCPATH\\index.php')
CRITICAL - 2022-06-27 02:12:38 --> Undefined variable $supportedLocales
in APPPATH\Views\admin\index.php on line 8.
 1 APPPATH\Views\admin\index.php(8): CodeIgniter\Debug\Exceptions->errorHandler(2, 'Undefined variable $supportedLocales', 'APPPATH\\Views\\admin\\index.php', 8)
 2 SYSTEMPATH\View\View.php(213): include('APPPATH\\Views\\admin\\index.php')
 3 SYSTEMPATH\View\View.php(216): CodeIgniter\View\View->CodeIgniter\View\{closure}()
 4 SYSTEMPATH\Common.php(1135): CodeIgniter\View\View->render('admin/index', [], true)
 5 APPPATH\Controllers\Admin.php(49): view('admin/index', [...])
 6 SYSTEMPATH\CodeIgniter.php(898): App\Controllers\Admin->index()
 7 SYSTEMPATH\CodeIgniter.php(468): CodeIgniter\CodeIgniter->runController(Object(App\Controllers\Admin))
 8 SYSTEMPATH\CodeIgniter.php(351): CodeIgniter\CodeIgniter->handleRequest(null, Object(Config\Cache), false)
 9 FCPATH\index.php(55): CodeIgniter\CodeIgniter->run()
10 SYSTEMPATH\Commands\Server\rewrite.php(43): require_once('FCPATH\\index.php')
CRITICAL - 2022-06-27 02:12:39 --> Undefined variable $supportedLocales
in APPPATH\Views\admin\index.php on line 8.
 1 APPPATH\Views\admin\index.php(8): CodeIgniter\Debug\Exceptions->errorHandler(2, 'Undefined variable $supportedLocales', 'APPPATH\\Views\\admin\\index.php', 8)
 2 SYSTEMPATH\View\View.php(213): include('APPPATH\\Views\\admin\\index.php')
 3 SYSTEMPATH\View\View.php(216): CodeIgniter\View\View->CodeIgniter\View\{closure}()
 4 SYSTEMPATH\Common.php(1135): CodeIgniter\View\View->render('admin/index', [], true)
 5 APPPATH\Controllers\Admin.php(49): view('admin/index', [...])
 6 SYSTEMPATH\CodeIgniter.php(898): App\Controllers\Admin->index()
 7 SYSTEMPATH\CodeIgniter.php(468): CodeIgniter\CodeIgniter->runController(Object(App\Controllers\Admin))
 8 SYSTEMPATH\CodeIgniter.php(351): CodeIgniter\CodeIgniter->handleRequest(null, Object(Config\Cache), false)
 9 FCPATH\index.php(55): CodeIgniter\CodeIgniter->run()
10 SYSTEMPATH\Commands\Server\rewrite.php(43): require_once('FCPATH\\index.php')
CRITICAL - 2022-06-27 02:12:40 --> Undefined variable $supportedLocales
in APPPATH\Views\admin\index.php on line 8.
 1 APPPATH\Views\admin\index.php(8): CodeIgniter\Debug\Exceptions->errorHandler(2, 'Undefined variable $supportedLocales', 'APPPATH\\Views\\admin\\index.php', 8)
 2 SYSTEMPATH\View\View.php(213): include('APPPATH\\Views\\admin\\index.php')
 3 SYSTEMPATH\View\View.php(216): CodeIgniter\View\View->CodeIgniter\View\{closure}()
 4 SYSTEMPATH\Common.php(1135): CodeIgniter\View\View->render('admin/index', [], true)
 5 APPPATH\Controllers\Admin.php(49): view('admin/index', [...])
 6 SYSTEMPATH\CodeIgniter.php(898): App\Controllers\Admin->index()
 7 SYSTEMPATH\CodeIgniter.php(468): CodeIgniter\CodeIgniter->runController(Object(App\Controllers\Admin))
 8 SYSTEMPATH\CodeIgniter.php(351): CodeIgniter\CodeIgniter->handleRequest(null, Object(Config\Cache), false)
 9 FCPATH\index.php(55): CodeIgniter\CodeIgniter->run()
10 SYSTEMPATH\Commands\Server\rewrite.php(43): require_once('FCPATH\\index.php')
CRITICAL - 2022-06-27 02:13:07 --> Undefined variable $supportedLocales
in APPPATH\Views\admin\index.php on line 8.
 1 APPPATH\Views\admin\index.php(8): CodeIgniter\Debug\Exceptions->errorHandler(2, 'Undefined variable $supportedLocales', 'APPPATH\\Views\\admin\\index.php', 8)
 2 SYSTEMPATH\View\View.php(213): include('APPPATH\\Views\\admin\\index.php')
 3 SYSTEMPATH\View\View.php(216): CodeIgniter\View\View->CodeIgniter\View\{closure}()
 4 SYSTEMPATH\Common.php(1135): CodeIgniter\View\View->render('admin/index', [...], true)
 5 APPPATH\Controllers\Admin.php(49): view('admin/index', [...], [...])
 6 SYSTEMPATH\CodeIgniter.php(898): App\Controllers\Admin->index()
 7 SYSTEMPATH\CodeIgniter.php(468): CodeIgniter\CodeIgniter->runController(Object(App\Controllers\Admin))
 8 SYSTEMPATH\CodeIgniter.php(351): CodeIgniter\CodeIgniter->handleRequest(null, Object(Config\Cache), false)
 9 FCPATH\index.php(55): CodeIgniter\CodeIgniter->run()
10 SYSTEMPATH\Commands\Server\rewrite.php(43): require_once('FCPATH\\index.php')
CRITICAL - 2022-06-27 02:13:09 --> Undefined variable $supportedLocales
in APPPATH\Views\admin\index.php on line 8.
 1 APPPATH\Views\admin\index.php(8): CodeIgniter\Debug\Exceptions->errorHandler(2, 'Undefined variable $supportedLocales', 'APPPATH\\Views\\admin\\index.php', 8)
 2 SYSTEMPATH\View\View.php(213): include('APPPATH\\Views\\admin\\index.php')
 3 SYSTEMPATH\View\View.php(216): CodeIgniter\View\View->CodeIgniter\View\{closure}()
 4 SYSTEMPATH\Common.php(1135): CodeIgniter\View\View->render('admin/index', [...], true)
 5 APPPATH\Controllers\Admin.php(49): view('admin/index', [...], [...])
 6 SYSTEMPATH\CodeIgniter.php(898): App\Controllers\Admin->index()
 7 SYSTEMPATH\CodeIgniter.php(468): CodeIgniter\CodeIgniter->runController(Object(App\Controllers\Admin))
 8 SYSTEMPATH\CodeIgniter.php(351): CodeIgniter\CodeIgniter->handleRequest(null, Object(Config\Cache), false)
 9 FCPATH\index.php(55): CodeIgniter\CodeIgniter->run()
10 SYSTEMPATH\Commands\Server\rewrite.php(43): require_once('FCPATH\\index.php')
CRITICAL - 2022-06-27 02:14:13 --> Undefined variable $supportedLocales
in APPPATH\Views\admin\index.php on line 8.
 1 APPPATH\Views\admin\index.php(8): CodeIgniter\Debug\Exceptions->errorHandler(2, 'Undefined variable $supportedLocales', 'APPPATH\\Views\\admin\\index.php', 8)
 2 SYSTEMPATH\View\View.php(213): include('APPPATH\\Views\\admin\\index.php')
 3 SYSTEMPATH\View\View.php(216): CodeIgniter\View\View->CodeIgniter\View\{closure}()
 4 SYSTEMPATH\Common.php(1135): CodeIgniter\View\View->render('admin/index', [...], true)
 5 APPPATH\Controllers\Admin.php(49): view('admin/index', [...], [...])
 6 SYSTEMPATH\CodeIgniter.php(898): App\Controllers\Admin->index()
 7 SYSTEMPATH\CodeIgniter.php(468): CodeIgniter\CodeIgniter->runController(Object(App\Controllers\Admin))
 8 SYSTEMPATH\CodeIgniter.php(351): CodeIgniter\CodeIgniter->handleRequest(null, Object(Config\Cache), false)
 9 FCPATH\index.php(55): CodeIgniter\CodeIgniter->run()
10 SYSTEMPATH\Commands\Server\rewrite.php(43): require_once('FCPATH\\index.php')
CRITICAL - 2022-06-27 02:18:48 --> Undefined property: App\Controllers\HomeController::$viewData
in APPPATH\Controllers\HomeController.php on line 9.
 1 APPPATH\Controllers\HomeController.php(9): CodeIgniter\Debug\Exceptions->errorHandler(2, 'Undefined property: App\\Controllers\\HomeController::$viewData', 'APPPATH\\Controllers\\HomeController.php', 9)
 2 SYSTEMPATH\CodeIgniter.php(898): App\Controllers\HomeController->index()
 3 SYSTEMPATH\CodeIgniter.php(468): CodeIgniter\CodeIgniter->runController(Object(App\Controllers\HomeController))
 4 SYSTEMPATH\CodeIgniter.php(351): CodeIgniter\CodeIgniter->handleRequest(null, Object(Config\Cache), false)
 5 FCPATH\index.php(55): CodeIgniter\CodeIgniter->run()
 6 SYSTEMPATH\Commands\Server\rewrite.php(43): require_once('FCPATH\\index.php')
CRITICAL - 2022-06-27 02:19:00 --> Invalid file: index.php
in SYSTEMPATH\Exceptions\FrameworkException.php on line 33.
 1 SYSTEMPATH\View\View.php(201): CodeIgniter\Exceptions\FrameworkException::forInvalidFile('FCPATH\\index.php')
 2 SYSTEMPATH\Common.php(1135): CodeIgniter\View\View->render('index', [], true)
 3 APPPATH\Controllers\HomeController.php(9): view('index', [...])
 4 SYSTEMPATH\CodeIgniter.php(898): App\Controllers\HomeController->index()
 5 SYSTEMPATH\CodeIgniter.php(468): CodeIgniter\CodeIgniter->runController(Object(App\Controllers\HomeController))
 6 SYSTEMPATH\CodeIgniter.php(351): CodeIgniter\CodeIgniter->handleRequest(null, Object(Config\Cache), false)
 7 FCPATH\index.php(55): CodeIgniter\CodeIgniter->run()
 8 SYSTEMPATH\Commands\Server\rewrite.php(43): require_once('FCPATH\\index.php')
CRITICAL - 2022-06-27 03:00:01 --> Undefined variable $base_url
in APPPATH\Views\admin\layout\header.php on line 619.
 1 APPPATH\Views\admin\layout\header.php(619): CodeIgniter\Debug\Exceptions->errorHandler(2, 'Undefined variable $base_url', 'APPPATH\\Views\\admin\\layout\\header.php', 619)
 2 SYSTEMPATH\View\View.php(213): include('APPPATH\\Views\\admin\\layout\\header.php')
 3 SYSTEMPATH\View\View.php(216): CodeIgniter\View\View->CodeIgniter\View\{closure}()
 4 SYSTEMPATH\View\View.php(429): CodeIgniter\View\View->render('admin/layout/header', null, true)
 5 APPPATH\Views\admin\layout\admin_layout.php(33): CodeIgniter\View\View->include('admin/layout/header')
 6 SYSTEMPATH\View\View.php(213): include('APPPATH\\Views\\admin\\layout\\admin_layout.php')
 7 SYSTEMPATH\View\View.php(216): CodeIgniter\View\View->CodeIgniter\View\{closure}()
 8 SYSTEMPATH\View\View.php(229): CodeIgniter\View\View->render('admin/layout/admin_layout', [], true)
 9 SYSTEMPATH\Common.php(1135): CodeIgniter\View\View->render('admin/index', [], true)
10 APPPATH\Controllers\Admin.php(51): view('admin/index', [...])
11 SYSTEMPATH\CodeIgniter.php(898): App\Controllers\Admin->index()
12 SYSTEMPATH\CodeIgniter.php(468): CodeIgniter\CodeIgniter->runController(Object(App\Controllers\Admin))
13 SYSTEMPATH\CodeIgniter.php(351): CodeIgniter\CodeIgniter->handleRequest(null, Object(Config\Cache), false)
14 FCPATH\index.php(55): CodeIgniter\CodeIgniter->run()
15 SYSTEMPATH\Commands\Server\rewrite.php(43): require_once('FCPATH\\index.php')
CRITICAL - 2022-06-27 03:00:18 --> Undefined variable $base_url
in APPPATH\Views\admin\layout\header.php on line 619.
 1 APPPATH\Views\admin\layout\header.php(619): CodeIgniter\Debug\Exceptions->errorHandler(2, 'Undefined variable $base_url', 'APPPATH\\Views\\admin\\layout\\header.php', 619)
 2 SYSTEMPATH\View\View.php(213): include('APPPATH\\Views\\admin\\layout\\header.php')
 3 SYSTEMPATH\View\View.php(216): CodeIgniter\View\View->CodeIgniter\View\{closure}()
 4 SYSTEMPATH\View\View.php(429): CodeIgniter\View\View->render('admin/layout/header', null, true)
 5 APPPATH\Views\admin\layout\admin_layout.php(33): CodeIgniter\View\View->include('admin/layout/header')
 6 SYSTEMPATH\View\View.php(213): include('APPPATH\\Views\\admin\\layout\\admin_layout.php')
 7 SYSTEMPATH\View\View.php(216): CodeIgniter\View\View->CodeIgniter\View\{closure}()
 8 SYSTEMPATH\View\View.php(229): CodeIgniter\View\View->render('admin/layout/admin_layout', [], true)
 9 SYSTEMPATH\Common.php(1135): CodeIgniter\View\View->render('admin/index', [], true)
10 APPPATH\Controllers\Admin.php(51): view('admin/index', [...])
11 SYSTEMPATH\CodeIgniter.php(898): App\Controllers\Admin->index()
12 SYSTEMPATH\CodeIgniter.php(468): CodeIgniter\CodeIgniter->runController(Object(App\Controllers\Admin))
13 SYSTEMPATH\CodeIgniter.php(351): CodeIgniter\CodeIgniter->handleRequest(null, Object(Config\Cache), false)
14 FCPATH\index.php(55): CodeIgniter\CodeIgniter->run()
15 SYSTEMPATH\Commands\Server\rewrite.php(43): require_once('FCPATH\\index.php')
CRITICAL - 2022-06-27 22:24:10 --> Undefined variable $user
in APPPATH\Views\admin\profile.php on line 236.
 1 APPPATH\Views\admin\profile.php(236): CodeIgniter\Debug\Exceptions->errorHandler(2, 'Undefined variable $user', 'APPPATH\\Views\\admin\\profile.php', 236)
 2 SYSTEMPATH\View\View.php(213): include('APPPATH\\Views\\admin\\profile.php')
 3 SYSTEMPATH\View\View.php(216): CodeIgniter\View\View->CodeIgniter\View\{closure}()
 4 SYSTEMPATH\Common.php(1135): CodeIgniter\View\View->render('admin/profile', [], true)
 5 APPPATH\Controllers\Admin.php(73): view('admin/profile', [...])
 6 SYSTEMPATH\CodeIgniter.php(898): App\Controllers\Admin->profile()
 7 SYSTEMPATH\CodeIgniter.php(468): CodeIgniter\CodeIgniter->runController(Object(App\Controllers\Admin))
 8 SYSTEMPATH\CodeIgniter.php(351): CodeIgniter\CodeIgniter->handleRequest(null, Object(Config\Cache), false)
 9 FCPATH\index.php(55): CodeIgniter\CodeIgniter->run()
10 SYSTEMPATH\Commands\Server\rewrite.php(43): require_once('FCPATH\\index.php')
