CRITICAL - 2022-12-13 10:03:00 --> Class "App\Models\Returnd_Detail_Model" not found
in APPPATH\Controllers\Return_.php on line 24.
 1 SYSTEMPATH\CodeIgniter.php(860): App\Controllers\Return_->__construct()
 2 SYSTEMPATH\CodeIgniter.php(459): CodeIgniter\CodeIgniter->createController()
 3 SYSTEMPATH\CodeIgniter.php(351): CodeIgniter\CodeIgniter->handleRequest(null, Object(Config\Cache), false)
 4 FCPATH\index.php(55): CodeIgniter\CodeIgniter->run()
 5 SYSTEMPATH\Commands\Server\rewrite.php(43): require_once('FCPATH\\index.php')
CRITICAL - 2022-12-13 10:03:08 --> Class "App\Models\Returnd_Detail_Model" not found
in APPPATH\Controllers\Return_.php on line 24.
 1 SYSTEMPATH\CodeIgniter.php(860): App\Controllers\Return_->__construct()
 2 SYSTEMPATH\CodeIgniter.php(459): CodeIgniter\CodeIgniter->createController()
 3 SYSTEMPATH\CodeIgniter.php(351): CodeIgniter\CodeIgniter->handleRequest(null, Object(Config\Cache), false)
 4 FCPATH\index.php(55): CodeIgniter\CodeIgniter->run()
 5 SYSTEMPATH\Commands\Server\rewrite.php(43): require_once('FCPATH\\index.php')
CRITICAL - 2022-12-13 10:03:12 --> Class "App\Models\Returnd_Detail_Model" not found
in APPPATH\Controllers\Return_.php on line 24.
 1 SYSTEMPATH\CodeIgniter.php(860): App\Controllers\Return_->__construct()
 2 SYSTEMPATH\CodeIgniter.php(459): CodeIgniter\CodeIgniter->createController()
 3 SYSTEMPATH\CodeIgniter.php(351): CodeIgniter\CodeIgniter->handleRequest(null, Object(Config\Cache), false)
 4 FCPATH\index.php(55): CodeIgniter\CodeIgniter->run()
 5 SYSTEMPATH\Commands\Server\rewrite.php(43): require_once('FCPATH\\index.php')
CRITICAL - 2022-12-13 10:04:19 --> Class "App\Models\Returnd_Detail_Model" not found
in APPPATH\Controllers\Return_.php on line 24.
 1 SYSTEMPATH\CodeIgniter.php(860): App\Controllers\Return_->__construct()
 2 SYSTEMPATH\CodeIgniter.php(459): CodeIgniter\CodeIgniter->createController()
 3 SYSTEMPATH\CodeIgniter.php(351): CodeIgniter\CodeIgniter->handleRequest(null, Object(Config\Cache), false)
 4 FCPATH\index.php(55): CodeIgniter\CodeIgniter->run()
 5 SYSTEMPATH\Commands\Server\rewrite.php(43): require_once('FCPATH\\index.php')
ERROR - 2022-12-13 10:05:26 --> Not unique table/alias: 'return_mstr'
ERROR - 2022-12-13 10:09:54 --> Table 'joki_kurniawaty_rev1.sup_mstr' doesn't exist
ERROR - 2022-12-13 10:09:59 --> Table 'joki_kurniawaty_rev1.sup_mstr' doesn't exist
CRITICAL - 2022-12-13 10:12:45 --> Class "App\Models\Returnd_Detail_Model" not found
in APPPATH\Controllers\Return_.php on line 24.
 1 SYSTEMPATH\CodeIgniter.php(860): App\Controllers\Return_->__construct()
 2 SYSTEMPATH\CodeIgniter.php(459): CodeIgniter\CodeIgniter->createController()
 3 SYSTEMPATH\CodeIgniter.php(351): CodeIgniter\CodeIgniter->handleRequest(null, Object(Config\Cache), false)
 4 FCPATH\index.php(55): CodeIgniter\CodeIgniter->run()
 5 SYSTEMPATH\Commands\Server\rewrite.php(43): require_once('FCPATH\\index.php')
ERROR - 2022-12-13 10:13:15 --> Unknown column 'returnd_po' in 'where clause'
ERROR - 2022-12-13 10:13:54 --> Unknown column 'returnd_po' in 'where clause'
ERROR - 2022-12-13 10:13:55 --> Unknown column 'returnd_po' in 'where clause'
ERROR - 2022-12-13 11:11:28 --> Unknown column 'pod_return' in 'where clause'
ERROR - 2022-12-13 11:25:58 --> Not unique table/alias: 'measure_mstr'
ERROR - 2022-12-13 11:29:38 --> Not unique table/alias: 'measure_mstr'
