CRITICAL - 2022-08-22 01:05:02 --> Undefined array key "user_level"
in APPPATH\Views\admin\layout\sidebar.php on line 44.
 1 APPPATH\Views\admin\layout\sidebar.php(44): CodeIgniter\Debug\Exceptions->errorHandler(2, 'Undefined array key "user_level"', 'APPPATH\\Views\\admin\\layout\\sidebar.php', 44)
 2 SYSTEMPATH\View\View.php(213): include('APPPATH\\Views\\admin\\layout\\sidebar.php')
 3 SYSTEMPATH\View\View.php(216): CodeIgniter\View\View->CodeIgniter\View\{closure}()
 4 SYSTEMPATH\View\View.php(429): CodeIgniter\View\View->render('admin/layout/sidebar', null, true)
 5 APPPATH\Views\admin\layout\admin_layout.php(68): CodeIgniter\View\View->include('admin/layout/sidebar')
 6 SYSTEMPATH\View\View.php(213): include('APPPATH\\Views\\admin\\layout\\admin_layout.php')
 7 SYSTEMPATH\View\View.php(216): CodeIgniter\View\View->CodeIgniter\View\{closure}()
 8 SYSTEMPATH\View\View.php(229): CodeIgniter\View\View->render('admin/layout/admin_layout', [], true)
 9 SYSTEMPATH\Common.php(1135): CodeIgniter\View\View->render('admin/index', [], true)
10 APPPATH\Controllers\Admin.php(55): view('admin/index', [...])
11 SYSTEMPATH\CodeIgniter.php(898): App\Controllers\Admin->index()
12 SYSTEMPATH\CodeIgniter.php(468): CodeIgniter\CodeIgniter->runController(Object(App\Controllers\Admin))
13 SYSTEMPATH\CodeIgniter.php(351): CodeIgniter\CodeIgniter->handleRequest(null, Object(Config\Cache), false)
14 FCPATH\index.php(55): CodeIgniter\CodeIgniter->run()
15 SYSTEMPATH\Commands\Server\rewrite.php(43): require_once('FCPATH\\index.php')
ERROR - 2022-08-22 13:23:37 --> Unknown column 'user_branch_code' in 'where clause'
ERROR - 2022-08-22 13:23:49 --> Unknown column 'user_branch_code' in 'where clause'
CRITICAL - 2022-08-22 01:31:02 --> Undefined array key "user_branch_code"
in APPPATH\Views\admin\user.php on line 257.
 1 APPPATH\Views\admin\user.php(257): CodeIgniter\Debug\Exceptions->errorHandler(2, 'Undefined array key "user_branch_code"', 'APPPATH\\Views\\admin\\user.php', 257)
 2 SYSTEMPATH\View\View.php(213): include('APPPATH\\Views\\admin\\user.php')
 3 SYSTEMPATH\View\View.php(216): CodeIgniter\View\View->CodeIgniter\View\{closure}()
 4 SYSTEMPATH\Common.php(1135): CodeIgniter\View\View->render('admin/user', [], true)
 5 APPPATH\Controllers\Admin.php(219): view('admin/user', [...])
 6 SYSTEMPATH\CodeIgniter.php(898): App\Controllers\Admin->produksi()
 7 SYSTEMPATH\CodeIgniter.php(468): CodeIgniter\CodeIgniter->runController(Object(App\Controllers\Admin))
 8 SYSTEMPATH\CodeIgniter.php(351): CodeIgniter\CodeIgniter->handleRequest(null, Object(Config\Cache), false)
 9 FCPATH\index.php(55): CodeIgniter\CodeIgniter->run()
10 SYSTEMPATH\Commands\Server\rewrite.php(43): require_once('FCPATH\\index.php')
CRITICAL - 2022-08-22 01:33:25 --> Undefined array key "user_branch_code"
in APPPATH\Views\admin\user.php on line 255.
 1 APPPATH\Views\admin\user.php(255): CodeIgniter\Debug\Exceptions->errorHandler(2, 'Undefined array key "user_branch_code"', 'APPPATH\\Views\\admin\\user.php', 255)
 2 SYSTEMPATH\View\View.php(213): include('APPPATH\\Views\\admin\\user.php')
 3 SYSTEMPATH\View\View.php(216): CodeIgniter\View\View->CodeIgniter\View\{closure}()
 4 SYSTEMPATH\Common.php(1135): CodeIgniter\View\View->render('admin/user', [], true)
 5 APPPATH\Controllers\Admin.php(219): view('admin/user', [...])
 6 SYSTEMPATH\CodeIgniter.php(898): App\Controllers\Admin->produksi()
 7 SYSTEMPATH\CodeIgniter.php(468): CodeIgniter\CodeIgniter->runController(Object(App\Controllers\Admin))
 8 SYSTEMPATH\CodeIgniter.php(351): CodeIgniter\CodeIgniter->handleRequest(null, Object(Config\Cache), false)
 9 FCPATH\index.php(55): CodeIgniter\CodeIgniter->run()
10 SYSTEMPATH\Commands\Server\rewrite.php(43): require_once('FCPATH\\index.php')
CRITICAL - 2022-08-22 01:47:13 --> Invalid file: admin/suplier.php
in SYSTEMPATH\Exceptions\FrameworkException.php on line 33.
 1 SYSTEMPATH\View\View.php(201): CodeIgniter\Exceptions\FrameworkException::forInvalidFile('admin/suplier.php')
 2 SYSTEMPATH\Common.php(1135): CodeIgniter\View\View->render('admin/suplier', [], true)
 3 APPPATH\Controllers\Admin.php(252): view('admin/suplier', [...])
 4 SYSTEMPATH\CodeIgniter.php(898): App\Controllers\Admin->suplier()
 5 SYSTEMPATH\CodeIgniter.php(468): CodeIgniter\CodeIgniter->runController(Object(App\Controllers\Admin))
 6 SYSTEMPATH\CodeIgniter.php(351): CodeIgniter\CodeIgniter->handleRequest(null, Object(Config\Cache), false)
 7 FCPATH\index.php(55): CodeIgniter\CodeIgniter->run()
 8 SYSTEMPATH\Commands\Server\rewrite.php(43): require_once('FCPATH\\index.php')
CRITICAL - 2022-08-22 01:47:38 --> Invalid file: admin/suplier.php
in SYSTEMPATH\Exceptions\FrameworkException.php on line 33.
 1 SYSTEMPATH\View\View.php(201): CodeIgniter\Exceptions\FrameworkException::forInvalidFile('admin/suplier.php')
 2 SYSTEMPATH\Common.php(1135): CodeIgniter\View\View->render('admin/suplier', [], true)
 3 APPPATH\Controllers\Admin.php(252): view('admin/suplier', [...])
 4 SYSTEMPATH\CodeIgniter.php(898): App\Controllers\Admin->suplier()
 5 SYSTEMPATH\CodeIgniter.php(468): CodeIgniter\CodeIgniter->runController(Object(App\Controllers\Admin))
 6 SYSTEMPATH\CodeIgniter.php(351): CodeIgniter\CodeIgniter->handleRequest(null, Object(Config\Cache), false)
 7 FCPATH\index.php(55): CodeIgniter\CodeIgniter->run()
 8 SYSTEMPATH\Commands\Server\rewrite.php(43): require_once('FCPATH\\index.php')
CRITICAL - 2022-08-22 10:11:54 --> Invalid file: admin/item.php
in SYSTEMPATH\Exceptions\FrameworkException.php on line 33.
 1 SYSTEMPATH\View\View.php(201): CodeIgniter\Exceptions\FrameworkException::forInvalidFile('admin/item.php')
 2 SYSTEMPATH\Common.php(1135): CodeIgniter\View\View->render('admin/item', [], true)
 3 APPPATH\Controllers\Admin.php(78): view('admin/item', [...])
 4 SYSTEMPATH\CodeIgniter.php(898): App\Controllers\Admin->item()
 5 SYSTEMPATH\CodeIgniter.php(468): CodeIgniter\CodeIgniter->runController(Object(App\Controllers\Admin))
 6 SYSTEMPATH\CodeIgniter.php(351): CodeIgniter\CodeIgniter->handleRequest(null, Object(Config\Cache), false)
 7 FCPATH\index.php(55): CodeIgniter\CodeIgniter->run()
 8 SYSTEMPATH\Commands\Server\rewrite.php(43): require_once('FCPATH\\index.php')
CRITICAL - 2022-08-22 10:16:03 --> Class "App\Models\Itemg_Group_Model" not found
in APPPATH\Controllers\Admin.php on line 23.
 1 SYSTEMPATH\CodeIgniter.php(860): App\Controllers\Admin->__construct()
 2 SYSTEMPATH\CodeIgniter.php(459): CodeIgniter\CodeIgniter->createController()
 3 SYSTEMPATH\CodeIgniter.php(351): CodeIgniter\CodeIgniter->handleRequest(null, Object(Config\Cache), false)
 4 FCPATH\index.php(55): CodeIgniter\CodeIgniter->run()
 5 SYSTEMPATH\Commands\Server\rewrite.php(43): require_once('FCPATH\\index.php')
CRITICAL - 2022-08-22 10:16:25 --> Undefined property: App\Controllers\Admin::$itemg_group
in APPPATH\Controllers\Admin.php on line 76.
 1 APPPATH\Controllers\Admin.php(76): CodeIgniter\Debug\Exceptions->errorHandler(2, 'Undefined property: App\\Controllers\\Admin::$itemg_group', 'APPPATH\\Controllers\\Admin.php', 76)
 2 SYSTEMPATH\CodeIgniter.php(898): App\Controllers\Admin->item()
 3 SYSTEMPATH\CodeIgniter.php(468): CodeIgniter\CodeIgniter->runController(Object(App\Controllers\Admin))
 4 SYSTEMPATH\CodeIgniter.php(351): CodeIgniter\CodeIgniter->handleRequest(null, Object(Config\Cache), false)
 5 FCPATH\index.php(55): CodeIgniter\CodeIgniter->run()
 6 SYSTEMPATH\Commands\Server\rewrite.php(43): require_once('FCPATH\\index.php')
CRITICAL - 2022-08-22 10:17:18 --> Undefined variable $itemg_group_es
in APPPATH\Views\admin\item.php on line 53.
 1 APPPATH\Views\admin\item.php(53): CodeIgniter\Debug\Exceptions->errorHandler(2, 'Undefined variable $itemg_group_es', 'APPPATH\\Views\\admin\\item.php', 53)
 2 SYSTEMPATH\View\View.php(213): include('APPPATH\\Views\\admin\\item.php')
 3 SYSTEMPATH\View\View.php(216): CodeIgniter\View\View->CodeIgniter\View\{closure}()
 4 SYSTEMPATH\Common.php(1135): CodeIgniter\View\View->render('admin/item', [], true)
 5 APPPATH\Controllers\Admin.php(78): view('admin/item', [...])
 6 SYSTEMPATH\CodeIgniter.php(898): App\Controllers\Admin->item()
 7 SYSTEMPATH\CodeIgniter.php(468): CodeIgniter\CodeIgniter->runController(Object(App\Controllers\Admin))
 8 SYSTEMPATH\CodeIgniter.php(351): CodeIgniter\CodeIgniter->handleRequest(null, Object(Config\Cache), false)
 9 FCPATH\index.php(55): CodeIgniter\CodeIgniter->run()
10 SYSTEMPATH\Commands\Server\rewrite.php(43): require_once('FCPATH\\index.php')
CRITICAL - 2022-08-22 22:24:45 --> auth_produksi filter must have a matching alias defined.
in SYSTEMPATH\Filters\Filters.php on line 340.
 1 SYSTEMPATH\Filters\Filters.php(340): CodeIgniter\Filters\Exceptions\FilterException::forNoAlias('auth_produksi')
 2 SYSTEMPATH\CodeIgniter.php(433): CodeIgniter\Filters\Filters->enableFilter('auth_produksi', 'before')
 3 SYSTEMPATH\CodeIgniter.php(351): CodeIgniter\CodeIgniter->handleRequest(null, Object(Config\Cache), false)
 4 FCPATH\index.php(55): CodeIgniter\CodeIgniter->run()
 5 SYSTEMPATH\Commands\Server\rewrite.php(43): require_once('FCPATH\\index.php')
CRITICAL - 2022-08-22 22:56:00 --> Undefined array key "user_branch_code"
in APPPATH\Views\admin\pr.php on line 67.
 1 APPPATH\Views\admin\pr.php(67): CodeIgniter\Debug\Exceptions->errorHandler(2, 'Undefined array key "user_branch_code"', 'APPPATH\\Views\\admin\\pr.php', 67)
 2 SYSTEMPATH\View\View.php(213): include('APPPATH\\Views\\admin\\pr.php')
 3 SYSTEMPATH\View\View.php(216): CodeIgniter\View\View->CodeIgniter\View\{closure}()
 4 SYSTEMPATH\Common.php(1135): CodeIgniter\View\View->render('admin/pr', [], true)
 5 APPPATH\Controllers\Admin.php(166): view('admin/pr', [...])
 6 SYSTEMPATH\CodeIgniter.php(898): App\Controllers\Admin->pr()
 7 SYSTEMPATH\CodeIgniter.php(468): CodeIgniter\CodeIgniter->runController(Object(App\Controllers\Admin))
 8 SYSTEMPATH\CodeIgniter.php(351): CodeIgniter\CodeIgniter->handleRequest(null, Object(Config\Cache), false)
 9 FCPATH\index.php(55): CodeIgniter\CodeIgniter->run()
10 SYSTEMPATH\Commands\Server\rewrite.php(43): require_once('FCPATH\\index.php')
