ERROR - 2022-06-19 21:47:54 --> Table 'exaposdb2.role' doesn't exist
CRITICAL - 2022-06-19 21:47:54 --> Table 'exaposdb2.role' doesn't exist
in SYSTEMPATH\Database\MySQLi\Connection.php on line 292.
 1 SYSTEMPATH\Database\MySQLi\Connection.php(292): mysqli->query('SELECT *
FROM `user_mstr`
JOIN `role` ON `role`.`id_role` = `pengguna`.`role`
WHERE `user_name` = \'oke\'
 LIMIT 1', 0)
 2 SYSTEMPATH\Database\BaseConnection.php(678): CodeIgniter\Database\MySQLi\Connection->execute('SELECT *
FROM `user_mstr`
JOIN `role` ON `role`.`id_role` = `pengguna`.`role`
WHERE `user_name` = \'oke\'
 LIMIT 1')
 3 SYSTEMPATH\Database\BaseConnection.php(606): CodeIgniter\Database\BaseConnection->simpleQuery('SELECT *
FROM `user_mstr`
JOIN `role` ON `role`.`id_role` = `pengguna`.`role`
WHERE `user_name` = \'oke\'
 LIMIT 1')
 4 SYSTEMPATH\Database\BaseBuilder.php(1585): CodeIgniter\Database\BaseConnection->query('SELECT *
FROM `user_mstr`
JOIN `role` ON `role`.`id_role` = `pengguna`.`role`
WHERE `user_name` = :user_name:
 LIMIT 1', [...], false)
 5 SYSTEMPATH\Model.php(249): CodeIgniter\Database\BaseBuilder->get()
 6 SYSTEMPATH\BaseModel.php(622): CodeIgniter\Model->doFirst()
 7 APPPATH\Controllers\Login.php(74): CodeIgniter\BaseModel->first()
 8 SYSTEMPATH\CodeIgniter.php(898): App\Controllers\Login->auth()
 9 SYSTEMPATH\CodeIgniter.php(468): CodeIgniter\CodeIgniter->runController(Object(App\Controllers\Login))
10 SYSTEMPATH\CodeIgniter.php(351): CodeIgniter\CodeIgniter->handleRequest(null, Object(Config\Cache), false)
11 FCPATH\index.php(55): CodeIgniter\CodeIgniter->run()
12 SYSTEMPATH\Commands\Server\rewrite.php(43): require_once('FCPATH\\index.php')
CRITICAL - 2022-06-19 21:57:52 --> Call to undefined method App\Controllers\Login::respond()
in APPPATH\Controllers\Login.php on line 117.
 1 SYSTEMPATH\CodeIgniter.php(898): App\Controllers\Login->auth()
 2 SYSTEMPATH\CodeIgniter.php(468): CodeIgniter\CodeIgniter->runController(Object(App\Controllers\Login))
 3 SYSTEMPATH\CodeIgniter.php(351): CodeIgniter\CodeIgniter->handleRequest(null, Object(Config\Cache), false)
 4 FCPATH\index.php(55): CodeIgniter\CodeIgniter->run()
 5 SYSTEMPATH\Commands\Server\rewrite.php(43): require_once('FCPATH\\index.php')
CRITICAL - 2022-06-19 21:58:34 --> Call to undefined method App\Controllers\Login::respond()
in APPPATH\Controllers\Login.php on line 117.
 1 SYSTEMPATH\CodeIgniter.php(898): App\Controllers\Login->auth()
 2 SYSTEMPATH\CodeIgniter.php(468): CodeIgniter\CodeIgniter->runController(Object(App\Controllers\Login))
 3 SYSTEMPATH\CodeIgniter.php(351): CodeIgniter\CodeIgniter->handleRequest(null, Object(Config\Cache), false)
 4 FCPATH\index.php(55): CodeIgniter\CodeIgniter->run()
 5 SYSTEMPATH\Commands\Server\rewrite.php(43): require_once('FCPATH\\index.php')
CRITICAL - 2022-06-19 21:59:50 --> Call to undefined method App\Controllers\Login::respond()
in APPPATH\Controllers\Login.php on line 117.
 1 SYSTEMPATH\CodeIgniter.php(898): App\Controllers\Login->auth()
 2 SYSTEMPATH\CodeIgniter.php(468): CodeIgniter\CodeIgniter->runController(Object(App\Controllers\Login))
 3 SYSTEMPATH\CodeIgniter.php(351): CodeIgniter\CodeIgniter->handleRequest(null, Object(Config\Cache), false)
 4 FCPATH\index.php(55): CodeIgniter\CodeIgniter->run()
 5 SYSTEMPATH\Commands\Server\rewrite.php(43): require_once('FCPATH\\index.php')
CRITICAL - 2022-06-19 23:00:57 --> Undefined global variable $_SESSION
in APPPATH\Controllers\Admin.php on line 46.
 1 APPPATH\Controllers\Admin.php(46): CodeIgniter\Debug\Exceptions->errorHandler(2, 'Undefined global variable $_SESSION', 'APPPATH\\Controllers\\Admin.php', 46)
 2 SYSTEMPATH\CodeIgniter.php(898): App\Controllers\Admin->index()
 3 SYSTEMPATH\CodeIgniter.php(468): CodeIgniter\CodeIgniter->runController(Object(App\Controllers\Admin))
 4 SYSTEMPATH\CodeIgniter.php(351): CodeIgniter\CodeIgniter->handleRequest(null, Object(Config\Cache), false)
 5 FCPATH\index.php(55): CodeIgniter\CodeIgniter->run()
 6 SYSTEMPATH\Commands\Server\rewrite.php(43): require_once('FCPATH\\index.php')
CRITICAL - 2022-06-19 23:01:11 --> Undefined global variable $_SESSION
in APPPATH\Controllers\Admin.php on line 46.
 1 APPPATH\Controllers\Admin.php(46): CodeIgniter\Debug\Exceptions->errorHandler(2, 'Undefined global variable $_SESSION', 'APPPATH\\Controllers\\Admin.php', 46)
 2 SYSTEMPATH\CodeIgniter.php(898): App\Controllers\Admin->index()
 3 SYSTEMPATH\CodeIgniter.php(468): CodeIgniter\CodeIgniter->runController(Object(App\Controllers\Admin))
 4 SYSTEMPATH\CodeIgniter.php(351): CodeIgniter\CodeIgniter->handleRequest(null, Object(Config\Cache), false)
 5 FCPATH\index.php(55): CodeIgniter\CodeIgniter->run()
 6 SYSTEMPATH\Commands\Server\rewrite.php(43): require_once('FCPATH\\index.php')
CRITICAL - 2022-06-19 23:07:23 --> Undefined global variable $_SESSION
in APPPATH\Controllers\Admin.php on line 46.
 1 APPPATH\Controllers\Admin.php(46): CodeIgniter\Debug\Exceptions->errorHandler(2, 'Undefined global variable $_SESSION', 'APPPATH\\Controllers\\Admin.php', 46)
 2 SYSTEMPATH\CodeIgniter.php(898): App\Controllers\Admin->index()
 3 SYSTEMPATH\CodeIgniter.php(468): CodeIgniter\CodeIgniter->runController(Object(App\Controllers\Admin))
 4 SYSTEMPATH\CodeIgniter.php(351): CodeIgniter\CodeIgniter->handleRequest(null, Object(Config\Cache), false)
 5 FCPATH\index.php(55): CodeIgniter\CodeIgniter->run()
 6 SYSTEMPATH\Commands\Server\rewrite.php(43): require_once('FCPATH\\index.php')
CRITICAL - 2022-06-19 23:07:33 --> Undefined global variable $_SESSION
in APPPATH\Controllers\Admin.php on line 46.
 1 APPPATH\Controllers\Admin.php(46): CodeIgniter\Debug\Exceptions->errorHandler(2, 'Undefined global variable $_SESSION', 'APPPATH\\Controllers\\Admin.php', 46)
 2 SYSTEMPATH\CodeIgniter.php(898): App\Controllers\Admin->index()
 3 SYSTEMPATH\CodeIgniter.php(468): CodeIgniter\CodeIgniter->runController(Object(App\Controllers\Admin))
 4 SYSTEMPATH\CodeIgniter.php(351): CodeIgniter\CodeIgniter->handleRequest(null, Object(Config\Cache), false)
 5 FCPATH\index.php(55): CodeIgniter\CodeIgniter->run()
 6 SYSTEMPATH\Commands\Server\rewrite.php(43): require_once('FCPATH\\index.php')
CRITICAL - 2022-06-19 23:07:47 --> Undefined global variable $_SESSION
in APPPATH\Controllers\Admin.php on line 46.
 1 APPPATH\Controllers\Admin.php(46): CodeIgniter\Debug\Exceptions->errorHandler(2, 'Undefined global variable $_SESSION', 'APPPATH\\Controllers\\Admin.php', 46)
 2 SYSTEMPATH\CodeIgniter.php(898): App\Controllers\Admin->index()
 3 SYSTEMPATH\CodeIgniter.php(468): CodeIgniter\CodeIgniter->runController(Object(App\Controllers\Admin))
 4 SYSTEMPATH\CodeIgniter.php(351): CodeIgniter\CodeIgniter->handleRequest(null, Object(Config\Cache), false)
 5 FCPATH\index.php(55): CodeIgniter\CodeIgniter->run()
 6 SYSTEMPATH\Commands\Server\rewrite.php(43): require_once('FCPATH\\index.php')
CRITICAL - 2022-06-19 23:08:28 --> Undefined global variable $_SESSION
in APPPATH\Controllers\Admin.php on line 46.
 1 APPPATH\Controllers\Admin.php(46): CodeIgniter\Debug\Exceptions->errorHandler(2, 'Undefined global variable $_SESSION', 'APPPATH\\Controllers\\Admin.php', 46)
 2 SYSTEMPATH\CodeIgniter.php(898): App\Controllers\Admin->index()
 3 SYSTEMPATH\CodeIgniter.php(468): CodeIgniter\CodeIgniter->runController(Object(App\Controllers\Admin))
 4 SYSTEMPATH\CodeIgniter.php(351): CodeIgniter\CodeIgniter->handleRequest(null, Object(Config\Cache), false)
 5 FCPATH\index.php(55): CodeIgniter\CodeIgniter->run()
 6 SYSTEMPATH\Commands\Server\rewrite.php(43): require_once('FCPATH\\index.php')
CRITICAL - 2022-06-19 23:08:31 --> Undefined global variable $_SESSION
in APPPATH\Controllers\Admin.php on line 46.
 1 APPPATH\Controllers\Admin.php(46): CodeIgniter\Debug\Exceptions->errorHandler(2, 'Undefined global variable $_SESSION', 'APPPATH\\Controllers\\Admin.php', 46)
 2 SYSTEMPATH\CodeIgniter.php(898): App\Controllers\Admin->index()
 3 SYSTEMPATH\CodeIgniter.php(468): CodeIgniter\CodeIgniter->runController(Object(App\Controllers\Admin))
 4 SYSTEMPATH\CodeIgniter.php(351): CodeIgniter\CodeIgniter->handleRequest(null, Object(Config\Cache), false)
 5 FCPATH\index.php(55): CodeIgniter\CodeIgniter->run()
 6 SYSTEMPATH\Commands\Server\rewrite.php(43): require_once('FCPATH\\index.php')
CRITICAL - 2022-06-19 23:09:47 --> Undefined global variable $_SESSION
in APPPATH\Controllers\Admin.php on line 49.
 1 APPPATH\Controllers\Admin.php(49): CodeIgniter\Debug\Exceptions->errorHandler(2, 'Undefined global variable $_SESSION', 'APPPATH\\Controllers\\Admin.php', 49)
 2 SYSTEMPATH\CodeIgniter.php(898): App\Controllers\Admin->index()
 3 SYSTEMPATH\CodeIgniter.php(468): CodeIgniter\CodeIgniter->runController(Object(App\Controllers\Admin))
 4 SYSTEMPATH\CodeIgniter.php(351): CodeIgniter\CodeIgniter->handleRequest(null, Object(Config\Cache), false)
 5 FCPATH\index.php(55): CodeIgniter\CodeIgniter->run()
 6 SYSTEMPATH\Commands\Server\rewrite.php(43): require_once('FCPATH\\index.php')
CRITICAL - 2022-06-19 23:26:28 --> Undefined array key "session_remember_me"
in APPPATH\Views\login\login.php on line 69.
 1 APPPATH\Views\login\login.php(69): CodeIgniter\Debug\Exceptions->errorHandler(2, 'Undefined array key "session_remember_me"', 'APPPATH\\Views\\login\\login.php', 69)
 2 SYSTEMPATH\View\View.php(213): include('APPPATH\\Views\\login\\login.php')
 3 SYSTEMPATH\View\View.php(216): CodeIgniter\View\View->CodeIgniter\View\{closure}()
 4 SYSTEMPATH\Common.php(1135): CodeIgniter\View\View->render('login/login', [], true)
 5 APPPATH\Controllers\Login.php(54): view('login/login', [...])
 6 SYSTEMPATH\CodeIgniter.php(898): App\Controllers\Login->index()
 7 SYSTEMPATH\CodeIgniter.php(468): CodeIgniter\CodeIgniter->runController(Object(App\Controllers\Login))
 8 SYSTEMPATH\CodeIgniter.php(351): CodeIgniter\CodeIgniter->handleRequest(null, Object(Config\Cache), false)
 9 FCPATH\index.php(55): CodeIgniter\CodeIgniter->run()
10 SYSTEMPATH\Commands\Server\rewrite.php(43): require_once('FCPATH\\index.php')
