CRITICAL - 2022-07-28 09:31:20 --> Class "App\Models\Cashout_Mstr_Model" not found
in APPPATH\Controllers\Cashout.php on line 20.
 1 SYSTEMPATH\CodeIgniter.php(860): App\Controllers\Cashout->__construct()
 2 SYSTEMPATH\CodeIgniter.php(459): CodeIgniter\CodeIgniter->createController()
 3 SYSTEMPATH\CodeIgniter.php(351): CodeIgniter\CodeIgniter->handleRequest(null, Object(Config\Cache), false)
 4 FCPATH\index.php(55): CodeIgniter\CodeIgniter->run()
 5 SYSTEMPATH\Commands\Server\rewrite.php(43): require_once('FCPATH\\index.php')
ERROR - 2022-07-28 01:06:58 --> Error connecting to the database: A socket operation was attempted to an unreachable host
CRITICAL - 2022-07-28 01:06:58 --> Unable to connect to the database.
Main connection [MySQLi]: A socket operation was attempted to an unreachable host
in SYSTEMPATH\Database\BaseConnection.php on line 415.
 1 SYSTEMPATH\Database\BaseConnection.php(585): CodeIgniter\Database\BaseConnection->initialize()
 2 SYSTEMPATH\Database\BaseBuilder.php(1585): CodeIgniter\Database\BaseConnection->query('SELECT *
FROM `user_mstr`
WHERE `user_name` = :user_name:
 LIMIT 1', [...], false)
 3 SYSTEMPATH\Model.php(249): CodeIgniter\Database\BaseBuilder->get()
 4 SYSTEMPATH\BaseModel.php(622): CodeIgniter\Model->doFirst()
 5 APPPATH\Models\User_Mstr_Model.php(22): CodeIgniter\BaseModel->first()
 6 APPPATH\Helpers\jwt_helper.php(22): App\Models\User_Mstr_Model->get_User_Name('irsyadnurdin')
 7 APPPATH\Filters\Auth_JWT.php(24): validate_JWT('eyJ0eXAiOiJKV1QiLCJhbGciOiJIUzI1NiJ9.eyJ1c2VyX25hbWUiOiJpcnN5YWRudXJkaW4iLCJpYXQiOjE2NTg5NzE0MjQsImV4cCI6MTY1OTU3NjIyNH0.-hh3InizortvUkwsKihB1X9KAzOdABIWhxIguu1g_qI')
 8 SYSTEMPATH\Filters\Filters.php(173): App\Filters\Auth_JWT->before(Object(CodeIgniter\HTTP\IncomingRequest), null)
 9 SYSTEMPATH\CodeIgniter.php(442): CodeIgniter\Filters\Filters->run('user/get_user_online', 'before')
10 SYSTEMPATH\CodeIgniter.php(351): CodeIgniter\CodeIgniter->handleRequest(null, Object(Config\Cache), false)
11 FCPATH\index.php(55): CodeIgniter\CodeIgniter->run()
12 SYSTEMPATH\Commands\Server\rewrite.php(43): require_once('FCPATH\\index.php')
ERROR - 2022-07-28 01:06:58 --> Error connecting to the database: A socket operation was attempted to an unreachable host
CRITICAL - 2022-07-28 01:06:58 --> Unable to connect to the database.
Main connection [MySQLi]: A socket operation was attempted to an unreachable host
in SYSTEMPATH\Database\BaseConnection.php on line 415.
 1 SYSTEMPATH\Database\BaseConnection.php(585): CodeIgniter\Database\BaseConnection->initialize()
 2 SYSTEMPATH\Database\BaseBuilder.php(1585): CodeIgniter\Database\BaseConnection->query('SELECT *
FROM `user_mstr`
WHERE `user_name` = :user_name:
 LIMIT 1', [...], false)
 3 SYSTEMPATH\Model.php(249): CodeIgniter\Database\BaseBuilder->get()
 4 SYSTEMPATH\BaseModel.php(622): CodeIgniter\Model->doFirst()
 5 APPPATH\Models\User_Mstr_Model.php(22): CodeIgniter\BaseModel->first()
 6 APPPATH\Helpers\jwt_helper.php(22): App\Models\User_Mstr_Model->get_User_Name('irsyadnurdin')
 7 APPPATH\Filters\Auth_JWT.php(24): validate_JWT('eyJ0eXAiOiJKV1QiLCJhbGciOiJIUzI1NiJ9.eyJ1c2VyX25hbWUiOiJpcnN5YWRudXJkaW4iLCJpYXQiOjE2NTg5NzE0MjQsImV4cCI6MTY1OTU3NjIyNH0.-hh3InizortvUkwsKihB1X9KAzOdABIWhxIguu1g_qI')
 8 SYSTEMPATH\Filters\Filters.php(173): App\Filters\Auth_JWT->before(Object(CodeIgniter\HTTP\IncomingRequest), null)
 9 SYSTEMPATH\CodeIgniter.php(442): CodeIgniter\Filters\Filters->run('user/update_last_activity', 'before')
10 SYSTEMPATH\CodeIgniter.php(351): CodeIgniter\CodeIgniter->handleRequest(null, Object(Config\Cache), false)
11 FCPATH\index.php(55): CodeIgniter\CodeIgniter->run()
12 SYSTEMPATH\Commands\Server\rewrite.php(43): require_once('FCPATH\\index.php')
ERROR - 2022-07-28 01:07:00 --> Error connecting to the database: A socket operation was attempted to an unreachable host
CRITICAL - 2022-07-28 01:07:00 --> Unable to connect to the database.
Main connection [MySQLi]: A socket operation was attempted to an unreachable host
in SYSTEMPATH\Database\BaseConnection.php on line 415.
 1 SYSTEMPATH\Database\BaseConnection.php(585): CodeIgniter\Database\BaseConnection->initialize()
 2 SYSTEMPATH\Database\BaseBuilder.php(1585): CodeIgniter\Database\BaseConnection->query('SELECT *
FROM `user_mstr`
WHERE `user_name` = :user_name:
 LIMIT 1', [...], false)
 3 SYSTEMPATH\Model.php(249): CodeIgniter\Database\BaseBuilder->get()
 4 SYSTEMPATH\BaseModel.php(622): CodeIgniter\Model->doFirst()
 5 APPPATH\Models\User_Mstr_Model.php(22): CodeIgniter\BaseModel->first()
 6 APPPATH\Helpers\jwt_helper.php(22): App\Models\User_Mstr_Model->get_User_Name('irsyadnurdin')
 7 APPPATH\Filters\Auth_Admin.php(23): validate_JWT('eyJ0eXAiOiJKV1QiLCJhbGciOiJIUzI1NiJ9.eyJ1c2VyX25hbWUiOiJpcnN5YWRudXJkaW4iLCJpYXQiOjE2NTg5NzE0MjQsImV4cCI6MTY1OTU3NjIyNH0.-hh3InizortvUkwsKihB1X9KAzOdABIWhxIguu1g_qI')
 8 SYSTEMPATH\Filters\Filters.php(173): App\Filters\Auth_Admin->before(Object(CodeIgniter\HTTP\IncomingRequest), null)
 9 SYSTEMPATH\CodeIgniter.php(442): CodeIgniter\Filters\Filters->run('en/admin/sq', 'before')
10 SYSTEMPATH\CodeIgniter.php(351): CodeIgniter\CodeIgniter->handleRequest(null, Object(Config\Cache), false)
11 FCPATH\index.php(55): CodeIgniter\CodeIgniter->run()
12 SYSTEMPATH\Commands\Server\rewrite.php(43): require_once('FCPATH\\index.php')
ERROR - 2022-07-28 01:23:06 --> Error connecting to the database: A socket operation was attempted to an unreachable host
CRITICAL - 2022-07-28 01:23:06 --> Unable to connect to the database.
Main connection [MySQLi]: A socket operation was attempted to an unreachable host
in SYSTEMPATH\Database\BaseConnection.php on line 415.
 1 SYSTEMPATH\Database\BaseConnection.php(585): CodeIgniter\Database\BaseConnection->initialize()
 2 SYSTEMPATH\Database\BaseBuilder.php(1585): CodeIgniter\Database\BaseConnection->query('SELECT *
FROM `user_mstr`
WHERE `user_name` = :user_name:
 LIMIT 1', [...], false)
 3 SYSTEMPATH\Model.php(249): CodeIgniter\Database\BaseBuilder->get()
 4 SYSTEMPATH\BaseModel.php(622): CodeIgniter\Model->doFirst()
 5 APPPATH\Models\User_Mstr_Model.php(22): CodeIgniter\BaseModel->first()
 6 APPPATH\Helpers\jwt_helper.php(22): App\Models\User_Mstr_Model->get_User_Name('irsyadnurdin')
 7 APPPATH\Filters\Auth_JWT.php(24): validate_JWT('eyJ0eXAiOiJKV1QiLCJhbGciOiJIUzI1NiJ9.eyJ1c2VyX25hbWUiOiJpcnN5YWRudXJkaW4iLCJpYXQiOjE2NTg5NzE0MjQsImV4cCI6MTY1OTU3NjIyNH0.-hh3InizortvUkwsKihB1X9KAzOdABIWhxIguu1g_qI')
 8 SYSTEMPATH\Filters\Filters.php(173): App\Filters\Auth_JWT->before(Object(CodeIgniter\HTTP\IncomingRequest), null)
 9 SYSTEMPATH\CodeIgniter.php(442): CodeIgniter\Filters\Filters->run('user/get_user_online', 'before')
10 SYSTEMPATH\CodeIgniter.php(351): CodeIgniter\CodeIgniter->handleRequest(null, Object(Config\Cache), false)
11 FCPATH\index.php(55): CodeIgniter\CodeIgniter->run()
12 SYSTEMPATH\Commands\Server\rewrite.php(43): require_once('FCPATH\\index.php')
ERROR - 2022-07-28 01:23:06 --> Error connecting to the database: A socket operation was attempted to an unreachable host
CRITICAL - 2022-07-28 01:23:06 --> Unable to connect to the database.
Main connection [MySQLi]: A socket operation was attempted to an unreachable host
in SYSTEMPATH\Database\BaseConnection.php on line 415.
 1 SYSTEMPATH\Database\BaseConnection.php(585): CodeIgniter\Database\BaseConnection->initialize()
 2 SYSTEMPATH\Database\BaseBuilder.php(1585): CodeIgniter\Database\BaseConnection->query('SELECT *
FROM `user_mstr`
WHERE `user_name` = :user_name:
 LIMIT 1', [...], false)
 3 SYSTEMPATH\Model.php(249): CodeIgniter\Database\BaseBuilder->get()
 4 SYSTEMPATH\BaseModel.php(622): CodeIgniter\Model->doFirst()
 5 APPPATH\Models\User_Mstr_Model.php(22): CodeIgniter\BaseModel->first()
 6 APPPATH\Helpers\jwt_helper.php(22): App\Models\User_Mstr_Model->get_User_Name('irsyadnurdin')
 7 APPPATH\Filters\Auth_JWT.php(24): validate_JWT('eyJ0eXAiOiJKV1QiLCJhbGciOiJIUzI1NiJ9.eyJ1c2VyX25hbWUiOiJpcnN5YWRudXJkaW4iLCJpYXQiOjE2NTg5NzE0MjQsImV4cCI6MTY1OTU3NjIyNH0.-hh3InizortvUkwsKihB1X9KAzOdABIWhxIguu1g_qI')
 8 SYSTEMPATH\Filters\Filters.php(173): App\Filters\Auth_JWT->before(Object(CodeIgniter\HTTP\IncomingRequest), null)
 9 SYSTEMPATH\CodeIgniter.php(442): CodeIgniter\Filters\Filters->run('user/update_last_activity', 'before')
10 SYSTEMPATH\CodeIgniter.php(351): CodeIgniter\CodeIgniter->handleRequest(null, Object(Config\Cache), false)
11 FCPATH\index.php(55): CodeIgniter\CodeIgniter->run()
12 SYSTEMPATH\Commands\Server\rewrite.php(43): require_once('FCPATH\\index.php')
CRITICAL - 2022-07-28 22:52:54 --> syntax error, unexpected token ","
in APPPATH\Controllers\Pricelist.php on line 94.
 1 SYSTEMPATH\Autoloader\Autoloader.php(261): CodeIgniter\Autoloader\Autoloader->includeFile('APPPATH\\Controllers\\Pricelist.php')
 2 SYSTEMPATH\Autoloader\Autoloader.php(239): CodeIgniter\Autoloader\Autoloader->loadInNamespace('App\\Controllers\\Pricelist')
 3 [internal function]: CodeIgniter\Autoloader\Autoloader->loadClass('App\\Controllers\\Pricelist')
 4 SYSTEMPATH\CodeIgniter.php(848): class_exists('\\App\\Controllers\\Pricelist', true)
 5 SYSTEMPATH\CodeIgniter.php(455): CodeIgniter\CodeIgniter->startController()
 6 SYSTEMPATH\CodeIgniter.php(351): CodeIgniter\CodeIgniter->handleRequest(null, Object(Config\Cache), false)
 7 FCPATH\index.php(55): CodeIgniter\CodeIgniter->run()
 8 SYSTEMPATH\Commands\Server\rewrite.php(43): require_once('FCPATH\\index.php')
