CRITICAL - 2022-12-12 20:42:16 --> Invalid file: admin/return.php
in SYSTEMPATH\Exceptions\FrameworkException.php on line 33.
 1 SYSTEMPATH\View\View.php(201): CodeIgniter\Exceptions\FrameworkException::forInvalidFile('admin/return.php')
 2 SYSTEMPATH\Common.php(1135): CodeIgniter\View\View->render('admin/return', [], true)
 3 APPPATH\Controllers\Admin.php(174): view('admin/return', [...])
 4 SYSTEMPATH\CodeIgniter.php(898): App\Controllers\Admin->return()
 5 SYSTEMPATH\CodeIgniter.php(468): CodeIgniter\CodeIgniter->runController(Object(App\Controllers\Admin))
 6 SYSTEMPATH\CodeIgniter.php(351): CodeIgniter\CodeIgniter->handleRequest(null, Object(Config\Cache), false)
 7 FCPATH\index.php(55): CodeIgniter\CodeIgniter->run()
 8 SYSTEMPATH\Commands\Server\rewrite.php(43): require_once('FCPATH\\index.php')
ERROR - 2022-12-12 21:42:15 --> You have an error in your SQL syntax; check the manual that corresponds to your MariaDB server version for the right syntax to use near ')
ORDER BY `item_name` ASC' at line 6
CRITICAL - 2022-12-12 21:42:15 --> You have an error in your SQL syntax; check the manual that corresponds to your MariaDB server version for the right syntax to use near ')
ORDER BY `item_name` ASC' at line 6
in SYSTEMPATH\Database\MySQLi\Connection.php on line 292.
 1 SYSTEMPATH\Database\MySQLi\Connection.php(292): mysqli->query('SELECT *
FROM `item_mstr`
JOIN `item_group` ON `item_group`.`itemg_code` = `item_mstr`.`item_group`
JOIN `measure_mstr` ON `measure_mstr`.`measure_code` = `item_mstr`.`item_measure`
WHERE `item_active` = \'Y\'
AND `item_code` NOT IN ()
ORDER BY `item_name` ASC', 0)
 2 SYSTEMPATH\Database\BaseConnection.php(678): CodeIgniter\Database\MySQLi\Connection->execute('SELECT *
FROM `item_mstr`
JOIN `item_group` ON `item_group`.`itemg_code` = `item_mstr`.`item_group`
JOIN `measure_mstr` ON `measure_mstr`.`measure_code` = `item_mstr`.`item_measure`
WHERE `item_active` = \'Y\'
AND `item_code` NOT IN ()
ORDER BY `item_name` ASC')
 3 SYSTEMPATH\Database\BaseConnection.php(606): CodeIgniter\Database\BaseConnection->simpleQuery('SELECT *
FROM `item_mstr`
JOIN `item_group` ON `item_group`.`itemg_code` = `item_mstr`.`item_group`
JOIN `measure_mstr` ON `measure_mstr`.`measure_code` = `item_mstr`.`item_measure`
WHERE `item_active` = \'Y\'
AND `item_code` NOT IN ()
ORDER BY `item_name` ASC')
 4 SYSTEMPATH\Database\BaseBuilder.php(1585): CodeIgniter\Database\BaseConnection->query('SELECT *
FROM `item_mstr`
JOIN `item_group` ON `item_group`.`itemg_code` = `item_mstr`.`item_group`
JOIN `measure_mstr` ON `measure_mstr`.`measure_code` = `item_mstr`.`item_measure`
WHERE `item_active` = :item_active:
AND `item_code` NOT IN :item_code:
ORDER BY `item_name` ASC', [...], false)
 5 SYSTEMPATH\Model.php(222): CodeIgniter\Database\BaseBuilder->get()
 6 SYSTEMPATH\BaseModel.php(584): CodeIgniter\Model->doFindAll(0, 0)
 7 APPPATH\Controllers\Admin.php(232): CodeIgniter\BaseModel->findAll()
 8 SYSTEMPATH\CodeIgniter.php(898): App\Controllers\Admin->ps_add()
 9 SYSTEMPATH\CodeIgniter.php(468): CodeIgniter\CodeIgniter->runController(Object(App\Controllers\Admin))
10 SYSTEMPATH\CodeIgniter.php(351): CodeIgniter\CodeIgniter->handleRequest(null, Object(Config\Cache), false)
11 FCPATH\index.php(55): CodeIgniter\CodeIgniter->run()
12 SYSTEMPATH\Commands\Server\rewrite.php(43): require_once('FCPATH\\index.php')
ERROR - 2022-12-12 21:42:18 --> You have an error in your SQL syntax; check the manual that corresponds to your MariaDB server version for the right syntax to use near ')
ORDER BY `item_name` ASC' at line 6
CRITICAL - 2022-12-12 21:42:18 --> You have an error in your SQL syntax; check the manual that corresponds to your MariaDB server version for the right syntax to use near ')
ORDER BY `item_name` ASC' at line 6
in SYSTEMPATH\Database\MySQLi\Connection.php on line 292.
 1 SYSTEMPATH\Database\MySQLi\Connection.php(292): mysqli->query('SELECT *
FROM `item_mstr`
JOIN `item_group` ON `item_group`.`itemg_code` = `item_mstr`.`item_group`
JOIN `measure_mstr` ON `measure_mstr`.`measure_code` = `item_mstr`.`item_measure`
WHERE `item_active` = \'Y\'
AND `item_code` NOT IN ()
ORDER BY `item_name` ASC', 0)
 2 SYSTEMPATH\Database\BaseConnection.php(678): CodeIgniter\Database\MySQLi\Connection->execute('SELECT *
FROM `item_mstr`
JOIN `item_group` ON `item_group`.`itemg_code` = `item_mstr`.`item_group`
JOIN `measure_mstr` ON `measure_mstr`.`measure_code` = `item_mstr`.`item_measure`
WHERE `item_active` = \'Y\'
AND `item_code` NOT IN ()
ORDER BY `item_name` ASC')
 3 SYSTEMPATH\Database\BaseConnection.php(606): CodeIgniter\Database\BaseConnection->simpleQuery('SELECT *
FROM `item_mstr`
JOIN `item_group` ON `item_group`.`itemg_code` = `item_mstr`.`item_group`
JOIN `measure_mstr` ON `measure_mstr`.`measure_code` = `item_mstr`.`item_measure`
WHERE `item_active` = \'Y\'
AND `item_code` NOT IN ()
ORDER BY `item_name` ASC')
 4 SYSTEMPATH\Database\BaseBuilder.php(1585): CodeIgniter\Database\BaseConnection->query('SELECT *
FROM `item_mstr`
JOIN `item_group` ON `item_group`.`itemg_code` = `item_mstr`.`item_group`
JOIN `measure_mstr` ON `measure_mstr`.`measure_code` = `item_mstr`.`item_measure`
WHERE `item_active` = :item_active:
AND `item_code` NOT IN :item_code:
ORDER BY `item_name` ASC', [...], false)
 5 SYSTEMPATH\Model.php(222): CodeIgniter\Database\BaseBuilder->get()
 6 SYSTEMPATH\BaseModel.php(584): CodeIgniter\Model->doFindAll(0, 0)
 7 APPPATH\Controllers\Admin.php(232): CodeIgniter\BaseModel->findAll()
 8 SYSTEMPATH\CodeIgniter.php(898): App\Controllers\Admin->ps_add()
 9 SYSTEMPATH\CodeIgniter.php(468): CodeIgniter\CodeIgniter->runController(Object(App\Controllers\Admin))
10 SYSTEMPATH\CodeIgniter.php(351): CodeIgniter\CodeIgniter->handleRequest(null, Object(Config\Cache), false)
11 FCPATH\index.php(55): CodeIgniter\CodeIgniter->run()
12 SYSTEMPATH\Commands\Server\rewrite.php(43): require_once('FCPATH\\index.php')
ERROR - 2022-12-12 21:42:32 --> You have an error in your SQL syntax; check the manual that corresponds to your MariaDB server version for the right syntax to use near ')
ORDER BY `item_name` ASC' at line 6
CRITICAL - 2022-12-12 21:42:32 --> You have an error in your SQL syntax; check the manual that corresponds to your MariaDB server version for the right syntax to use near ')
ORDER BY `item_name` ASC' at line 6
in SYSTEMPATH\Database\MySQLi\Connection.php on line 292.
 1 SYSTEMPATH\Database\MySQLi\Connection.php(292): mysqli->query('SELECT *
FROM `item_mstr`
JOIN `item_group` ON `item_group`.`itemg_code` = `item_mstr`.`item_group`
JOIN `measure_mstr` ON `measure_mstr`.`measure_code` = `item_mstr`.`item_measure`
WHERE `item_active` = \'Y\'
AND `item_code` NOT IN ()
ORDER BY `item_name` ASC', 0)
 2 SYSTEMPATH\Database\BaseConnection.php(678): CodeIgniter\Database\MySQLi\Connection->execute('SELECT *
FROM `item_mstr`
JOIN `item_group` ON `item_group`.`itemg_code` = `item_mstr`.`item_group`
JOIN `measure_mstr` ON `measure_mstr`.`measure_code` = `item_mstr`.`item_measure`
WHERE `item_active` = \'Y\'
AND `item_code` NOT IN ()
ORDER BY `item_name` ASC')
 3 SYSTEMPATH\Database\BaseConnection.php(606): CodeIgniter\Database\BaseConnection->simpleQuery('SELECT *
FROM `item_mstr`
JOIN `item_group` ON `item_group`.`itemg_code` = `item_mstr`.`item_group`
JOIN `measure_mstr` ON `measure_mstr`.`measure_code` = `item_mstr`.`item_measure`
WHERE `item_active` = \'Y\'
AND `item_code` NOT IN ()
ORDER BY `item_name` ASC')
 4 SYSTEMPATH\Database\BaseBuilder.php(1585): CodeIgniter\Database\BaseConnection->query('SELECT *
FROM `item_mstr`
JOIN `item_group` ON `item_group`.`itemg_code` = `item_mstr`.`item_group`
JOIN `measure_mstr` ON `measure_mstr`.`measure_code` = `item_mstr`.`item_measure`
WHERE `item_active` = :item_active:
AND `item_code` NOT IN :item_code:
ORDER BY `item_name` ASC', [...], false)
 5 SYSTEMPATH\Model.php(222): CodeIgniter\Database\BaseBuilder->get()
 6 SYSTEMPATH\BaseModel.php(584): CodeIgniter\Model->doFindAll(0, 0)
 7 APPPATH\Controllers\Admin.php(232): CodeIgniter\BaseModel->findAll()
 8 SYSTEMPATH\CodeIgniter.php(898): App\Controllers\Admin->ps_add()
 9 SYSTEMPATH\CodeIgniter.php(468): CodeIgniter\CodeIgniter->runController(Object(App\Controllers\Admin))
10 SYSTEMPATH\CodeIgniter.php(351): CodeIgniter\CodeIgniter->handleRequest(null, Object(Config\Cache), false)
11 FCPATH\index.php(55): CodeIgniter\CodeIgniter->run()
12 SYSTEMPATH\Commands\Server\rewrite.php(43): require_once('FCPATH\\index.php')
ERROR - 2022-12-12 21:43:50 --> You have an error in your SQL syntax; check the manual that corresponds to your MariaDB server version for the right syntax to use near ')
ORDER BY `item_name` ASC' at line 6
CRITICAL - 2022-12-12 21:43:50 --> You have an error in your SQL syntax; check the manual that corresponds to your MariaDB server version for the right syntax to use near ')
ORDER BY `item_name` ASC' at line 6
in SYSTEMPATH\Database\MySQLi\Connection.php on line 292.
 1 SYSTEMPATH\Database\MySQLi\Connection.php(292): mysqli->query('SELECT *
FROM `item_mstr`
JOIN `item_group` ON `item_group`.`itemg_code` = `item_mstr`.`item_group`
JOIN `measure_mstr` ON `measure_mstr`.`measure_code` = `item_mstr`.`item_measure`
WHERE `item_active` = \'Y\'
AND `item_code` NOT IN ()
ORDER BY `item_name` ASC', 0)
 2 SYSTEMPATH\Database\BaseConnection.php(678): CodeIgniter\Database\MySQLi\Connection->execute('SELECT *
FROM `item_mstr`
JOIN `item_group` ON `item_group`.`itemg_code` = `item_mstr`.`item_group`
JOIN `measure_mstr` ON `measure_mstr`.`measure_code` = `item_mstr`.`item_measure`
WHERE `item_active` = \'Y\'
AND `item_code` NOT IN ()
ORDER BY `item_name` ASC')
 3 SYSTEMPATH\Database\BaseConnection.php(606): CodeIgniter\Database\BaseConnection->simpleQuery('SELECT *
FROM `item_mstr`
JOIN `item_group` ON `item_group`.`itemg_code` = `item_mstr`.`item_group`
JOIN `measure_mstr` ON `measure_mstr`.`measure_code` = `item_mstr`.`item_measure`
WHERE `item_active` = \'Y\'
AND `item_code` NOT IN ()
ORDER BY `item_name` ASC')
 4 SYSTEMPATH\Database\BaseBuilder.php(1585): CodeIgniter\Database\BaseConnection->query('SELECT *
FROM `item_mstr`
JOIN `item_group` ON `item_group`.`itemg_code` = `item_mstr`.`item_group`
JOIN `measure_mstr` ON `measure_mstr`.`measure_code` = `item_mstr`.`item_measure`
WHERE `item_active` = :item_active:
AND `item_code` NOT IN :item_code:
ORDER BY `item_name` ASC', [...], false)
 5 SYSTEMPATH\Model.php(222): CodeIgniter\Database\BaseBuilder->get()
 6 SYSTEMPATH\BaseModel.php(584): CodeIgniter\Model->doFindAll(0, 0)
 7 APPPATH\Controllers\Admin.php(234): CodeIgniter\BaseModel->findAll()
 8 SYSTEMPATH\CodeIgniter.php(898): App\Controllers\Admin->ps_add()
 9 SYSTEMPATH\CodeIgniter.php(468): CodeIgniter\CodeIgniter->runController(Object(App\Controllers\Admin))
10 SYSTEMPATH\CodeIgniter.php(351): CodeIgniter\CodeIgniter->handleRequest(null, Object(Config\Cache), false)
11 FCPATH\index.php(55): CodeIgniter\CodeIgniter->run()
12 SYSTEMPATH\Commands\Server\rewrite.php(43): require_once('FCPATH\\index.php')
ERROR - 2022-12-12 21:44:03 --> You have an error in your SQL syntax; check the manual that corresponds to your MariaDB server version for the right syntax to use near ')
ORDER BY `item_name` ASC' at line 6
CRITICAL - 2022-12-12 21:44:03 --> You have an error in your SQL syntax; check the manual that corresponds to your MariaDB server version for the right syntax to use near ')
ORDER BY `item_name` ASC' at line 6
in SYSTEMPATH\Database\MySQLi\Connection.php on line 292.
 1 SYSTEMPATH\Database\MySQLi\Connection.php(292): mysqli->query('SELECT *
FROM `item_mstr`
JOIN `item_group` ON `item_group`.`itemg_code` = `item_mstr`.`item_group`
JOIN `measure_mstr` ON `measure_mstr`.`measure_code` = `item_mstr`.`item_measure`
WHERE `item_active` = \'Y\'
AND `item_code` NOT IN ()
ORDER BY `item_name` ASC', 0)
 2 SYSTEMPATH\Database\BaseConnection.php(678): CodeIgniter\Database\MySQLi\Connection->execute('SELECT *
FROM `item_mstr`
JOIN `item_group` ON `item_group`.`itemg_code` = `item_mstr`.`item_group`
JOIN `measure_mstr` ON `measure_mstr`.`measure_code` = `item_mstr`.`item_measure`
WHERE `item_active` = \'Y\'
AND `item_code` NOT IN ()
ORDER BY `item_name` ASC')
 3 SYSTEMPATH\Database\BaseConnection.php(606): CodeIgniter\Database\BaseConnection->simpleQuery('SELECT *
FROM `item_mstr`
JOIN `item_group` ON `item_group`.`itemg_code` = `item_mstr`.`item_group`
JOIN `measure_mstr` ON `measure_mstr`.`measure_code` = `item_mstr`.`item_measure`
WHERE `item_active` = \'Y\'
AND `item_code` NOT IN ()
ORDER BY `item_name` ASC')
 4 SYSTEMPATH\Database\BaseBuilder.php(1585): CodeIgniter\Database\BaseConnection->query('SELECT *
FROM `item_mstr`
JOIN `item_group` ON `item_group`.`itemg_code` = `item_mstr`.`item_group`
JOIN `measure_mstr` ON `measure_mstr`.`measure_code` = `item_mstr`.`item_measure`
WHERE `item_active` = :item_active:
AND `item_code` NOT IN :item_code:
ORDER BY `item_name` ASC', [...], false)
 5 SYSTEMPATH\Model.php(222): CodeIgniter\Database\BaseBuilder->get()
 6 SYSTEMPATH\BaseModel.php(584): CodeIgniter\Model->doFindAll(0, 0)
 7 APPPATH\Controllers\Admin.php(234): CodeIgniter\BaseModel->findAll()
 8 SYSTEMPATH\CodeIgniter.php(898): App\Controllers\Admin->ps_add()
 9 SYSTEMPATH\CodeIgniter.php(468): CodeIgniter\CodeIgniter->runController(Object(App\Controllers\Admin))
10 SYSTEMPATH\CodeIgniter.php(351): CodeIgniter\CodeIgniter->handleRequest(null, Object(Config\Cache), false)
11 FCPATH\index.php(55): CodeIgniter\CodeIgniter->run()
12 SYSTEMPATH\Commands\Server\rewrite.php(43): require_once('FCPATH\\index.php')
ERROR - 2022-12-12 21:44:24 --> You have an error in your SQL syntax; check the manual that corresponds to your MariaDB server version for the right syntax to use near ')' at line 6
CRITICAL - 2022-12-12 21:44:24 --> You have an error in your SQL syntax; check the manual that corresponds to your MariaDB server version for the right syntax to use near ')' at line 6
in SYSTEMPATH\Database\MySQLi\Connection.php on line 292.
 1 SYSTEMPATH\Database\MySQLi\Connection.php(292): mysqli->query('SELECT *
FROM `item_mstr`
JOIN `item_group` ON `item_group`.`itemg_code` = `item_mstr`.`item_group`
JOIN `measure_mstr` ON `measure_mstr`.`measure_code` = `item_mstr`.`item_measure`
WHERE `item_active` = \'Y\'
AND `item_code` NOT IN ()', 0)
 2 SYSTEMPATH\Database\BaseConnection.php(678): CodeIgniter\Database\MySQLi\Connection->execute('SELECT *
FROM `item_mstr`
JOIN `item_group` ON `item_group`.`itemg_code` = `item_mstr`.`item_group`
JOIN `measure_mstr` ON `measure_mstr`.`measure_code` = `item_mstr`.`item_measure`
WHERE `item_active` = \'Y\'
AND `item_code` NOT IN ()')
 3 SYSTEMPATH\Database\BaseConnection.php(606): CodeIgniter\Database\BaseConnection->simpleQuery('SELECT *
FROM `item_mstr`
JOIN `item_group` ON `item_group`.`itemg_code` = `item_mstr`.`item_group`
JOIN `measure_mstr` ON `measure_mstr`.`measure_code` = `item_mstr`.`item_measure`
WHERE `item_active` = \'Y\'
AND `item_code` NOT IN ()')
 4 SYSTEMPATH\Database\BaseBuilder.php(1585): CodeIgniter\Database\BaseConnection->query('SELECT *
FROM `item_mstr`
JOIN `item_group` ON `item_group`.`itemg_code` = `item_mstr`.`item_group`
JOIN `measure_mstr` ON `measure_mstr`.`measure_code` = `item_mstr`.`item_measure`
WHERE `item_active` = :item_active:
AND `item_code` NOT IN :item_code:', [...], false)
 5 SYSTEMPATH\Model.php(222): CodeIgniter\Database\BaseBuilder->get()
 6 SYSTEMPATH\BaseModel.php(584): CodeIgniter\Model->doFindAll(0, 0)
 7 APPPATH\Controllers\Admin.php(234): CodeIgniter\BaseModel->findAll()
 8 SYSTEMPATH\CodeIgniter.php(898): App\Controllers\Admin->ps_add()
 9 SYSTEMPATH\CodeIgniter.php(468): CodeIgniter\CodeIgniter->runController(Object(App\Controllers\Admin))
10 SYSTEMPATH\CodeIgniter.php(351): CodeIgniter\CodeIgniter->handleRequest(null, Object(Config\Cache), false)
11 FCPATH\index.php(55): CodeIgniter\CodeIgniter->run()
12 SYSTEMPATH\Commands\Server\rewrite.php(43): require_once('FCPATH\\index.php')
ERROR - 2022-12-12 21:44:36 --> You have an error in your SQL syntax; check the manual that corresponds to your MariaDB server version for the right syntax to use near ')' at line 6
CRITICAL - 2022-12-12 21:44:36 --> You have an error in your SQL syntax; check the manual that corresponds to your MariaDB server version for the right syntax to use near ')' at line 6
in SYSTEMPATH\Database\MySQLi\Connection.php on line 292.
 1 SYSTEMPATH\Database\MySQLi\Connection.php(292): mysqli->query('SELECT *
FROM `item_mstr`
JOIN `item_group` ON `item_group`.`itemg_code` = `item_mstr`.`item_group`
JOIN `measure_mstr` ON `measure_mstr`.`measure_code` = `item_mstr`.`item_measure`
WHERE `item_active` = \'Y\'
AND `item_code` NOT IN ()', 0)
 2 SYSTEMPATH\Database\BaseConnection.php(678): CodeIgniter\Database\MySQLi\Connection->execute('SELECT *
FROM `item_mstr`
JOIN `item_group` ON `item_group`.`itemg_code` = `item_mstr`.`item_group`
JOIN `measure_mstr` ON `measure_mstr`.`measure_code` = `item_mstr`.`item_measure`
WHERE `item_active` = \'Y\'
AND `item_code` NOT IN ()')
 3 SYSTEMPATH\Database\BaseConnection.php(606): CodeIgniter\Database\BaseConnection->simpleQuery('SELECT *
FROM `item_mstr`
JOIN `item_group` ON `item_group`.`itemg_code` = `item_mstr`.`item_group`
JOIN `measure_mstr` ON `measure_mstr`.`measure_code` = `item_mstr`.`item_measure`
WHERE `item_active` = \'Y\'
AND `item_code` NOT IN ()')
 4 SYSTEMPATH\Database\BaseBuilder.php(1585): CodeIgniter\Database\BaseConnection->query('SELECT *
FROM `item_mstr`
JOIN `item_group` ON `item_group`.`itemg_code` = `item_mstr`.`item_group`
JOIN `measure_mstr` ON `measure_mstr`.`measure_code` = `item_mstr`.`item_measure`
WHERE `item_active` = :item_active:
AND `item_code` NOT IN :item_code:', [...], false)
 5 SYSTEMPATH\Model.php(222): CodeIgniter\Database\BaseBuilder->get()
 6 SYSTEMPATH\BaseModel.php(584): CodeIgniter\Model->doFindAll(0, 0)
 7 APPPATH\Controllers\Admin.php(234): CodeIgniter\BaseModel->findAll()
 8 SYSTEMPATH\CodeIgniter.php(898): App\Controllers\Admin->ps_add()
 9 SYSTEMPATH\CodeIgniter.php(468): CodeIgniter\CodeIgniter->runController(Object(App\Controllers\Admin))
10 SYSTEMPATH\CodeIgniter.php(351): CodeIgniter\CodeIgniter->handleRequest(null, Object(Config\Cache), false)
11 FCPATH\index.php(55): CodeIgniter\CodeIgniter->run()
12 SYSTEMPATH\Commands\Server\rewrite.php(43): require_once('FCPATH\\index.php')
ERROR - 2022-12-12 21:45:06 --> You have an error in your SQL syntax; check the manual that corresponds to your MariaDB server version for the right syntax to use near ')' at line 6
CRITICAL - 2022-12-12 21:45:06 --> You have an error in your SQL syntax; check the manual that corresponds to your MariaDB server version for the right syntax to use near ')' at line 6
in SYSTEMPATH\Database\MySQLi\Connection.php on line 292.
 1 SYSTEMPATH\Database\MySQLi\Connection.php(292): mysqli->query('SELECT *
FROM `item_mstr`
JOIN `item_group` ON `item_group`.`itemg_code` = `item_mstr`.`item_group`
JOIN `measure_mstr` ON `measure_mstr`.`measure_code` = `item_mstr`.`item_measure`
WHERE `item_active` = \'Y\'
AND `item_code` NOT IN ()', 0)
 2 SYSTEMPATH\Database\BaseConnection.php(678): CodeIgniter\Database\MySQLi\Connection->execute('SELECT *
FROM `item_mstr`
JOIN `item_group` ON `item_group`.`itemg_code` = `item_mstr`.`item_group`
JOIN `measure_mstr` ON `measure_mstr`.`measure_code` = `item_mstr`.`item_measure`
WHERE `item_active` = \'Y\'
AND `item_code` NOT IN ()')
 3 SYSTEMPATH\Database\BaseConnection.php(606): CodeIgniter\Database\BaseConnection->simpleQuery('SELECT *
FROM `item_mstr`
JOIN `item_group` ON `item_group`.`itemg_code` = `item_mstr`.`item_group`
JOIN `measure_mstr` ON `measure_mstr`.`measure_code` = `item_mstr`.`item_measure`
WHERE `item_active` = \'Y\'
AND `item_code` NOT IN ()')
 4 SYSTEMPATH\Database\BaseBuilder.php(1585): CodeIgniter\Database\BaseConnection->query('SELECT *
FROM `item_mstr`
JOIN `item_group` ON `item_group`.`itemg_code` = `item_mstr`.`item_group`
JOIN `measure_mstr` ON `measure_mstr`.`measure_code` = `item_mstr`.`item_measure`
WHERE `item_active` = :item_active:
AND `item_code` NOT IN :item_code:', [...], false)
 5 SYSTEMPATH\Model.php(222): CodeIgniter\Database\BaseBuilder->get()
 6 SYSTEMPATH\BaseModel.php(584): CodeIgniter\Model->doFindAll(0, 0)
 7 APPPATH\Controllers\Admin.php(234): CodeIgniter\BaseModel->findAll()
 8 SYSTEMPATH\CodeIgniter.php(898): App\Controllers\Admin->ps_add()
 9 SYSTEMPATH\CodeIgniter.php(468): CodeIgniter\CodeIgniter->runController(Object(App\Controllers\Admin))
10 SYSTEMPATH\CodeIgniter.php(351): CodeIgniter\CodeIgniter->handleRequest(null, Object(Config\Cache), false)
11 FCPATH\index.php(55): CodeIgniter\CodeIgniter->run()
12 SYSTEMPATH\Commands\Server\rewrite.php(43): require_once('FCPATH\\index.php')
CRITICAL - 2022-12-12 21:50:18 --> Undefined property: App\Controllers\Admin::$po_mstr
in APPPATH\Controllers\Admin.php on line 195.
 1 APPPATH\Controllers\Admin.php(195): CodeIgniter\Debug\Exceptions->errorHandler(2, 'Undefined property: App\\Controllers\\Admin::$po_mstr', 'APPPATH\\Controllers\\Admin.php', 195)
 2 SYSTEMPATH\CodeIgniter.php(898): App\Controllers\Admin->return_add()
 3 SYSTEMPATH\CodeIgniter.php(468): CodeIgniter\CodeIgniter->runController(Object(App\Controllers\Admin))
 4 SYSTEMPATH\CodeIgniter.php(351): CodeIgniter\CodeIgniter->handleRequest(null, Object(Config\Cache), false)
 5 FCPATH\index.php(55): CodeIgniter\CodeIgniter->run()
 6 SYSTEMPATH\Commands\Server\rewrite.php(43): require_once('FCPATH\\index.php')
CRITICAL - 2022-12-12 21:50:55 --> Invalid file: admin/return_add.php
in SYSTEMPATH\Exceptions\FrameworkException.php on line 33.
 1 SYSTEMPATH\View\View.php(201): CodeIgniter\Exceptions\FrameworkException::forInvalidFile('admin/return_add.php')
 2 SYSTEMPATH\Common.php(1135): CodeIgniter\View\View->render('admin/return_add', [], true)
 3 APPPATH\Controllers\Admin.php(200): view('admin/return_add', [...])
 4 SYSTEMPATH\CodeIgniter.php(898): App\Controllers\Admin->return_add()
 5 SYSTEMPATH\CodeIgniter.php(468): CodeIgniter\CodeIgniter->runController(Object(App\Controllers\Admin))
 6 SYSTEMPATH\CodeIgniter.php(351): CodeIgniter\CodeIgniter->handleRequest(null, Object(Config\Cache), false)
 7 FCPATH\index.php(55): CodeIgniter\CodeIgniter->run()
 8 SYSTEMPATH\Commands\Server\rewrite.php(43): require_once('FCPATH\\index.php')
CRITICAL - 2022-12-12 21:51:06 --> Invalid file: admin/return_add.php
in SYSTEMPATH\Exceptions\FrameworkException.php on line 33.
 1 SYSTEMPATH\View\View.php(201): CodeIgniter\Exceptions\FrameworkException::forInvalidFile('admin/return_add.php')
 2 SYSTEMPATH\Common.php(1135): CodeIgniter\View\View->render('admin/return_add', [], true)
 3 APPPATH\Controllers\Admin.php(200): view('admin/return_add', [...])
 4 SYSTEMPATH\CodeIgniter.php(898): App\Controllers\Admin->return_add()
 5 SYSTEMPATH\CodeIgniter.php(468): CodeIgniter\CodeIgniter->runController(Object(App\Controllers\Admin))
 6 SYSTEMPATH\CodeIgniter.php(351): CodeIgniter\CodeIgniter->handleRequest(null, Object(Config\Cache), false)
 7 FCPATH\index.php(55): CodeIgniter\CodeIgniter->run()
 8 SYSTEMPATH\Commands\Server\rewrite.php(43): require_once('FCPATH\\index.php')
